gyp info it worked if it ends with ok
gyp info using node-gyp@11.1.0
gyp info using node@20.19.2 | linux | x64
gyp info find Python using Python version 3.12.7 found at "/usr/bin/python3"
gyp info spawn /usr/bin/python3
gyp info spawn args [
gyp info spawn args '/usr/share/nodejs/node-gyp/gyp/gyp_main.py',
gyp info spawn args 'binding.gyp',
gyp info spawn args '-f',
gyp info spawn args 'make',
gyp info spawn args '-I',
gyp info spawn args '/home/kali/Travel-/node_modules/kerberos/build/config.gypi',
gyp info spawn args '-I',
gyp info spawn args '/usr/share/nodejs/node-gyp/addon.gypi',
gyp info spawn args '-I',
gyp info spawn args '/usr/include/nodejs/common.gypi',
gyp info spawn args '-Dlibrary=shared_library',
gyp info spawn args '-Dvisibility=default',
gyp info spawn args '-Dnode_root_dir=/usr/include/nodejs',
gyp info spawn args '-Dnode_gyp_dir=/usr/share/nodejs/node-gyp',
gyp info spawn args '-Dnode_lib_file=/usr/include/nodejs/<(target_arch)/node.lib',
gyp info spawn args '-Dmodule_root_dir=/home/kali/Travel-/node_modules/kerberos',
gyp info spawn args '-Dnode_engine=v8',
gyp info spawn args '--depth=.',
gyp info spawn args '--no-parallel',
gyp info spawn args '--generator-output',
gyp info spawn args 'build',
gyp info spawn args '-Goutput_dir=.'
gyp info spawn args ]
gyp info spawn make
gyp info spawn args [ 'BUILDTYPE=Release', '-C', 'build' ]
In file included from ../../nan/nan.h:82,
                 from ../lib/kerberos.h:9,
                 from ../lib/kerberos.cc:1:
../../nan/nan_new.h: In function ‘v8::Local<T> NanIntern::To(v8::Handle<v8::Integer>) [with T = v8::Integer; v8::Handle<v8::Integer> = v8::Local<v8::Integer>]’:
../../nan/nan_new.h:29:65: error: no matching function for call to ‘v8::Integer::ToInteger()’
   29 | To<v8::Integer>(v8::Handle<v8::Integer> i) { return i->ToInteger(); }
      |                                                     ~~~~~~~~~~~~^~
In file included from /usr/include/nodejs/deps/v8/include/v8-primitive.h:11,
                 from /usr/include/nodejs/deps/v8/include/v8-object.h:11,
                 from /usr/include/nodejs/deps/v8/include/v8-array-buffer.h:13,
                 from /usr/include/nodejs/deps/v8/include/v8.h:24,
                 from /usr/include/nodejs/src/node.h:73,
                 from ../lib/kerberos.h:4:
/usr/include/nodejs/deps/v8/include/v8-value.h:389:45: note: candidate: ‘v8::MaybeLocal<v8::Integer> v8::Value::ToInteger(v8::Local<v8::Context>) const’
  389 |   V8_WARN_UNUSED_RESULT MaybeLocal<Integer> ToInteger(
      |                                             ^~~~~~~~~
/usr/include/nodejs/deps/v8/include/v8-value.h:389:45: note:   candidate expects 1 argument, 0 provided
../../nan/nan_new.h: In function ‘v8::Local<T> NanIntern::To(v8::Handle<v8::Integer>) [with T = v8::Int32; v8::Handle<v8::Integer> = v8::Local<v8::Integer>]’:
../../nan/nan_new.h:34:63: error: no matching function for call to ‘v8::Integer::ToInt32()’
   34 | To<v8::Int32>(v8::Handle<v8::Integer> i)   { return i->ToInt32(); }
      |                                                     ~~~~~~~~~~^~
/usr/include/nodejs/deps/v8/include/v8-value.h:403:43: note: candidate: ‘v8::MaybeLocal<v8::Int32> v8::Value::ToInt32(v8::Local<v8::Context>) const’
  403 |   V8_WARN_UNUSED_RESULT MaybeLocal<Int32> ToInt32(Local<Context> context) const;
      |                                           ^~~~~~~
/usr/include/nodejs/deps/v8/include/v8-value.h:403:43: note:   candidate expects 1 argument, 0 provided
../../nan/nan_new.h: In function ‘v8::Local<T> NanIntern::To(v8::Handle<v8::Integer>) [with T = v8::Uint32; v8::Handle<v8::Integer> = v8::Local<v8::Integer>]’:
../../nan/nan_new.h:39:64: error: no matching function for call to ‘v8::Integer::ToUint32()’
   39 | To<v8::Uint32>(v8::Handle<v8::Integer> i)  { return i->ToUint32(); }
      |                                                     ~~~~~~~~~~~^~
/usr/include/nodejs/deps/v8/include/v8-value.h:396:44: note: candidate: ‘v8::MaybeLocal<v8::Uint32> v8::Value::ToUint32(v8::Local<v8::Context>) const’
  396 |   V8_WARN_UNUSED_RESULT MaybeLocal<Uint32> ToUint32(
      |                                            ^~~~~~~~
/usr/include/nodejs/deps/v8/include/v8-value.h:396:44: note:   candidate expects 1 argument, 0 provided
In file included from ../../nan/nan_new.h:189:
../../nan/nan_implementation_12_inl.h: In static member function ‘static NanIntern::FactoryBase<v8::BooleanObject>::return_t NanIntern::Factory<v8::BooleanObject>::New(bool)’:
../../nan/nan_implementation_12_inl.h:49:32: error: no matching function for call to ‘v8::BooleanObject::New(bool&)’
   49 |   return v8::BooleanObject::New(value).As<v8::BooleanObject>();
      |          ~~~~~~~~~~~~~~~~~~~~~~^~~~~~~
In file included from /usr/include/nodejs/deps/v8/include/v8.h:47:
/usr/include/nodejs/deps/v8/include/v8-primitive-object.h:61:23: note: candidate: ‘static v8::Local<v8::Value> v8::BooleanObject::New(v8::Isolate*, bool)’
   61 |   static Local<Value> New(Isolate* isolate, bool value);
      |                       ^~~
/usr/include/nodejs/deps/v8/include/v8-primitive-object.h:61:23: note:   candidate expects 2 arguments, 1 provided
../../nan/nan_implementation_12_inl.h:49:60: error: expected primary-expression before ‘>’ token
   49 |   return v8::BooleanObject::New(value).As<v8::BooleanObject>();
      |                                                            ^
../../nan/nan_implementation_12_inl.h:49:62: error: expected primary-expression before ‘)’ token
   49 |   return v8::BooleanObject::New(value).As<v8::BooleanObject>();
      |                                                              ^
../../nan/nan_implementation_12_inl.h: In static member function ‘static NanIntern::FactoryBase<v8::Date>::return_t NanIntern::Factory<v8::Date>::New(double)’:
../../nan/nan_implementation_12_inl.h:65:47: error: cannot convert ‘v8::Isolate*’ to ‘v8::Local<v8::Context>’
   65 |   return v8::Date::New(v8::Isolate::GetCurrent(), value).As<v8::Date>();
      |                        ~~~~~~~~~~~~~~~~~~~~~~~^~
      |                                               |
      |                                               v8::Isolate*
In file included from /usr/include/nodejs/deps/v8/include/v8.h:28:
/usr/include/nodejs/deps/v8/include/v8-date.h:21:69: note:   initializing argument 1 of ‘static v8::MaybeLocal<v8::Value> v8::Date::New(v8::Local<v8::Context>, double)’
   21 |   static V8_WARN_UNUSED_RESULT MaybeLocal<Value> New(Local<Context> context,
      |                                                      ~~~~~~~~~~~~~~~^~~~~~~
../../nan/nan_implementation_12_inl.h:65:69: error: expected primary-expression before ‘>’ token
   65 |   return v8::Date::New(v8::Isolate::GetCurrent(), value).As<v8::Date>();
      |                                                                     ^
../../nan/nan_implementation_12_inl.h:65:71: error: expected primary-expression before ‘)’ token
   65 |   return v8::Date::New(v8::Isolate::GetCurrent(), value).As<v8::Date>();
      |                                                                       ^
../../nan/nan_implementation_12_inl.h: In static member function ‘static NanIntern::FactoryBase<v8::Function>::return_t NanIntern::Factory<v8::Function>::New(NanFunctionCallback, v8::Handle<v8::Value>)’:
../../nan/nan_implementation_12_inl.h:80:52: error: cannot convert ‘v8::Isolate*’ to ‘v8::Local<v8::Context>’
   80 |   return v8::Function::New( v8::Isolate::GetCurrent()
      |                             ~~~~~~~~~~~~~~~~~~~~~~~^~
      |                                                    |
      |                                                    v8::Isolate*
In file included from /usr/include/nodejs/deps/v8/include/v8.h:33:
/usr/include/nodejs/deps/v8/include/v8-function.h:33:22: note:   initializing argument 1 of ‘static v8::MaybeLocal<v8::Function> v8::Function::New(v8::Local<v8::Context>, v8::FunctionCallback, v8::Local<v8::Value>, int, v8::ConstructorBehavior, v8::SideEffectType)’
   33 |       Local<Context> context, FunctionCallback callback,
      |       ~~~~~~~~~~~~~~~^~~~~~~
../../nan/nan_implementation_12_inl.h: In static member function ‘static NanIntern::FactoryBase<v8::RegExp>::return_t NanIntern::Factory<v8::RegExp>::New(v8::Handle<v8::String>, v8::RegExp::Flags)’:
../../nan/nan_implementation_12_inl.h:158:25: error: no matching function for call to ‘v8::RegExp::New(v8::Handle<v8::String>&, v8::RegExp::Flags&)’
  158 |   return v8::RegExp::New(pattern, flags);
      |          ~~~~~~~~~~~~~~~^~~~~~~~~~~~~~~~
In file included from /usr/include/nodejs/deps/v8/include/v8.h:51:
/usr/include/nodejs/deps/v8/include/v8-regexp.h:55:51: note: candidate: ‘static v8::MaybeLocal<v8::RegExp> v8::RegExp::New(v8::Local<v8::Context>, v8::Local<v8::String>, Flags)’
   55 |   static V8_WARN_UNUSED_RESULT MaybeLocal<RegExp> New(Local<Context> context,
      |                                                   ^~~
/usr/include/nodejs/deps/v8/include/v8-regexp.h:55:51: note:   candidate expects 3 arguments, 2 provided
../../nan/nan_implementation_12_inl.h: In static member function ‘static NanIntern::FactoryBase<v8::Script>::return_t NanIntern::Factory<v8::Script>::New(v8::Local<v8::String>)’:
../../nan/nan_implementation_12_inl.h:166:37: error: no matching function for call to ‘v8::ScriptCompiler::Compile(v8::Isolate*, v8::ScriptCompiler::Source*)’
  166 |   return v8::ScriptCompiler::Compile(v8::Isolate::GetCurrent(), &src);
      |          ~~~~~~~~~~~~~~~~~~~~~~~~~~~^~~~~~~~~~~~~~~~~~~~~~~~~~~~~~~~~
In file included from /usr/include/nodejs/deps/v8/include/v8-debug.h:10,
                 from /usr/include/nodejs/deps/v8/include/v8.h:29:
/usr/include/nodejs/deps/v8/include/v8-script.h:633:51: note: candidate: ‘static v8::MaybeLocal<v8::Script> v8::ScriptCompiler::Compile(v8::Local<v8::Context>, Source*, CompileOptions, NoCacheReason)’
  633 |   static V8_WARN_UNUSED_RESULT MaybeLocal<Script> Compile(
      |                                                   ^~~~~~~
/usr/include/nodejs/deps/v8/include/v8-script.h:634:22: note:   no known conversion for argument 1 from ‘v8::Isolate*’ to ‘v8::Local<v8::Context>’
  634 |       Local<Context> context, Source* source,
      |       ~~~~~~~~~~~~~~~^~~~~~~
/usr/include/nodejs/deps/v8/include/v8-script.h:664:51: note: candidate: ‘static v8::MaybeLocal<v8::Script> v8::ScriptCompiler::Compile(v8::Local<v8::Context>, StreamedSource*, v8::Local<v8::String>, const v8::ScriptOrigin&)’
  664 |   static V8_WARN_UNUSED_RESULT MaybeLocal<Script> Compile(
      |                                                   ^~~~~~~
/usr/include/nodejs/deps/v8/include/v8-script.h:664:51: note:   candidate expects 4 arguments, 2 provided
../../nan/nan_implementation_12_inl.h: In static member function ‘static NanIntern::FactoryBase<v8::Script>::return_t NanIntern::Factory<v8::Script>::New(v8::Local<v8::String>, const v8::ScriptOrigin&)’:
../../nan/nan_implementation_12_inl.h:173:37: error: no matching function for call to ‘v8::ScriptCompiler::Compile(v8::Isolate*, v8::ScriptCompiler::Source*)’
  173 |   return v8::ScriptCompiler::Compile(v8::Isolate::GetCurrent(), &src);
      |          ~~~~~~~~~~~~~~~~~~~~~~~~~~~^~~~~~~~~~~~~~~~~~~~~~~~~~~~~~~~~
/usr/include/nodejs/deps/v8/include/v8-script.h:633:51: note: candidate: ‘static v8::MaybeLocal<v8::Script> v8::ScriptCompiler::Compile(v8::Local<v8::Context>, Source*, CompileOptions, NoCacheReason)’
  633 |   static V8_WARN_UNUSED_RESULT MaybeLocal<Script> Compile(
      |                                                   ^~~~~~~
/usr/include/nodejs/deps/v8/include/v8-script.h:634:22: note:   no known conversion for argument 1 from ‘v8::Isolate*’ to ‘v8::Local<v8::Context>’
  634 |       Local<Context> context, Source* source,
      |       ~~~~~~~~~~~~~~~^~~~~~~
/usr/include/nodejs/deps/v8/include/v8-script.h:664:51: note: candidate: ‘static v8::MaybeLocal<v8::Script> v8::ScriptCompiler::Compile(v8::Local<v8::Context>, StreamedSource*, v8::Local<v8::String>, const v8::ScriptOrigin&)’
  664 |   static V8_WARN_UNUSED_RESULT MaybeLocal<Script> Compile(
      |                                                   ^~~~~~~
/usr/include/nodejs/deps/v8/include/v8-script.h:664:51: note:   candidate expects 4 arguments, 2 provided
../../nan/nan_implementation_12_inl.h: In static member function ‘static NanIntern::FactoryBase<v8::String>::return_t NanIntern::Factory<v8::String>::New(const char*, int)’:
../../nan/nan_implementation_12_inl.h:193:19: error: ‘kNormalString’ is not a member of ‘v8::String’
  193 |       v8::String::kNormalString, length);
      |                   ^~~~~~~~~~~~~
../../nan/nan_implementation_12_inl.h: In static member function ‘static NanIntern::FactoryBase<v8::String>::return_t NanIntern::Factory<v8::String>::New(const std::string&)’:
../../nan/nan_implementation_12_inl.h:200:33: error: ‘kNormalString’ is not a member of ‘v8::String’
  200 |       value.data(), v8::String::kNormalString, static_cast<int>(value.size()));
      |                                 ^~~~~~~~~~~~~
../../nan/nan_implementation_12_inl.h: In static member function ‘static NanIntern::FactoryBase<v8::String>::return_t NanIntern::Factory<v8::String>::New(const uint8_t*, int)’:
../../nan/nan_implementation_12_inl.h:206:21: error: ‘kNormalString’ is not a member of ‘v8::String’
  206 |         v8::String::kNormalString, length);
      |                     ^~~~~~~~~~~~~
../../nan/nan_implementation_12_inl.h: In static member function ‘static NanIntern::FactoryBase<v8::String>::return_t NanIntern::Factory<v8::String>::New(const uint16_t*, int)’:
../../nan/nan_implementation_12_inl.h:212:21: error: ‘kNormalString’ is not a member of ‘v8::String’
  212 |         v8::String::kNormalString, length);
      |                     ^~~~~~~~~~~~~
../../nan/nan_implementation_12_inl.h: In static member function ‘static NanIntern::FactoryBase<v8::String>::return_t NanIntern::Factory<v8::String>::New(v8::String::ExternalStringResource*)’:
../../nan/nan_implementation_12_inl.h:217:22: error: ‘NewExternal’ is not a member of ‘v8::String’
  217 |   return v8::String::NewExternal(v8::Isolate::GetCurrent(), value);
      |                      ^~~~~~~~~~~
../../nan/nan_implementation_12_inl.h: In static member function ‘static NanIntern::FactoryBase<v8::String>::return_t NanIntern::Factory<v8::String>::New(NanExternalOneByteStringResource*)’:
../../nan/nan_implementation_12_inl.h:222:22: error: ‘NewExternal’ is not a member of ‘v8::String’
  222 |   return v8::String::NewExternal(v8::Isolate::GetCurrent(), value);
      |                      ^~~~~~~~~~~
../../nan/nan_implementation_12_inl.h: In static member function ‘static NanIntern::FactoryBase<v8::StringObject>::return_t NanIntern::Factory<v8::StringObject>::New(v8::Handle<v8::String>)’:
../../nan/nan_implementation_12_inl.h:229:31: error: no matching function for call to ‘v8::StringObject::New(v8::Handle<v8::String>&)’
  229 |   return v8::StringObject::New(value).As<v8::StringObject>();
      |          ~~~~~~~~~~~~~~~~~~~~~^~~~~~~
/usr/include/nodejs/deps/v8/include/v8-primitive-object.h:81:23: note: candidate: ‘static v8::Local<v8::Value> v8::StringObject::New(v8::Isolate*, v8::Local<v8::String>)’
   81 |   static Local<Value> New(Isolate* isolate, Local<String> value);
      |                       ^~~
/usr/include/nodejs/deps/v8/include/v8-primitive-object.h:81:23: note:   candidate expects 2 arguments, 1 provided
../../nan/nan_implementation_12_inl.h:229:58: error: expected primary-expression before ‘>’ token
  229 |   return v8::StringObject::New(value).As<v8::StringObject>();
      |                                                          ^
../../nan/nan_implementation_12_inl.h:229:60: error: expected primary-expression before ‘)’ token
  229 |   return v8::StringObject::New(value).As<v8::StringObject>();
      |                                                            ^
../../nan/nan_implementation_12_inl.h: In static member function ‘static NanIntern::FactoryBase<v8::UnboundScript>::return_t NanIntern::Factory<v8::UnboundScript>::New(v8::Local<v8::String>)’:
../../nan/nan_implementation_12_inl.h:237:30: error: ‘CompileUnbound’ is not a member of ‘v8::ScriptCompiler’
  237 |   return v8::ScriptCompiler::CompileUnbound(v8::Isolate::GetCurrent(), &src);
      |                              ^~~~~~~~~~~~~~
../../nan/nan_implementation_12_inl.h: In static member function ‘static NanIntern::FactoryBase<v8::UnboundScript>::return_t NanIntern::Factory<v8::UnboundScript>::New(v8::Local<v8::String>, const v8::ScriptOrigin&)’:
../../nan/nan_implementation_12_inl.h:244:30: error: ‘CompileUnbound’ is not a member of ‘v8::ScriptCompiler’
  244 |   return v8::ScriptCompiler::CompileUnbound(v8::Isolate::GetCurrent(), &src);
      |                              ^~~~~~~~~~~~~~
../../nan/nan.h: In function ‘bool NanBooleanOptionValue(v8::Local<v8::Object>, v8::Handle<v8::String>, bool)’:
../../nan/nan.h:224:26: error: no matching function for call to ‘v8::Object::Has(v8::Handle<v8::String>&)’
  224 |       || !optionsObj->Has(opt)
      |           ~~~~~~~~~~~~~~~^~~~~
/usr/include/nodejs/deps/v8/include/v8-object.h:327:37: note: candidate: ‘v8::Maybe<bool> v8::Object::Has(v8::Local<v8::Context>, v8::Local<v8::Value>)’
  327 |   V8_WARN_UNUSED_RESULT Maybe<bool> Has(Local<Context> context,
      |                                     ^~~
/usr/include/nodejs/deps/v8/include/v8-object.h:327:37: note:   candidate expects 2 arguments, 1 provided
/usr/include/nodejs/deps/v8/include/v8-object.h:333:37: note: candidate: ‘v8::Maybe<bool> v8::Object::Has(v8::Local<v8::Context>, uint32_t)’
  333 |   V8_WARN_UNUSED_RESULT Maybe<bool> Has(Local<Context> context, uint32_t index);
      |                                     ^~~
/usr/include/nodejs/deps/v8/include/v8-object.h:333:37: note:   candidate expects 2 arguments, 1 provided
../../nan/nan.h:225:25: error: no matching function for call to ‘v8::Object::Get(v8::Handle<v8::String>&)’
  225 |       || optionsObj->Get(opt)->BooleanValue();
      |          ~~~~~~~~~~~~~~~^~~~~
/usr/include/nodejs/deps/v8/include/v8-object.h:292:43: note: candidate: ‘v8::MaybeLocal<v8::Value> v8::Object::Get(v8::Local<v8::Context>, v8::Local<v8::Value>)’
  292 |   V8_WARN_UNUSED_RESULT MaybeLocal<Value> Get(Local<Context> context,
      |                                           ^~~
/usr/include/nodejs/deps/v8/include/v8-object.h:292:43: note:   candidate expects 2 arguments, 1 provided
/usr/include/nodejs/deps/v8/include/v8-object.h:295:43: note: candidate: ‘v8::MaybeLocal<v8::Value> v8::Object::Get(v8::Local<v8::Context>, uint32_t)’
  295 |   V8_WARN_UNUSED_RESULT MaybeLocal<Value> Get(Local<Context> context,
      |                                           ^~~
/usr/include/nodejs/deps/v8/include/v8-object.h:295:43: note:   candidate expects 2 arguments, 1 provided
../../nan/nan.h:228:25: error: no matching function for call to ‘v8::Object::Has(v8::Handle<v8::String>&)’
  228 |       && optionsObj->Has(opt)
      |          ~~~~~~~~~~~~~~~^~~~~
/usr/include/nodejs/deps/v8/include/v8-object.h:327:37: note: candidate: ‘v8::Maybe<bool> v8::Object::Has(v8::Local<v8::Context>, v8::Local<v8::Value>)’
  327 |   V8_WARN_UNUSED_RESULT Maybe<bool> Has(Local<Context> context,
      |                                     ^~~
/usr/include/nodejs/deps/v8/include/v8-object.h:327:37: note:   candidate expects 2 arguments, 1 provided
/usr/include/nodejs/deps/v8/include/v8-object.h:333:37: note: candidate: ‘v8::Maybe<bool> v8::Object::Has(v8::Local<v8::Context>, uint32_t)’
  333 |   V8_WARN_UNUSED_RESULT Maybe<bool> Has(Local<Context> context, uint32_t index);
      |                                     ^~~
/usr/include/nodejs/deps/v8/include/v8-object.h:333:37: note:   candidate expects 2 arguments, 1 provided
../../nan/nan.h:229:25: error: no matching function for call to ‘v8::Object::Get(v8::Handle<v8::String>&)’
  229 |       && optionsObj->Get(opt)->BooleanValue();
      |          ~~~~~~~~~~~~~~~^~~~~
/usr/include/nodejs/deps/v8/include/v8-object.h:292:43: note: candidate: ‘v8::MaybeLocal<v8::Value> v8::Object::Get(v8::Local<v8::Context>, v8::Local<v8::Value>)’
  292 |   V8_WARN_UNUSED_RESULT MaybeLocal<Value> Get(Local<Context> context,
      |                                           ^~~
/usr/include/nodejs/deps/v8/include/v8-object.h:292:43: note:   candidate expects 2 arguments, 1 provided
/usr/include/nodejs/deps/v8/include/v8-object.h:295:43: note: candidate: ‘v8::MaybeLocal<v8::Value> v8::Object::Get(v8::Local<v8::Context>, uint32_t)’
  295 |   V8_WARN_UNUSED_RESULT MaybeLocal<Value> Get(Local<Context> context,
      |                                           ^~~
/usr/include/nodejs/deps/v8/include/v8-object.h:295:43: note:   candidate expects 2 arguments, 1 provided
../../nan/nan.h: In function ‘uint32_t NanUInt32OptionValue(v8::Local<v8::Object>, v8::Handle<v8::String>, uint32_t)’:
../../nan/nan.h:246:23: error: no matching function for call to ‘v8::Object::Has(v8::Handle<v8::String>&)’
  246 |     && optionsObj->Has(opt)
      |        ~~~~~~~~~~~~~~~^~~~~
/usr/include/nodejs/deps/v8/include/v8-object.h:327:37: note: candidate: ‘v8::Maybe<bool> v8::Object::Has(v8::Local<v8::Context>, v8::Local<v8::Value>)’
  327 |   V8_WARN_UNUSED_RESULT Maybe<bool> Has(Local<Context> context,
      |                                     ^~~
/usr/include/nodejs/deps/v8/include/v8-object.h:327:37: note:   candidate expects 2 arguments, 1 provided
/usr/include/nodejs/deps/v8/include/v8-object.h:333:37: note: candidate: ‘v8::Maybe<bool> v8::Object::Has(v8::Local<v8::Context>, uint32_t)’
  333 |   V8_WARN_UNUSED_RESULT Maybe<bool> Has(Local<Context> context, uint32_t index);
      |                                     ^~~
/usr/include/nodejs/deps/v8/include/v8-object.h:333:37: note:   candidate expects 2 arguments, 1 provided
../../nan/nan.h:247:23: error: no matching function for call to ‘v8::Object::Get(v8::Handle<v8::String>&)’
  247 |     && optionsObj->Get(opt)->IsNumber()
      |        ~~~~~~~~~~~~~~~^~~~~
/usr/include/nodejs/deps/v8/include/v8-object.h:292:43: note: candidate: ‘v8::MaybeLocal<v8::Value> v8::Object::Get(v8::Local<v8::Context>, v8::Local<v8::Value>)’
  292 |   V8_WARN_UNUSED_RESULT MaybeLocal<Value> Get(Local<Context> context,
      |                                           ^~~
/usr/include/nodejs/deps/v8/include/v8-object.h:292:43: note:   candidate expects 2 arguments, 1 provided
/usr/include/nodejs/deps/v8/include/v8-object.h:295:43: note: candidate: ‘v8::MaybeLocal<v8::Value> v8::Object::Get(v8::Local<v8::Context>, uint32_t)’
  295 |   V8_WARN_UNUSED_RESULT MaybeLocal<Value> Get(Local<Context> context,
      |                                           ^~~
/usr/include/nodejs/deps/v8/include/v8-object.h:295:43: note:   candidate expects 2 arguments, 1 provided
../../nan/nan.h:248:24: error: no matching function for call to ‘v8::Object::Get(v8::Handle<v8::String>&)’
  248 |       ? optionsObj->Get(opt)->Uint32Value()
      |         ~~~~~~~~~~~~~~~^~~~~
/usr/include/nodejs/deps/v8/include/v8-object.h:292:43: note: candidate: ‘v8::MaybeLocal<v8::Value> v8::Object::Get(v8::Local<v8::Context>, v8::Local<v8::Value>)’
  292 |   V8_WARN_UNUSED_RESULT MaybeLocal<Value> Get(Local<Context> context,
      |                                           ^~~
/usr/include/nodejs/deps/v8/include/v8-object.h:292:43: note:   candidate expects 2 arguments, 1 provided
/usr/include/nodejs/deps/v8/include/v8-object.h:295:43: note: candidate: ‘v8::MaybeLocal<v8::Value> v8::Object::Get(v8::Local<v8::Context>, uint32_t)’
  295 |   V8_WARN_UNUSED_RESULT MaybeLocal<Value> Get(Local<Context> context,
      |                                           ^~~
/usr/include/nodejs/deps/v8/include/v8-object.h:295:43: note:   candidate expects 2 arguments, 1 provided
../../nan/nan.h: At global scope:
../../nan/nan.h:261:25: error: redefinition of ‘template<class T> v8::Local<T> _NanEnsureLocal(v8::Local<T>)’
  261 | NAN_INLINE v8::Local<T> _NanEnsureLocal(v8::Local<T> val) {
      |                         ^~~~~~~~~~~~~~~
../../nan/nan.h:256:25: note: ‘template<class T> v8::Local<T> _NanEnsureLocal(v8::Handle<T>)’ previously declared here
  256 | NAN_INLINE v8::Local<T> _NanEnsureLocal(v8::Handle<T> val) {
      |                         ^~~~~~~~~~~~~~~
../../nan/nan.h: In function ‘bool NanIdleNotification(int)’:
../../nan/nan.h:289:39: error: ‘class v8::Isolate’ has no member named ‘IdleNotification’; did you mean ‘IdleNotificationDeadline’?
  289 |     return v8::Isolate::GetCurrent()->IdleNotification(idle_time_in_ms);
      |                                       ^~~~~~~~~~~~~~~~
      |                                       IdleNotificationDeadline
../../nan/nan.h: At global scope:
../../nan/nan.h:472:19: error: variable or field ‘NanAddGCEpilogueCallback’ declared void
  472 |   NAN_INLINE void NanAddGCEpilogueCallback(
      |                   ^~~~~~~~~~~~~~~~~~~~~~~~
../../nan/nan.h:473:20: error: ‘GCEpilogueCallback’ is not a member of ‘v8::Isolate’
  473 |       v8::Isolate::GCEpilogueCallback callback
      |                    ^~~~~~~~~~~~~~~~~~
../../nan/nan.h:474:18: error: expected primary-expression before ‘gc_type_filter’
  474 |     , v8::GCType gc_type_filter = v8::kGCTypeAll) {
      |                  ^~~~~~~~~~~~~~
../../nan/nan.h:478:19: error: variable or field ‘NanRemoveGCEpilogueCallback’ declared void
  478 |   NAN_INLINE void NanRemoveGCEpilogueCallback(
      |                   ^~~~~~~~~~~~~~~~~~~~~~~~~~~
../../nan/nan.h:479:20: error: ‘GCEpilogueCallback’ is not a member of ‘v8::Isolate’
  479 |       v8::Isolate::GCEpilogueCallback callback) {
      |                    ^~~~~~~~~~~~~~~~~~
../../nan/nan.h:483:19: error: variable or field ‘NanAddGCPrologueCallback’ declared void
  483 |   NAN_INLINE void NanAddGCPrologueCallback(
      |                   ^~~~~~~~~~~~~~~~~~~~~~~~
../../nan/nan.h:484:20: error: ‘GCPrologueCallback’ is not a member of ‘v8::Isolate’
  484 |       v8::Isolate::GCPrologueCallback callback
      |                    ^~~~~~~~~~~~~~~~~~
../../nan/nan.h:485:18: error: expected primary-expression before ‘gc_type_filter’
  485 |     , v8::GCType gc_type_filter = v8::kGCTypeAll) {
      |                  ^~~~~~~~~~~~~~
../../nan/nan.h:489:19: error: variable or field ‘NanRemoveGCPrologueCallback’ declared void
  489 |   NAN_INLINE void NanRemoveGCPrologueCallback(
      |                   ^~~~~~~~~~~~~~~~~~~~~~~~~~~
../../nan/nan.h:490:20: error: ‘GCPrologueCallback’ is not a member of ‘v8::Isolate’
  490 |       v8::Isolate::GCPrologueCallback callback) {
      |                    ^~~~~~~~~~~~~~~~~~
../../nan/nan.h:569:15: error: ‘WeakCallbackData’ in namespace ‘v8’ does not name a template type; did you mean ‘WeakCallbackType’?
  569 |     const v8::WeakCallbackData<T, _NanWeakCallbackInfo<T, P> > &data) {
      |               ^~~~~~~~~~~~~~~~
      |               WeakCallbackType
../../nan/nan.h:569:31: error: expected ‘,’ or ‘...’ before ‘<’ token
  569 |     const v8::WeakCallbackData<T, _NanWeakCallbackInfo<T, P> > &data) {
      |                               ^
../../nan/nan.h: In function ‘void _NanWeakCallbackDispatcher(int)’:
../../nan/nan.h:570:42: error: ‘data’ was not declared in this scope; did you mean ‘std::data’?
  570 |       _NanWeakCallbackInfo<T, P> *info = data.GetParameter();
      |                                          ^~~~
      |                                          std::data
In file included from /usr/include/c++/14/vector:69,
                 from /usr/include/nodejs/deps/v8/include/v8-context.h:10,
                 from /usr/include/nodejs/deps/v8/include/v8.h:26:
/usr/include/c++/14/bits/range_access.h:344:5: note: ‘std::data’ declared here
  344 |     data(initializer_list<_Tp> __il) noexcept
      |     ^~~~
../../nan/nan.h: In function ‘v8::Local<v8::Value> NanError(const char*, int)’:
../../nan/nan.h:625:13: error: no matching function for call to ‘v8::Object::Set(NanIntern::FactoryBase<v8::String>::return_t, NanIntern::IntegerFactory<v8::Integer>::return_t)’
  625 |     obj->Set(NanNew<v8::String>("code"), NanNew<v8::Integer>(errorNumber));
      |     ~~~~~~~~^~~~~~~~~~~~~~~~~~~~~~~~~~~~~~~~~~~~~~~~~~~~~~~~~~~~~~~~~~~~~~
/usr/include/nodejs/deps/v8/include/v8-object.h:246:37: note: candidate: ‘v8::Maybe<bool> v8::Object::Set(v8::Local<v8::Context>, v8::Local<v8::Value>, v8::Local<v8::Value>)’
  246 |   V8_WARN_UNUSED_RESULT Maybe<bool> Set(Local<Context> context,
      |                                     ^~~
/usr/include/nodejs/deps/v8/include/v8-object.h:246:37: note:   candidate expects 3 arguments, 2 provided
/usr/include/nodejs/deps/v8/include/v8-object.h:249:37: note: candidate: ‘v8::Maybe<bool> v8::Object::Set(v8::Local<v8::Context>, uint32_t, v8::Local<v8::Value>)’
  249 |   V8_WARN_UNUSED_RESULT Maybe<bool> Set(Local<Context> context, uint32_t index,
      |                                     ^~~
/usr/include/nodejs/deps/v8/include/v8-object.h:249:37: note:   candidate expects 3 arguments, 2 provided
../../nan/nan.h: At global scope:
../../nan/nan.h:661:13: error: ‘node::smalloc’ has not been declared
  661 |     , node::smalloc::FreeCallback callback
      |             ^~~~~~~
../../nan/nan.h:661:35: error: expected ‘,’ or ‘...’ before ‘callback’
  661 |     , node::smalloc::FreeCallback callback
      |                                   ^~~~~~~~
../../nan/nan.h: In function ‘v8::Local<v8::Object> NanNewBufferHandle(char*, size_t, int)’:
../../nan/nan.h:665:50: error: ‘callback’ was not declared in this scope; did you mean ‘calloc’?
  665 |         v8::Isolate::GetCurrent(), data, length, callback, hint);
      |                                                  ^~~~~~~~
      |                                                  calloc
../../nan/nan.h:665:60: error: ‘hint’ was not declared in this scope; did you mean ‘uint’?
  665 |         v8::Isolate::GetCurrent(), data, length, callback, hint);
      |                                                            ^~~~
      |                                                            uint
../../nan/nan.h: In function ‘v8::Local<v8::Object> NanNewBufferHandle(const char*, uint32_t)’:
../../nan/nan.h:672:57: error: invalid conversion from ‘const char*’ to ‘char*’ [-fpermissive]
  672 |     return node::Buffer::New(v8::Isolate::GetCurrent(), data, size);
      |                                                         ^~~~
      |                                                         |
      |                                                         const char*
In file included from ../../nan/nan.h:25:
/usr/include/nodejs/src/node_buffer.h:65:50: note:   initializing argument 2 of ‘v8::MaybeLocal<v8::Object> node::Buffer::New(v8::Isolate*, char*, size_t)’
   65 |                                            char* data,
      |                                            ~~~~~~^~~~
../../nan/nan.h:672:29: error: could not convert ‘node::Buffer::New(v8::Isolate::GetCurrent(), ((char*)data), ((size_t)size))’ from ‘v8::MaybeLocal<v8::Object>’ to ‘v8::Local<v8::Object>’
  672 |     return node::Buffer::New(v8::Isolate::GetCurrent(), data, size);
      |            ~~~~~~~~~~~~~~~~~^~~~~~~~~~~~~~~~~~~~~~~~~~~~~~~~~~~~~~~
      |                             |
      |                             v8::MaybeLocal<v8::Object>
../../nan/nan.h: In function ‘v8::Local<v8::Object> NanNewBufferHandle(uint32_t)’:
../../nan/nan.h:676:29: error: could not convert ‘node::Buffer::New(v8::Isolate::GetCurrent(), ((size_t)size))’ from ‘v8::MaybeLocal<v8::Object>’ to ‘v8::Local<v8::Object>’
  676 |     return node::Buffer::New(v8::Isolate::GetCurrent(), size);
      |            ~~~~~~~~~~~~~~~~~^~~~~~~~~~~~~~~~~~~~~~~~~~~~~~~~~
      |                             |
      |                             v8::MaybeLocal<v8::Object>
../../nan/nan.h: In function ‘v8::Local<v8::Object> NanBufferUse(char*, uint32_t)’:
../../nan/nan.h:683:26: error: ‘Use’ is not a member of ‘node::Buffer’
  683 |     return node::Buffer::Use(v8::Isolate::GetCurrent(), data, size);
      |                          ^~~
../../nan/nan.h: In function ‘v8::Local<v8::Script> NanCompileScript(v8::Local<v8::String>, const v8::ScriptOrigin&)’:
../../nan/nan.h:710:39: error: no matching function for call to ‘v8::ScriptCompiler::Compile(v8::Isolate*, v8::ScriptCompiler::Source*)’
  710 |     return v8::ScriptCompiler::Compile(v8::Isolate::GetCurrent(), &source);
      |            ~~~~~~~~~~~~~~~~~~~~~~~~~~~^~~~~~~~~~~~~~~~~~~~~~~~~~~~~~~~~~~~
/usr/include/nodejs/deps/v8/include/v8-script.h:633:51: note: candidate: ‘static v8::MaybeLocal<v8::Script> v8::ScriptCompiler::Compile(v8::Local<v8::Context>, Source*, CompileOptions, NoCacheReason)’
  633 |   static V8_WARN_UNUSED_RESULT MaybeLocal<Script> Compile(
      |                                                   ^~~~~~~
/usr/include/nodejs/deps/v8/include/v8-script.h:634:22: note:   no known conversion for argument 1 from ‘v8::Isolate*’ to ‘v8::Local<v8::Context>’
  634 |       Local<Context> context, Source* source,
      |       ~~~~~~~~~~~~~~~^~~~~~~
/usr/include/nodejs/deps/v8/include/v8-script.h:664:51: note: candidate: ‘static v8::MaybeLocal<v8::Script> v8::ScriptCompiler::Compile(v8::Local<v8::Context>, StreamedSource*, v8::Local<v8::String>, const v8::ScriptOrigin&)’
  664 |   static V8_WARN_UNUSED_RESULT MaybeLocal<Script> Compile(
      |                                                   ^~~~~~~
/usr/include/nodejs/deps/v8/include/v8-script.h:664:51: note:   candidate expects 4 arguments, 2 provided
../../nan/nan.h: In function ‘v8::Local<v8::Script> NanCompileScript(v8::Local<v8::String>)’:
../../nan/nan.h:717:39: error: no matching function for call to ‘v8::ScriptCompiler::Compile(v8::Isolate*, v8::ScriptCompiler::Source*)’
  717 |     return v8::ScriptCompiler::Compile(v8::Isolate::GetCurrent(), &source);
      |            ~~~~~~~~~~~~~~~~~~~~~~~~~~~^~~~~~~~~~~~~~~~~~~~~~~~~~~~~~~~~~~~
/usr/include/nodejs/deps/v8/include/v8-script.h:633:51: note: candidate: ‘static v8::MaybeLocal<v8::Script> v8::ScriptCompiler::Compile(v8::Local<v8::Context>, Source*, CompileOptions, NoCacheReason)’
  633 |   static V8_WARN_UNUSED_RESULT MaybeLocal<Script> Compile(
      |                                                   ^~~~~~~
/usr/include/nodejs/deps/v8/include/v8-script.h:634:22: note:   no known conversion for argument 1 from ‘v8::Isolate*’ to ‘v8::Local<v8::Context>’
  634 |       Local<Context> context, Source* source,
      |       ~~~~~~~~~~~~~~~^~~~~~~
/usr/include/nodejs/deps/v8/include/v8-script.h:664:51: note: candidate: ‘static v8::MaybeLocal<v8::Script> v8::ScriptCompiler::Compile(v8::Local<v8::Context>, StreamedSource*, v8::Local<v8::String>, const v8::ScriptOrigin&)’
  664 |   static V8_WARN_UNUSED_RESULT MaybeLocal<Script> Compile(
      |                                                   ^~~~~~~
/usr/include/nodejs/deps/v8/include/v8-script.h:664:51: note:   candidate expects 4 arguments, 2 provided
../../nan/nan.h: In function ‘v8::Local<v8::Value> NanRunScript(v8::Handle<v8::UnboundScript>)’:
../../nan/nan.h:723:47: error: no matching function for call to ‘v8::Script::Run()’
  723 |     return script->BindToCurrentContext()->Run();
      |            ~~~~~~~~~~~~~~~~~~~~~~~~~~~~~~~~~~~^~
/usr/include/nodejs/deps/v8/include/v8-script.h:336:43: note: candidate: ‘v8::MaybeLocal<v8::Value> v8::Script::Run(v8::Local<v8::Context>)’
  336 |   V8_WARN_UNUSED_RESULT MaybeLocal<Value> Run(Local<Context> context);
      |                                           ^~~
/usr/include/nodejs/deps/v8/include/v8-script.h:336:43: note:   candidate expects 1 argument, 0 provided
/usr/include/nodejs/deps/v8/include/v8-script.h:337:43: note: candidate: ‘v8::MaybeLocal<v8::Value> v8::Script::Run(v8::Local<v8::Context>, v8::Local<v8::Data>)’
  337 |   V8_WARN_UNUSED_RESULT MaybeLocal<Value> Run(Local<Context> context,
      |                                           ^~~
/usr/include/nodejs/deps/v8/include/v8-script.h:337:43: note:   candidate expects 2 arguments, 0 provided
../../nan/nan.h: In function ‘v8::Local<v8::Value> NanRunScript(v8::Handle<v8::Script>)’:
../../nan/nan.h:729:23: error: no matching function for call to ‘v8::Script::Run()’
  729 |     return script->Run();
      |            ~~~~~~~~~~~^~
/usr/include/nodejs/deps/v8/include/v8-script.h:336:43: note: candidate: ‘v8::MaybeLocal<v8::Value> v8::Script::Run(v8::Local<v8::Context>)’
  336 |   V8_WARN_UNUSED_RESULT MaybeLocal<Value> Run(Local<Context> context);
      |                                           ^~~
/usr/include/nodejs/deps/v8/include/v8-script.h:336:43: note:   candidate expects 1 argument, 0 provided
/usr/include/nodejs/deps/v8/include/v8-script.h:337:43: note: candidate: ‘v8::MaybeLocal<v8::Value> v8::Script::Run(v8::Local<v8::Context>, v8::Local<v8::Data>)’
  337 |   V8_WARN_UNUSED_RESULT MaybeLocal<Value> Run(Local<Context> context,
      |                                           ^~~
/usr/include/nodejs/deps/v8/include/v8-script.h:337:43: note:   candidate expects 2 arguments, 0 provided
../../nan/nan.h: In function ‘v8::Local<v8::Value> NanMakeCallback(v8::Handle<v8::Object>, v8::Handle<v8::Function>, int, v8::Handle<v8::Value>*)’:
../../nan/nan.h:737:37: warning: ‘v8::Local<v8::Value> node::MakeCallback(v8::Isolate*, v8::Local<v8::Object>, v8::Local<v8::Function>, int, v8::Local<v8::Value>*)’ is deprecated: Use MakeCallback(..., async_context) [-Wdeprecated-declarations]
  737 |     return NanNew(node::MakeCallback(
      |                   ~~~~~~~~~~~~~~~~~~^
  738 |         v8::Isolate::GetCurrent(), target, func, argc, argv));
      |         ~~~~~~~~~~~~~~~~~~~~~~~~~~~~~~~~~~~~~~~~~~~~~~~~~~~~
/usr/include/nodejs/src/node.h:199:50: note: declared here
  199 |                 NODE_EXTERN v8::Local<v8::Value> MakeCallback(
      |                                                  ^~~~~~~~~~~~
/usr/include/nodejs/src/node.h:116:42: note: in definition of macro ‘NODE_DEPRECATED’
  116 |     __attribute__((deprecated(message))) declarator
      |                                          ^~~~~~~~~~
../../nan/nan.h: In function ‘v8::Local<v8::Value> NanMakeCallback(v8::Handle<v8::Object>, v8::Handle<v8::String>, int, v8::Handle<v8::Value>*)’:
../../nan/nan.h:746:37: warning: ‘v8::Local<v8::Value> node::MakeCallback(v8::Isolate*, v8::Local<v8::Object>, v8::Local<v8::String>, int, v8::Local<v8::Value>*)’ is deprecated: Use MakeCallback(..., async_context) [-Wdeprecated-declarations]
  746 |     return NanNew(node::MakeCallback(
      |                   ~~~~~~~~~~~~~~~~~~^
  747 |         v8::Isolate::GetCurrent(), target, symbol, argc, argv));
      |         ~~~~~~~~~~~~~~~~~~~~~~~~~~~~~~~~~~~~~~~~~~~~~~~~~~~~~~
/usr/include/nodejs/src/node.h:192:50: note: declared here
  192 |                 NODE_EXTERN v8::Local<v8::Value> MakeCallback(
      |                                                  ^~~~~~~~~~~~
/usr/include/nodejs/src/node.h:116:42: note: in definition of macro ‘NODE_DEPRECATED’
  116 |     __attribute__((deprecated(message))) declarator
      |                                          ^~~~~~~~~~
../../nan/nan.h: In function ‘v8::Local<v8::Value> NanMakeCallback(v8::Handle<v8::Object>, const char*, int, v8::Handle<v8::Value>*)’:
../../nan/nan.h:755:37: warning: ‘v8::Local<v8::Value> node::MakeCallback(v8::Isolate*, v8::Local<v8::Object>, const char*, int, v8::Local<v8::Value>*)’ is deprecated: Use MakeCallback(..., async_context) [-Wdeprecated-declarations]
  755 |     return NanNew(node::MakeCallback(
      |                   ~~~~~~~~~~~~~~~~~~^
  756 |         v8::Isolate::GetCurrent(), target, method, argc, argv));
      |         ~~~~~~~~~~~~~~~~~~~~~~~~~~~~~~~~~~~~~~~~~~~~~~~~~~~~~~
/usr/include/nodejs/src/node.h:185:50: note: declared here
  185 |                 NODE_EXTERN v8::Local<v8::Value> MakeCallback(
      |                                                  ^~~~~~~~~~~~
/usr/include/nodejs/src/node.h:116:42: note: in definition of macro ‘NODE_DEPRECATED’
  116 |     __attribute__((deprecated(message))) declarator
      |                                          ^~~~~~~~~~
../../nan/nan.h: In constructor ‘NanAsciiString::NanAsciiString(v8::Handle<v8::Value>)’:
../../nan/nan.h:777:51: error: no matching function for call to ‘v8::Value::ToString()’
  777 |       v8::Local<v8::String> toStr = from->ToString();
      |                                     ~~~~~~~~~~~~~~^~
/usr/include/nodejs/deps/v8/include/v8-value.h:370:44: note: candidate: ‘v8::MaybeLocal<v8::String> v8::Value::ToString(v8::Local<v8::Context>) const’
  370 |   V8_WARN_UNUSED_RESULT MaybeLocal<String> ToString(
      |                                            ^~~~~~~~
/usr/include/nodejs/deps/v8/include/v8-value.h:370:44: note:   candidate expects 1 argument, 0 provided
../../nan/nan.h:780:33: error: no matching function for call to ‘v8::String::WriteOneByte(unsigned char*)’
  780 |       size = toStr->WriteOneByte(reinterpret_cast<unsigned char*>(buf));
      |              ~~~~~~~~~~~~~~~~~~~^~~~~~~~~~~~~~~~~~~~~~~~~~~~~~~~~~~~~~~
/usr/include/nodejs/deps/v8/include/v8-primitive.h:200:7: note: candidate: ‘int v8::String::WriteOneByte(v8::Isolate*, uint8_t*, int, int, int) const’
  200 |   int WriteOneByte(Isolate* isolate, uint8_t* buffer, int start = 0,
      |       ^~~~~~~~~~~~
/usr/include/nodejs/deps/v8/include/v8-primitive.h:200:7: note:   candidate expects 5 arguments, 1 provided
../../nan/nan.h: In constructor ‘NanUtf8String::NanUtf8String(v8::Handle<v8::Value>)’:
../../nan/nan.h:811:51: error: no matching function for call to ‘v8::Value::ToString()’
  811 |       v8::Local<v8::String> toStr = from->ToString();
      |                                     ~~~~~~~~~~~~~~^~
/usr/include/nodejs/deps/v8/include/v8-value.h:370:44: note: candidate: ‘v8::MaybeLocal<v8::String> v8::Value::ToString(v8::Local<v8::Context>) const’
  370 |   V8_WARN_UNUSED_RESULT MaybeLocal<String> ToString(
      |                                            ^~~~~~~~
/usr/include/nodejs/deps/v8/include/v8-value.h:370:44: note:   candidate expects 1 argument, 0 provided
../../nan/nan.h:812:31: error: no matching function for call to ‘v8::String::Utf8Length()’
  812 |       size = toStr->Utf8Length();
      |              ~~~~~~~~~~~~~~~~~^~
/usr/include/nodejs/deps/v8/include/v8-primitive.h:143:7: note: candidate: ‘int v8::String::Utf8Length(v8::Isolate*) const’
  143 |   int Utf8Length(Isolate* isolate) const;
      |       ^~~~~~~~~~
/usr/include/nodejs/deps/v8/include/v8-primitive.h:143:7: note:   candidate expects 1 argument, 0 provided
../../nan/nan.h:814:23: error: no matching function for call to ‘v8::String::WriteUtf8(char*&)’
  814 |       toStr->WriteUtf8(buf);
      |       ~~~~~~~~~~~~~~~~^~~~~
/usr/include/nodejs/deps/v8/include/v8-primitive.h:203:7: note: candidate: ‘int v8::String::WriteUtf8(v8::Isolate*, char*, int, int*, int) const’
  203 |   int WriteUtf8(Isolate* isolate, char* buffer, int length = -1,
      |       ^~~~~~~~~
/usr/include/nodejs/deps/v8/include/v8-primitive.h:203:7: note:   candidate expects 5 arguments, 1 provided
../../nan/nan.h: In constructor ‘NanUcs2String::NanUcs2String(v8::Handle<v8::Value>)’:
../../nan/nan.h:844:51: error: no matching function for call to ‘v8::Value::ToString()’
  844 |       v8::Local<v8::String> toStr = from->ToString();
      |                                     ~~~~~~~~~~~~~~^~
/usr/include/nodejs/deps/v8/include/v8-value.h:370:44: note: candidate: ‘v8::MaybeLocal<v8::String> v8::Value::ToString(v8::Local<v8::Context>) const’
  370 |   V8_WARN_UNUSED_RESULT MaybeLocal<String> ToString(
      |                                            ^~~~~~~~
/usr/include/nodejs/deps/v8/include/v8-value.h:370:44: note:   candidate expects 1 argument, 0 provided
../../nan/nan.h:847:19: error: no matching function for call to ‘v8::String::Write(uint16_t*&)’
  847 |       toStr->Write(buf);
      |       ~~~~~~~~~~~~^~~~~
/usr/include/nodejs/deps/v8/include/v8-primitive.h:197:7: note: candidate: ‘int v8::String::Write(v8::Isolate*, uint16_t*, int, int, int) const’
  197 |   int Write(Isolate* isolate, uint16_t* buffer, int start = 0, int length = -1,
      |       ^~~~~
/usr/include/nodejs/deps/v8/include/v8-primitive.h:197:7: note:   candidate expects 5 arguments, 1 provided
../../nan/nan.h: In member function ‘bool NanCallback::operator==(const NanCallback&) const’:
../../nan/nan.h:1498:49: error: no matching function for call to ‘v8::Object::Get(const uint32_t&)’
 1498 |     v8::Local<v8::Value> a = NanNew(handle)->Get(kCallbackIndex);
      |                              ~~~~~~~~~~~~~~~~~~~^~~~~~~~~~~~~~~~
/usr/include/nodejs/deps/v8/include/v8-object.h:292:43: note: candidate: ‘v8::MaybeLocal<v8::Value> v8::Object::Get(v8::Local<v8::Context>, v8::Local<v8::Value>)’
  292 |   V8_WARN_UNUSED_RESULT MaybeLocal<Value> Get(Local<Context> context,
      |                                           ^~~
/usr/include/nodejs/deps/v8/include/v8-object.h:292:43: note:   candidate expects 2 arguments, 1 provided
/usr/include/nodejs/deps/v8/include/v8-object.h:295:43: note: candidate: ‘v8::MaybeLocal<v8::Value> v8::Object::Get(v8::Local<v8::Context>, uint32_t)’
  295 |   V8_WARN_UNUSED_RESULT MaybeLocal<Value> Get(Local<Context> context,
      |                                           ^~~
/usr/include/nodejs/deps/v8/include/v8-object.h:295:43: note:   candidate expects 2 arguments, 1 provided
../../nan/nan.h:1499:55: error: no matching function for call to ‘v8::Object::Get(const uint32_t&)’
 1499 |     v8::Local<v8::Value> b = NanNew(other.handle)->Get(kCallbackIndex);
      |                              ~~~~~~~~~~~~~~~~~~~~~~~~~^~~~~~~~~~~~~~~~
/usr/include/nodejs/deps/v8/include/v8-object.h:292:43: note: candidate: ‘v8::MaybeLocal<v8::Value> v8::Object::Get(v8::Local<v8::Context>, v8::Local<v8::Value>)’
  292 |   V8_WARN_UNUSED_RESULT MaybeLocal<Value> Get(Local<Context> context,
      |                                           ^~~
/usr/include/nodejs/deps/v8/include/v8-object.h:292:43: note:   candidate expects 2 arguments, 1 provided
/usr/include/nodejs/deps/v8/include/v8-object.h:295:43: note: candidate: ‘v8::MaybeLocal<v8::Value> v8::Object::Get(v8::Local<v8::Context>, uint32_t)’
  295 |   V8_WARN_UNUSED_RESULT MaybeLocal<Value> Get(Local<Context> context,
      |                                           ^~~
/usr/include/nodejs/deps/v8/include/v8-object.h:295:43: note:   candidate expects 2 arguments, 1 provided
../../nan/nan.h: In member function ‘void NanCallback::SetFunction(v8::Handle<v8::Function>&)’:
../../nan/nan.h:1509:24: error: no matching function for call to ‘v8::Object::Set(const uint32_t&, v8::Handle<v8::Function>&)’
 1509 |     NanNew(handle)->Set(kCallbackIndex, fn);
      |     ~~~~~~~~~~~~~~~~~~~^~~~~~~~~~~~~~~~~~~~
/usr/include/nodejs/deps/v8/include/v8-object.h:246:37: note: candidate: ‘v8::Maybe<bool> v8::Object::Set(v8::Local<v8::Context>, v8::Local<v8::Value>, v8::Local<v8::Value>)’
  246 |   V8_WARN_UNUSED_RESULT Maybe<bool> Set(Local<Context> context,
      |                                     ^~~
/usr/include/nodejs/deps/v8/include/v8-object.h:246:37: note:   candidate expects 3 arguments, 2 provided
/usr/include/nodejs/deps/v8/include/v8-object.h:249:37: note: candidate: ‘v8::Maybe<bool> v8::Object::Set(v8::Local<v8::Context>, uint32_t, v8::Local<v8::Value>)’
  249 |   V8_WARN_UNUSED_RESULT Maybe<bool> Set(Local<Context> context, uint32_t index,
      |                                     ^~~
/usr/include/nodejs/deps/v8/include/v8-object.h:249:37: note:   candidate expects 3 arguments, 2 provided
../../nan/nan.h: In member function ‘v8::Local<v8::Function> NanCallback::GetFunction() const’:
../../nan/nan.h:1514:46: error: no matching function for call to ‘v8::Object::Get(const uint32_t&)’
 1514 |     return NanEscapeScope(NanNew(handle)->Get(kCallbackIndex)
      |                           ~~~~~~~~~~~~~~~~~~~^~~~~~~~~~~~~~~~
../../nan/nan.h:398:59: note: in definition of macro ‘NanEscapeScope’
  398 | # define NanEscapeScope(val) scope.Escape(_NanEnsureLocal(val))
      |                                                           ^~~
/usr/include/nodejs/deps/v8/include/v8-object.h:292:43: note: candidate: ‘v8::MaybeLocal<v8::Value> v8::Object::Get(v8::Local<v8::Context>, v8::Local<v8::Value>)’
  292 |   V8_WARN_UNUSED_RESULT MaybeLocal<Value> Get(Local<Context> context,
      |                                           ^~~
/usr/include/nodejs/deps/v8/include/v8-object.h:292:43: note:   candidate expects 2 arguments, 1 provided
/usr/include/nodejs/deps/v8/include/v8-object.h:295:43: note: candidate: ‘v8::MaybeLocal<v8::Value> v8::Object::Get(v8::Local<v8::Context>, uint32_t)’
  295 |   V8_WARN_UNUSED_RESULT MaybeLocal<Value> Get(Local<Context> context,
      |                                           ^~~
/usr/include/nodejs/deps/v8/include/v8-object.h:295:43: note:   candidate expects 2 arguments, 1 provided
../../nan/nan.h:1515:25: error: expected primary-expression before ‘>’ token
 1515 |         .As<v8::Function>());
      |                         ^
../../nan/nan.h:398:59: note: in definition of macro ‘NanEscapeScope’
  398 | # define NanEscapeScope(val) scope.Escape(_NanEnsureLocal(val))
      |                                                           ^~~
../../nan/nan.h:1515:27: error: expected primary-expression before ‘)’ token
 1515 |         .As<v8::Function>());
      |                           ^
../../nan/nan.h:398:59: note: in definition of macro ‘NanEscapeScope’
  398 | # define NanEscapeScope(val) scope.Escape(_NanEnsureLocal(val))
      |                                                           ^~~
../../nan/nan.h: In member function ‘bool NanCallback::IsEmpty() const’:
../../nan/nan.h:1520:31: error: no matching function for call to ‘v8::Object::Get(const uint32_t&)’
 1520 |     return NanNew(handle)->Get(kCallbackIndex)->IsUndefined();
      |            ~~~~~~~~~~~~~~~~~~~^~~~~~~~~~~~~~~~
/usr/include/nodejs/deps/v8/include/v8-object.h:292:43: note: candidate: ‘v8::MaybeLocal<v8::Value> v8::Object::Get(v8::Local<v8::Context>, v8::Local<v8::Value>)’
  292 |   V8_WARN_UNUSED_RESULT MaybeLocal<Value> Get(Local<Context> context,
      |                                           ^~~
/usr/include/nodejs/deps/v8/include/v8-object.h:292:43: note:   candidate expects 2 arguments, 1 provided
/usr/include/nodejs/deps/v8/include/v8-object.h:295:43: note: candidate: ‘v8::MaybeLocal<v8::Value> v8::Object::Get(v8::Local<v8::Context>, uint32_t)’
  295 |   V8_WARN_UNUSED_RESULT MaybeLocal<Value> Get(Local<Context> context,
      |                                           ^~~
/usr/include/nodejs/deps/v8/include/v8-object.h:295:43: note:   candidate expects 2 arguments, 1 provided
../../nan/nan.h: In member function ‘v8::Handle<v8::Value> NanCallback::Call_(v8::Isolate*, v8::Handle<v8::Object>, int, v8::Handle<v8::Value>*) const’:
../../nan/nan.h:1562:12: error: no matching function for call to ‘v8::Object::Get(const uint32_t&)’
 1561 |     v8::Local<v8::Function> callback = NanNew(handle)->
      |                                        ~~~~~~~~~~~~~~~~
 1562 |         Get(kCallbackIndex).As<v8::Function>();
      |         ~~~^~~~~~~~~~~~~~~~
/usr/include/nodejs/deps/v8/include/v8-object.h:292:43: note: candidate: ‘v8::MaybeLocal<v8::Value> v8::Object::Get(v8::Local<v8::Context>, v8::Local<v8::Value>)’
  292 |   V8_WARN_UNUSED_RESULT MaybeLocal<Value> Get(Local<Context> context,
      |                                           ^~~
/usr/include/nodejs/deps/v8/include/v8-object.h:292:43: note:   candidate expects 2 arguments, 1 provided
/usr/include/nodejs/deps/v8/include/v8-object.h:295:43: note: candidate: ‘v8::MaybeLocal<v8::Value> v8::Object::Get(v8::Local<v8::Context>, uint32_t)’
  295 |   V8_WARN_UNUSED_RESULT MaybeLocal<Value> Get(Local<Context> context,
      |                                           ^~~
/usr/include/nodejs/deps/v8/include/v8-object.h:295:43: note:   candidate expects 2 arguments, 1 provided
../../nan/nan.h:1562:44: error: expected primary-expression before ‘>’ token
 1562 |         Get(kCallbackIndex).As<v8::Function>();
      |                                            ^
../../nan/nan.h:1562:46: error: expected primary-expression before ‘)’ token
 1562 |         Get(kCallbackIndex).As<v8::Function>();
      |                                              ^
../../nan/nan.h:1563:45: warning: ‘v8::Local<v8::Value> node::MakeCallback(v8::Isolate*, v8::Local<v8::Object>, v8::Local<v8::Function>, int, v8::Local<v8::Value>*)’ is deprecated: Use MakeCallback(..., async_context) [-Wdeprecated-declarations]
 1563 |     return NanEscapeScope(node::MakeCallback(
      |                           ~~~~~~~~~~~~~~~~~~^
 1564 |         isolate
      |         ~~~~~~~                              
 1565 |       , target
      |       ~~~~~~~~                               
 1566 |       , callback
      |       ~~~~~~~~~~                             
 1567 |       , argc
      |       ~~~~~~                                 
 1568 |       , argv
      |       ~~~~~~                                 
 1569 |     ));
      |     ~                                        
../../nan/nan.h:398:59: note: in definition of macro ‘NanEscapeScope’
  398 | # define NanEscapeScope(val) scope.Escape(_NanEnsureLocal(val))
      |                                                           ^~~
/usr/include/nodejs/src/node.h:199:50: note: declared here
  199 |                 NODE_EXTERN v8::Local<v8::Value> MakeCallback(
      |                                                  ^~~~~~~~~~~~
/usr/include/nodejs/src/node.h:116:42: note: in definition of macro ‘NODE_DEPRECATED’
  116 |     __attribute__((deprecated(message))) declarator
      |                                          ^~~~~~~~~~
../../nan/nan.h: In member function ‘void NanAsyncWorker::SaveToPersistent(const char*, const v8::Local<v8::Object>&)’:
../../nan/nan.h:1626:16: error: no matching function for call to ‘v8::Object::Set(NanIntern::FactoryBase<v8::String>::return_t, const v8::Local<v8::Object>&)’
 1626 |     handle->Set(NanNew<v8::String>(key), obj);
      |     ~~~~~~~~~~~^~~~~~~~~~~~~~~~~~~~~~~~~~~~~~
/usr/include/nodejs/deps/v8/include/v8-object.h:246:37: note: candidate: ‘v8::Maybe<bool> v8::Object::Set(v8::Local<v8::Context>, v8::Local<v8::Value>, v8::Local<v8::Value>)’
  246 |   V8_WARN_UNUSED_RESULT Maybe<bool> Set(Local<Context> context,
      |                                     ^~~
/usr/include/nodejs/deps/v8/include/v8-object.h:246:37: note:   candidate expects 3 arguments, 2 provided
/usr/include/nodejs/deps/v8/include/v8-object.h:249:37: note: candidate: ‘v8::Maybe<bool> v8::Object::Set(v8::Local<v8::Context>, uint32_t, v8::Local<v8::Value>)’
  249 |   V8_WARN_UNUSED_RESULT Maybe<bool> Set(Local<Context> context, uint32_t index,
      |                                     ^~~
/usr/include/nodejs/deps/v8/include/v8-object.h:249:37: note:   candidate expects 3 arguments, 2 provided
../../nan/nan.h: In member function ‘v8::Local<v8::Object> NanAsyncWorker::GetFromPersistent(const char*) const’:
../../nan/nan.h:1632:38: error: no matching function for call to ‘v8::Object::Get(NanIntern::FactoryBase<v8::String>::return_t)’
 1632 |     return NanEscapeScope(handle->Get(NanNew(key)).As<v8::Object>());
      |                           ~~~~~~~~~~~^~~~~~~~~~~~~
../../nan/nan.h:398:59: note: in definition of macro ‘NanEscapeScope’
  398 | # define NanEscapeScope(val) scope.Escape(_NanEnsureLocal(val))
      |                                                           ^~~
/usr/include/nodejs/deps/v8/include/v8-object.h:292:43: note: candidate: ‘v8::MaybeLocal<v8::Value> v8::Object::Get(v8::Local<v8::Context>, v8::Local<v8::Value>)’
  292 |   V8_WARN_UNUSED_RESULT MaybeLocal<Value> Get(Local<Context> context,
      |                                           ^~~
/usr/include/nodejs/deps/v8/include/v8-object.h:292:43: note:   candidate expects 2 arguments, 1 provided
/usr/include/nodejs/deps/v8/include/v8-object.h:295:43: note: candidate: ‘v8::MaybeLocal<v8::Value> v8::Object::Get(v8::Local<v8::Context>, uint32_t)’
  295 |   V8_WARN_UNUSED_RESULT MaybeLocal<Value> Get(Local<Context> context,
      |                                           ^~~
/usr/include/nodejs/deps/v8/include/v8-object.h:295:43: note:   candidate expects 2 arguments, 1 provided
../../nan/nan.h:1632:65: error: expected primary-expression before ‘>’ token
 1632 |     return NanEscapeScope(handle->Get(NanNew(key)).As<v8::Object>());
      |                                                                 ^
../../nan/nan.h:398:59: note: in definition of macro ‘NanEscapeScope’
  398 | # define NanEscapeScope(val) scope.Escape(_NanEnsureLocal(val))
      |                                                           ^~~
../../nan/nan.h:1632:67: error: expected primary-expression before ‘)’ token
 1632 |     return NanEscapeScope(handle->Get(NanNew(key)).As<v8::Object>());
      |                                                                   ^
../../nan/nan.h:398:59: note: in definition of macro ‘NanEscapeScope’
  398 | # define NanEscapeScope(val) scope.Escape(_NanEnsureLocal(val))
      |                                                           ^~~
../../nan/nan.h: In function ‘void NanAsyncQueueWorker(NanAsyncWorker*)’:
../../nan/nan.h:1800:7: warning: cast between incompatible function types from ‘void (*)(uv_work_t*)’ {aka ‘void (*)(uv_work_s*)’} to ‘uv_after_work_cb’ {aka ‘void (*)(uv_work_s*, int)’} [-Wcast-function-type]
 1800 |     , (uv_after_work_cb)NanAsyncExecuteComplete
      |       ^~~~~~~~~~~~~~~~~~~~~~~~~~~~~~~~~~~~~~~~~
../../nan/nan.h: In function ‘void* _NanRawString(v8::Handle<v8::Value>, Nan::Encoding, size_t*, void*, size_t, int)’:
../../nan/nan.h:2096:47: error: no matching function for call to ‘v8::Value::ToString()’
 2096 |   v8::Local<v8::String> toStr = from->ToString();
      |                                 ~~~~~~~~~~~~~~^~
/usr/include/nodejs/deps/v8/include/v8-value.h:370:44: note: candidate: ‘v8::MaybeLocal<v8::String> v8::Value::ToString(v8::Local<v8::Context>) const’
  370 |   V8_WARN_UNUSED_RESULT MaybeLocal<String> ToString(
      |                                            ^~~~~~~~
/usr/include/nodejs/deps/v8/include/v8-value.h:370:44: note:   candidate expects 1 argument, 0 provided
../../nan/nan.h:2143:13: error: cannot convert ‘uint8_t*’ {aka ‘unsigned char*’} to ‘v8::Isolate*’
 2143 |             reinterpret_cast<uint8_t *>(to)
      |             ^~~~~~~~~~~~~~~~~~~~~~~~~~~~~~~
      |             |
      |             uint8_t* {aka unsigned char*}
/usr/include/nodejs/deps/v8/include/v8-primitive.h:200:29: note:   initializing argument 1 of ‘int v8::String::WriteOneByte(v8::Isolate*, uint8_t*, int, int, int) const’
  200 |   int WriteOneByte(Isolate* isolate, uint8_t* buffer, int start = 0,
      |                    ~~~~~~~~~^~~~~~~
../../nan/nan.h:2150:30: error: no matching function for call to ‘v8::String::Utf8Length()’
 2150 |       sz_ = toStr->Utf8Length();
      |             ~~~~~~~~~~~~~~~~~^~
/usr/include/nodejs/deps/v8/include/v8-primitive.h:143:7: note: candidate: ‘int v8::String::Utf8Length(v8::Isolate*) const’
  143 |   int Utf8Length(Isolate* isolate) const;
      |       ^~~~~~~~~~
/usr/include/nodejs/deps/v8/include/v8-primitive.h:143:7: note:   candidate expects 1 argument, 0 provided
../../nan/nan.h:2158:28: error: cannot convert ‘char*’ to ‘v8::Isolate*’
 2158 |         , toStr->WriteUtf8(to, static_cast<int>(sz_ + term_len)
      |                            ^~
      |                            |
      |                            char*
/usr/include/nodejs/deps/v8/include/v8-primitive.h:203:26: note:   initializing argument 1 of ‘int v8::String::WriteUtf8(v8::Isolate*, char*, int, int*, int) const’
  203 |   int WriteUtf8(Isolate* isolate, char* buffer, int length = -1,
      |                 ~~~~~~~~~^~~~~~~
../../nan/nan.h:2164:38: error: no matching function for call to ‘v8::String::Value::Value(v8::Local<v8::String>&)’
 2164 |         v8::String::Value value(toStr);
      |                                      ^
/usr/include/nodejs/deps/v8/include/v8-primitive.h:542:5: note: candidate: ‘v8::String::Value::Value(v8::Isolate*, v8::Local<v8::Value>)’
  542 |     Value(Isolate* isolate, Local<v8::Value> obj);
      |     ^~~~~
/usr/include/nodejs/deps/v8/include/v8-primitive.h:542:5: note:   candidate expects 2 arguments, 1 provided
../../nan/nan.h:2189:13: error: cannot convert ‘uint16_t*’ {aka ‘short unsigned int*’} to ‘v8::Isolate*’
 2189 |             reinterpret_cast<uint16_t *>(to)
      |             ^~~~~~~~~~~~~~~~~~~~~~~~~~~~~~~~
      |             |
      |             uint16_t* {aka short unsigned int*}
/usr/include/nodejs/deps/v8/include/v8-primitive.h:197:22: note:   initializing argument 1 of ‘int v8::String::Write(v8::Isolate*, uint16_t*, int, int, int) const’
  197 |   int Write(Isolate* isolate, uint16_t* buffer, int start = 0, int length = -1,
      |             ~~~~~~~~~^~~~~~~
../../nan/nan.h:2198:38: error: no matching function for call to ‘v8::String::Value::Value(v8::Local<v8::String>&)’
 2198 |         v8::String::Value value(toStr);
      |                                      ^
/usr/include/nodejs/deps/v8/include/v8-primitive.h:542:5: note: candidate: ‘v8::String::Value::Value(v8::Isolate*, v8::Local<v8::Value>)’
  542 |     Value(Isolate* isolate, Local<v8::Value> obj);
      |     ^~~~~
/usr/include/nodejs/deps/v8/include/v8-primitive.h:542:5: note:   candidate expects 2 arguments, 1 provided
../../nan/nan.h: In function ‘void NanExport(v8::Handle<v8::Object>, const char*, NanFunctionCallback)’:
../../nan/nan.h:2285:51: error: no matching function for call to ‘v8::FunctionTemplate::GetFunction()’
 2285 |       NanNew<v8::FunctionTemplate>(f)->GetFunction());
      |       ~~~~~~~~~~~~~~~~~~~~~~~~~~~~~~~~~~~~~~~~~~~~^~
In file included from /usr/include/nodejs/deps/v8/include/v8-function.h:15:
/usr/include/nodejs/deps/v8/include/v8-template.h:497:46: note: candidate: ‘v8::MaybeLocal<v8::Function> v8::FunctionTemplate::GetFunction(v8::Local<v8::Context>)’
  497 |   V8_WARN_UNUSED_RESULT MaybeLocal<Function> GetFunction(
      |                                              ^~~~~~~~~~~
/usr/include/nodejs/deps/v8/include/v8-template.h:497:46: note:   candidate expects 1 argument, 0 provided
../../nan/nan.h: In constructor ‘NanTap::NanTap(v8::Handle<v8::Value>)’:
../../nan/nan.h:2292:40: error: no matching function for call to ‘v8::Value::ToObject()’
 2292 |     NanAssignPersistent(t_, t->ToObject());
      |                             ~~~~~~~~~~~^~
/usr/include/nodejs/deps/v8/include/v8-value.h:382:44: note: candidate: ‘v8::MaybeLocal<v8::Object> v8::Value::ToObject(v8::Local<v8::Context>) const’
  382 |   V8_WARN_UNUSED_RESULT MaybeLocal<Object> ToObject(
      |                                            ^~~~~~~~
/usr/include/nodejs/deps/v8/include/v8-value.h:382:44: note:   candidate expects 1 argument, 0 provided
In file included from ../lib/kerberos.cc:5:
../lib/kerberos_context.h: In static member function ‘static bool KerberosContext::HasInstance(v8::Handle<v8::Value>)’:
../lib/kerberos_context.h:28:38: error: no matching function for call to ‘v8::Value::ToObject()’
   28 |     Local<Object> obj = val->ToObject();
      |                         ~~~~~~~~~~~~~^~
/usr/include/nodejs/deps/v8/include/v8-value.h:382:44: note: candidate: ‘v8::MaybeLocal<v8::Object> v8::Value::ToObject(v8::Local<v8::Context>) const’
  382 |   V8_WARN_UNUSED_RESULT MaybeLocal<Object> ToObject(
      |                                            ^~~~~~~~
/usr/include/nodejs/deps/v8/include/v8-value.h:382:44: note:   candidate expects 1 argument, 0 provided
../lib/kerberos.cc: In static member function ‘static void Kerberos::Initialize(v8::Handle<v8::Object>)’:
../lib/kerberos.cc:71:11: error: ‘class v8::Object’ has no member named ‘ForceSet’
   71 |   target->ForceSet(NanNew<String>("Kerberos"), t->GetFunction());
      |           ^~~~~~~~
../lib/kerberos.cc:71:62: error: no matching function for call to ‘v8::FunctionTemplate::GetFunction()’
   71 |   target->ForceSet(NanNew<String>("Kerberos"), t->GetFunction());
      |                                                ~~~~~~~~~~~~~~^~
/usr/include/nodejs/deps/v8/include/v8-template.h:497:46: note: candidate: ‘v8::MaybeLocal<v8::Function> v8::FunctionTemplate::GetFunction(v8::Local<v8::Context>)’
  497 |   V8_WARN_UNUSED_RESULT MaybeLocal<Function> GetFunction(
      |                                              ^~~~~~~~~~~
/usr/include/nodejs/deps/v8/include/v8-template.h:497:46: note:   candidate expects 1 argument, 0 provided
../lib/kerberos.cc: In static member function ‘static void Kerberos::AuthGSSClientInit(const v8::FunctionCallbackInfo<v8::Value>&)’:
../lib/kerberos.cc:132:44: error: no matching function for call to ‘v8::Value::ToString()’
  132 |   Local<String> service = args[0]->ToString();
      |                           ~~~~~~~~~~~~~~~~~^~
/usr/include/nodejs/deps/v8/include/v8-value.h:370:44: note: candidate: ‘v8::MaybeLocal<v8::String> v8::Value::ToString(v8::Local<v8::Context>) const’
  370 |   V8_WARN_UNUSED_RESULT MaybeLocal<String> ToString(
      |                                            ^~~~~~~~
/usr/include/nodejs/deps/v8/include/v8-value.h:370:44: note:   candidate expects 1 argument, 0 provided
../lib/kerberos.cc:134:57: error: no matching function for call to ‘v8::String::Utf8Length()’
  134 |   char *service_str = (char *)calloc(service->Utf8Length() + 1, sizeof(char));
      |                                      ~~~~~~~~~~~~~~~~~~~^~
/usr/include/nodejs/deps/v8/include/v8-primitive.h:143:7: note: candidate: ‘int v8::String::Utf8Length(v8::Isolate*) const’
  143 |   int Utf8Length(Isolate* isolate) const;
      |       ^~~~~~~~~~
/usr/include/nodejs/deps/v8/include/v8-primitive.h:143:7: note:   candidate expects 1 argument, 0 provided
../lib/kerberos.cc:138:21: error: no matching function for call to ‘v8::String::WriteUtf8(char*&)’
  138 |   service->WriteUtf8(service_str);
      |   ~~~~~~~~~~~~~~~~~~^~~~~~~~~~~~~
/usr/include/nodejs/deps/v8/include/v8-primitive.h:203:7: note: candidate: ‘int v8::String::WriteUtf8(v8::Isolate*, char*, int, int*, int) const’
  203 |   int WriteUtf8(Isolate* isolate, char* buffer, int length = -1,
      |       ^~~~~~~~~
/usr/include/nodejs/deps/v8/include/v8-primitive.h:203:7: note:   candidate expects 5 arguments, 1 provided
../lib/kerberos.cc:143:32: error: no matching function for call to ‘v8::Value::ToInt32()’
  143 |   call->flags =args[1]->ToInt32()->Uint32Value();
      |                ~~~~~~~~~~~~~~~~^~
/usr/include/nodejs/deps/v8/include/v8-value.h:403:43: note: candidate: ‘v8::MaybeLocal<v8::Int32> v8::Value::ToInt32(v8::Local<v8::Context>) const’
  403 |   V8_WARN_UNUSED_RESULT MaybeLocal<Int32> ToInt32(Local<Context> context) const;
      |                                           ^~~~~~~
/usr/include/nodejs/deps/v8/include/v8-value.h:403:43: note:   candidate expects 1 argument, 0 provided
../lib/kerberos.cc:160:73: warning: cast between incompatible function types from ‘void (*)(uv_work_t*)’ {aka ‘void (*)(uv_work_s*)’} to ‘uv_after_work_cb’ {aka ‘void (*)(uv_work_s*, int)’} [-Wcast-function-type]
  160 |   uv_queue_work(uv_default_loop(), &worker->request, Kerberos::Process, (uv_after_work_cb)Kerberos::After);
      |                                                                         ^~~~~~~~~~~~~~~~~~~~~~~~~~~~~~~~~
../lib/kerberos.cc: In static member function ‘static void Kerberos::AuthGSSClientStep(const v8::FunctionCallbackInfo<v8::Value>&)’:
../lib/kerberos.cc:220:43: error: no matching function for call to ‘v8::Value::ToObject()’
  220 |   Local<Object> object = args[0]->ToObject();
      |                          ~~~~~~~~~~~~~~~~~^~
/usr/include/nodejs/deps/v8/include/v8-value.h:382:44: note: candidate: ‘v8::MaybeLocal<v8::Object> v8::Value::ToObject(v8::Local<v8::Context>) const’
  382 |   V8_WARN_UNUSED_RESULT MaybeLocal<Object> ToObject(
      |                                            ^~~~~~~~
/usr/include/nodejs/deps/v8/include/v8-value.h:382:44: note:   candidate expects 1 argument, 0 provided
../lib/kerberos.cc:226:48: error: no matching function for call to ‘v8::Value::ToString()’
  226 |     Local<String> challenge = args[1]->ToString();
      |                               ~~~~~~~~~~~~~~~~~^~
/usr/include/nodejs/deps/v8/include/v8-value.h:370:44: note: candidate: ‘v8::MaybeLocal<v8::String> v8::Value::ToString(v8::Local<v8::Context>) const’
  370 |   V8_WARN_UNUSED_RESULT MaybeLocal<String> ToString(
      |                                            ^~~~~~~~
/usr/include/nodejs/deps/v8/include/v8-value.h:370:44: note:   candidate expects 1 argument, 0 provided
../lib/kerberos.cc:228:57: error: no matching function for call to ‘v8::String::Utf8Length()’
  228 |     challenge_str = (char *)calloc(challenge->Utf8Length() + 1, sizeof(char));
      |                                    ~~~~~~~~~~~~~~~~~~~~~^~
/usr/include/nodejs/deps/v8/include/v8-primitive.h:143:7: note: candidate: ‘int v8::String::Utf8Length(v8::Isolate*) const’
  143 |   int Utf8Length(Isolate* isolate) const;
      |       ^~~~~~~~~~
/usr/include/nodejs/deps/v8/include/v8-primitive.h:143:7: note:   candidate expects 1 argument, 0 provided
../lib/kerberos.cc:231:25: error: no matching function for call to ‘v8::String::WriteUtf8(char*&)’
  231 |     challenge->WriteUtf8(challenge_str);
      |     ~~~~~~~~~~~~~~~~~~~~^~~~~~~~~~~~~~~
/usr/include/nodejs/deps/v8/include/v8-primitive.h:203:7: note: candidate: ‘int v8::String::WriteUtf8(v8::Isolate*, char*, int, int*, int) const’
  203 |   int WriteUtf8(Isolate* isolate, char* buffer, int length = -1,
      |       ^~~~~~~~~
/usr/include/nodejs/deps/v8/include/v8-primitive.h:203:7: note:   candidate expects 5 arguments, 1 provided
../lib/kerberos.cc:254:73: warning: cast between incompatible function types from ‘void (*)(uv_work_t*)’ {aka ‘void (*)(uv_work_s*)’} to ‘uv_after_work_cb’ {aka ‘void (*)(uv_work_s*, int)’} [-Wcast-function-type]
  254 |   uv_queue_work(uv_default_loop(), &worker->request, Kerberos::Process, (uv_after_work_cb)Kerberos::After);
      |                                                                         ^~~~~~~~~~~~~~~~~~~~~~~~~~~~~~~~~
../lib/kerberos.cc: In static member function ‘static void Kerberos::AuthGSSClientUnwrap(const v8::FunctionCallbackInfo<v8::Value>&)’:
../lib/kerberos.cc:312:43: error: no matching function for call to ‘v8::Value::ToObject()’
  312 |   Local<Object> object = args[0]->ToObject();
      |                          ~~~~~~~~~~~~~~~~~^~
/usr/include/nodejs/deps/v8/include/v8-value.h:382:44: note: candidate: ‘v8::MaybeLocal<v8::Object> v8::Value::ToObject(v8::Local<v8::Context>) const’
  382 |   V8_WARN_UNUSED_RESULT MaybeLocal<Object> ToObject(
      |                                            ^~~~~~~~
/usr/include/nodejs/deps/v8/include/v8-value.h:382:44: note:   candidate expects 1 argument, 0 provided
../lib/kerberos.cc:318:48: error: no matching function for call to ‘v8::Value::ToString()’
  318 |     Local<String> challenge = args[1]->ToString();
      |                               ~~~~~~~~~~~~~~~~~^~
/usr/include/nodejs/deps/v8/include/v8-value.h:370:44: note: candidate: ‘v8::MaybeLocal<v8::String> v8::Value::ToString(v8::Local<v8::Context>) const’
  370 |   V8_WARN_UNUSED_RESULT MaybeLocal<String> ToString(
      |                                            ^~~~~~~~
/usr/include/nodejs/deps/v8/include/v8-value.h:370:44: note:   candidate expects 1 argument, 0 provided
../lib/kerberos.cc:320:57: error: no matching function for call to ‘v8::String::Utf8Length()’
  320 |     challenge_str = (char *)calloc(challenge->Utf8Length() + 1, sizeof(char));
      |                                    ~~~~~~~~~~~~~~~~~~~~~^~
/usr/include/nodejs/deps/v8/include/v8-primitive.h:143:7: note: candidate: ‘int v8::String::Utf8Length(v8::Isolate*) const’
  143 |   int Utf8Length(Isolate* isolate) const;
      |       ^~~~~~~~~~
/usr/include/nodejs/deps/v8/include/v8-primitive.h:143:7: note:   candidate expects 1 argument, 0 provided
../lib/kerberos.cc:323:25: error: no matching function for call to ‘v8::String::WriteUtf8(char*&)’
  323 |     challenge->WriteUtf8(challenge_str);
      |     ~~~~~~~~~~~~~~~~~~~~^~~~~~~~~~~~~~~
/usr/include/nodejs/deps/v8/include/v8-primitive.h:203:7: note: candidate: ‘int v8::String::WriteUtf8(v8::Isolate*, char*, int, int*, int) const’
  203 |   int WriteUtf8(Isolate* isolate, char* buffer, int length = -1,
      |       ^~~~~~~~~
/usr/include/nodejs/deps/v8/include/v8-primitive.h:203:7: note:   candidate expects 5 arguments, 1 provided
../lib/kerberos.cc:346:73: warning: cast between incompatible function types from ‘void (*)(uv_work_t*)’ {aka ‘void (*)(uv_work_s*)’} to ‘uv_after_work_cb’ {aka ‘void (*)(uv_work_s*, int)’} [-Wcast-function-type]
  346 |   uv_queue_work(uv_default_loop(), &worker->request, Kerberos::Process, (uv_after_work_cb)Kerberos::After);
      |                                                                         ^~~~~~~~~~~~~~~~~~~~~~~~~~~~~~~~~
../lib/kerberos.cc: In static member function ‘static void Kerberos::AuthGSSClientWrap(const v8::FunctionCallbackInfo<v8::Value>&)’:
../lib/kerberos.cc:408:43: error: no matching function for call to ‘v8::Value::ToObject()’
  408 |   Local<Object> object = args[0]->ToObject();
      |                          ~~~~~~~~~~~~~~~~~^~
/usr/include/nodejs/deps/v8/include/v8-value.h:382:44: note: candidate: ‘v8::MaybeLocal<v8::Object> v8::Value::ToObject(v8::Local<v8::Context>) const’
  382 |   V8_WARN_UNUSED_RESULT MaybeLocal<Object> ToObject(
      |                                            ^~~~~~~~
/usr/include/nodejs/deps/v8/include/v8-value.h:382:44: note:   candidate expects 1 argument, 0 provided
../lib/kerberos.cc:412:46: error: no matching function for call to ‘v8::Value::ToString()’
  412 |   Local<String> challenge = args[1]->ToString();
      |                             ~~~~~~~~~~~~~~~~~^~
/usr/include/nodejs/deps/v8/include/v8-value.h:370:44: note: candidate: ‘v8::MaybeLocal<v8::String> v8::Value::ToString(v8::Local<v8::Context>) const’
  370 |   V8_WARN_UNUSED_RESULT MaybeLocal<String> ToString(
      |                                            ^~~~~~~~
/usr/include/nodejs/deps/v8/include/v8-value.h:370:44: note:   candidate expects 1 argument, 0 provided
../lib/kerberos.cc:414:55: error: no matching function for call to ‘v8::String::Utf8Length()’
  414 |   challenge_str = (char *)calloc(challenge->Utf8Length() + 1, sizeof(char));
      |                                  ~~~~~~~~~~~~~~~~~~~~~^~
/usr/include/nodejs/deps/v8/include/v8-primitive.h:143:7: note: candidate: ‘int v8::String::Utf8Length(v8::Isolate*) const’
  143 |   int Utf8Length(Isolate* isolate) const;
      |       ^~~~~~~~~~
/usr/include/nodejs/deps/v8/include/v8-primitive.h:143:7: note:   candidate expects 1 argument, 0 provided
../lib/kerberos.cc:417:23: error: no matching function for call to ‘v8::String::WriteUtf8(char*&)’
  417 |   challenge->WriteUtf8(challenge_str);
      |   ~~~~~~~~~~~~~~~~~~~~^~~~~~~~~~~~~~~
/usr/include/nodejs/deps/v8/include/v8-primitive.h:203:7: note: candidate: ‘int v8::String::WriteUtf8(v8::Isolate*, char*, int, int*, int) const’
  203 |   int WriteUtf8(Isolate* isolate, char* buffer, int length = -1,
      |       ^~~~~~~~~
/usr/include/nodejs/deps/v8/include/v8-primitive.h:203:7: note:   candidate expects 5 arguments, 1 provided
../lib/kerberos.cc:422:48: error: no matching function for call to ‘v8::Value::ToString()’
  422 |     Local<String> user_name = args[2]->ToString();
      |                               ~~~~~~~~~~~~~~~~~^~
/usr/include/nodejs/deps/v8/include/v8-value.h:370:44: note: candidate: ‘v8::MaybeLocal<v8::String> v8::Value::ToString(v8::Local<v8::Context>) const’
  370 |   V8_WARN_UNUSED_RESULT MaybeLocal<String> ToString(
      |                                            ^~~~~~~~
/usr/include/nodejs/deps/v8/include/v8-value.h:370:44: note:   candidate expects 1 argument, 0 provided
../lib/kerberos.cc:424:57: error: no matching function for call to ‘v8::String::Utf8Length()’
  424 |     user_name_str = (char *)calloc(user_name->Utf8Length() + 1, sizeof(char));
      |                                    ~~~~~~~~~~~~~~~~~~~~~^~
/usr/include/nodejs/deps/v8/include/v8-primitive.h:143:7: note: candidate: ‘int v8::String::Utf8Length(v8::Isolate*) const’
  143 |   int Utf8Length(Isolate* isolate) const;
      |       ^~~~~~~~~~
/usr/include/nodejs/deps/v8/include/v8-primitive.h:143:7: note:   candidate expects 1 argument, 0 provided
../lib/kerberos.cc:427:25: error: no matching function for call to ‘v8::String::WriteUtf8(char*&)’
  427 |     user_name->WriteUtf8(user_name_str);
      |     ~~~~~~~~~~~~~~~~~~~~^~~~~~~~~~~~~~~
/usr/include/nodejs/deps/v8/include/v8-primitive.h:203:7: note: candidate: ‘int v8::String::WriteUtf8(v8::Isolate*, char*, int, int*, int) const’
  203 |   int WriteUtf8(Isolate* isolate, char* buffer, int length = -1,
      |       ^~~~~~~~~
/usr/include/nodejs/deps/v8/include/v8-primitive.h:203:7: note:   candidate expects 5 arguments, 1 provided
../lib/kerberos.cc:451:73: warning: cast between incompatible function types from ‘void (*)(uv_work_t*)’ {aka ‘void (*)(uv_work_s*)’} to ‘uv_after_work_cb’ {aka ‘void (*)(uv_work_s*, int)’} [-Wcast-function-type]
  451 |   uv_queue_work(uv_default_loop(), &worker->request, Kerberos::Process, (uv_after_work_cb)Kerberos::After);
      |                                                                         ^~~~~~~~~~~~~~~~~~~~~~~~~~~~~~~~~
../lib/kerberos.cc: In static member function ‘static void Kerberos::AuthGSSClientClean(const v8::FunctionCallbackInfo<v8::Value>&)’:
../lib/kerberos.cc:498:43: error: no matching function for call to ‘v8::Value::ToObject()’
  498 |   Local<Object> object = args[0]->ToObject();
      |                          ~~~~~~~~~~~~~~~~~^~
/usr/include/nodejs/deps/v8/include/v8-value.h:382:44: note: candidate: ‘v8::MaybeLocal<v8::Object> v8::Value::ToObject(v8::Local<v8::Context>) const’
  382 |   V8_WARN_UNUSED_RESULT MaybeLocal<Object> ToObject(
      |                                            ^~~~~~~~
/usr/include/nodejs/deps/v8/include/v8-value.h:382:44: note:   candidate expects 1 argument, 0 provided
../lib/kerberos.cc:520:73: warning: cast between incompatible function types from ‘void (*)(uv_work_t*)’ {aka ‘void (*)(uv_work_s*)’} to ‘uv_after_work_cb’ {aka ‘void (*)(uv_work_s*, int)’} [-Wcast-function-type]
  520 |   uv_queue_work(uv_default_loop(), &worker->request, Kerberos::Process, (uv_after_work_cb)Kerberos::After);
      |                                                                         ^~~~~~~~~~~~~~~~~~~~~~~~~~~~~~~~~
../lib/kerberos.cc: In static member function ‘static void Kerberos::After(uv_work_t*)’:
../lib/kerberos.cc:546:38: error: no matching function for call to ‘v8::Value::ToObject()’
  546 |     Local<Object> obj = err->ToObject();
      |                         ~~~~~~~~~~~~~^~
/usr/include/nodejs/deps/v8/include/v8-value.h:382:44: note: candidate: ‘v8::MaybeLocal<v8::Object> v8::Value::ToObject(v8::Local<v8::Context>) const’
  382 |   V8_WARN_UNUSED_RESULT MaybeLocal<Object> ToObject(
      |                                            ^~~~~~~~
/usr/include/nodejs/deps/v8/include/v8-value.h:382:44: note:   candidate expects 1 argument, 0 provided
../lib/kerberos.cc:547:13: error: no matching function for call to ‘v8::Object::Set(NanIntern::FactoryBase<v8::String>::return_t, NanIntern::IntegerFactory<v8::Int32>::return_t)’
  547 |     obj->Set(NanNew<String>("code"), NanNew<Int32>(worker->error_code));
      |     ~~~~~~~~^~~~~~~~~~~~~~~~~~~~~~~~~~~~~~~~~~~~~~~~~~~~~~~~~~~~~~~~~~~
/usr/include/nodejs/deps/v8/include/v8-object.h:246:37: note: candidate: ‘v8::Maybe<bool> v8::Object::Set(v8::Local<v8::Context>, v8::Local<v8::Value>, v8::Local<v8::Value>)’
  246 |   V8_WARN_UNUSED_RESULT Maybe<bool> Set(Local<Context> context,
      |                                     ^~~
/usr/include/nodejs/deps/v8/include/v8-object.h:246:37: note:   candidate expects 3 arguments, 2 provided
/usr/include/nodejs/deps/v8/include/v8-object.h:249:37: note: candidate: ‘v8::Maybe<bool> v8::Object::Set(v8::Local<v8::Context>, uint32_t, v8::Local<v8::Value>)’
  249 |   V8_WARN_UNUSED_RESULT Maybe<bool> Set(Local<Context> context, uint32_t index,
      |                                     ^~~
/usr/include/nodejs/deps/v8/include/v8-object.h:249:37: note:   candidate expects 3 arguments, 2 provided
../lib/kerberos.cc:550:18: error: no matching function for call to ‘v8::TryCatch::TryCatch()’
  550 |     v8::TryCatch try_catch;
      |                  ^~~~~~~~~
In file included from /usr/include/nodejs/deps/v8/include/v8.h:30:
/usr/include/nodejs/deps/v8/include/v8-exception.h:66:12: note: candidate: ‘v8::TryCatch::TryCatch(v8::Isolate*)’
   66 |   explicit TryCatch(Isolate* isolate);
      |            ^~~~~~~~
/usr/include/nodejs/deps/v8/include/v8-exception.h:66:12: note:   candidate expects 1 argument, 0 provided
../lib/kerberos.cc:557:28: error: cannot convert ‘v8::TryCatch’ to ‘v8::Isolate*’
  557 |       node::FatalException(try_catch);
      |                            ^~~~~~~~~
      |                            |
      |                            v8::TryCatch
/usr/include/nodejs/src/node.h:1126:46: note:   initializing argument 1 of ‘void node::FatalException(v8::Isolate*, const v8::TryCatch&)’
 1126 | NODE_EXTERN void FatalException(v8::Isolate* isolate,
      |                                 ~~~~~~~~~~~~~^~~~~~~
../lib/kerberos.cc:569:18: error: no matching function for call to ‘v8::TryCatch::TryCatch()’
  569 |     v8::TryCatch try_catch;
      |                  ^~~~~~~~~
/usr/include/nodejs/deps/v8/include/v8-exception.h:66:12: note: candidate: ‘v8::TryCatch::TryCatch(v8::Isolate*)’
   66 |   explicit TryCatch(Isolate* isolate);
      |            ^~~~~~~~
/usr/include/nodejs/deps/v8/include/v8-exception.h:66:12: note:   candidate expects 1 argument, 0 provided
../lib/kerberos.cc:576:28: error: cannot convert ‘v8::TryCatch’ to ‘v8::Isolate*’
  576 |       node::FatalException(try_catch);
      |                            ^~~~~~~~~
      |                            |
      |                            v8::TryCatch
/usr/include/nodejs/src/node.h:1126:46: note:   initializing argument 1 of ‘void node::FatalException(v8::Isolate*, const v8::TryCatch&)’
 1126 | NODE_EXTERN void FatalException(v8::Isolate* isolate,
      |                                 ~~~~~~~~~~~~~^~~~~~~
../lib/kerberos.cc: At global scope:
/usr/include/nodejs/src/node.h:1226:7: warning: cast between incompatible function types from ‘void (*)(v8::Handle<v8::Object>)’ {aka ‘void (*)(v8::Local<v8::Object>)’} to ‘node::addon_register_func’ {aka ‘void (*)(v8::Local<v8::Object>, v8::Local<v8::Value>, void*)’} [-Wcast-function-type]
 1226 |       (node::addon_register_func) (regfunc),                          \
      |       ^~~~~~~~~~~~~~~~~~~~~~~~~~~~~~~~~~~~~
/usr/include/nodejs/src/node.h:1260:3: note: in expansion of macro ‘NODE_MODULE_X’
 1260 |   NODE_MODULE_X(modname, regfunc, NULL, 0)  // NOLINT (readability/null_usage)
      |   ^~~~~~~~~~~~~
../lib/kerberos.cc:592:1: note: in expansion of macro ‘NODE_MODULE’
  592 | NODE_MODULE(kerberos, init);
      | ^~~~~~~~~~~
make: *** [kerberos.target.mk:110: Release/obj.target/kerberos/lib/kerberos.o] Error 1
gyp ERR! build error 
gyp ERR! stack Error: `make` failed with exit code: 2
gyp ERR! stack at ChildProcess.<anonymous> (/usr/share/nodejs/node-gyp/lib/build.js:216:23)
gyp ERR! System Linux 6.11.2-amd64
gyp ERR! command "/usr/bin/node" "/usr/share/nodejs/node-gyp/bin/node-gyp.js" "rebuild"
gyp ERR! cwd /home/kali/Travel-/node_modules/kerberos
gyp ERR! node -v v20.19.2
gyp ERR! node-gyp -v v11.1.0
gyp ERR! not ok 
