gyp info it worked if it ends with ok
gyp info using node-gyp@11.1.0
gyp info using node@20.19.2 | linux | x64
gyp info find Python using Python version 3.12.7 found at "/usr/bin/python3"
gyp info spawn /usr/bin/python3
gyp info spawn args [
gyp info spawn args '/usr/share/nodejs/node-gyp/gyp/gyp_main.py',
gyp info spawn args 'binding.gyp',
gyp info spawn args '-f',
gyp info spawn args 'make',
gyp info spawn args '-I',
gyp info spawn args '/home/kali/Travel-/node_modules/bson/build/config.gypi',
gyp info spawn args '-I',
gyp info spawn args '/usr/share/nodejs/node-gyp/addon.gypi',
gyp info spawn args '-I',
gyp info spawn args '/usr/include/nodejs/common.gypi',
gyp info spawn args '-Dlibrary=shared_library',
gyp info spawn args '-Dvisibility=default',
gyp info spawn args '-Dnode_root_dir=/usr/include/nodejs',
gyp info spawn args '-Dnode_gyp_dir=/usr/share/nodejs/node-gyp',
gyp info spawn args '-Dnode_lib_file=/usr/include/nodejs/<(target_arch)/node.lib',
gyp info spawn args '-Dmodule_root_dir=/home/kali/Travel-/node_modules/bson',
gyp info spawn args '-Dnode_engine=v8',
gyp info spawn args '--depth=.',
gyp info spawn args '--no-parallel',
gyp info spawn args '--generator-output',
gyp info spawn args 'build',
gyp info spawn args '-Goutput_dir=.'
gyp info spawn args ]
gyp info spawn make
gyp info spawn args [ 'BUILDTYPE=Release', '-C', 'build' ]
In file included from ../../nan/nan.h:82,
                 from ../ext/bson.h:17,
                 from ../ext/bson.cc:36:
../../nan/nan_new.h: In function ‘v8::Local<T> NanIntern::To(v8::Handle<v8::Integer>) [with T = v8::Integer; v8::Handle<v8::Integer> = v8::Local<v8::Integer>]’:
../../nan/nan_new.h:29:65: error: no matching function for call to ‘v8::Integer::ToInteger()’
   29 | To<v8::Integer>(v8::Handle<v8::Integer> i) { return i->ToInteger(); }
      |                                                     ~~~~~~~~~~~~^~
In file included from /usr/include/nodejs/deps/v8/include/v8-primitive.h:11,
                 from /usr/include/nodejs/deps/v8/include/v8-object.h:11,
                 from /usr/include/nodejs/deps/v8/include/v8-array-buffer.h:13,
                 from /usr/include/nodejs/deps/v8/include/v8.h:24,
                 from ../ext/bson.cc:14:
/usr/include/nodejs/deps/v8/include/v8-value.h:389:45: note: candidate: ‘v8::MaybeLocal<v8::Integer> v8::Value::ToInteger(v8::Local<v8::Context>) const’
  389 |   V8_WARN_UNUSED_RESULT MaybeLocal<Integer> ToInteger(
      |                                             ^~~~~~~~~
/usr/include/nodejs/deps/v8/include/v8-value.h:389:45: note:   candidate expects 1 argument, 0 provided
../../nan/nan_new.h: In function ‘v8::Local<T> NanIntern::To(v8::Handle<v8::Integer>) [with T = v8::Int32; v8::Handle<v8::Integer> = v8::Local<v8::Integer>]’:
../../nan/nan_new.h:34:63: error: no matching function for call to ‘v8::Integer::ToInt32()’
   34 | To<v8::Int32>(v8::Handle<v8::Integer> i)   { return i->ToInt32(); }
      |                                                     ~~~~~~~~~~^~
/usr/include/nodejs/deps/v8/include/v8-value.h:403:43: note: candidate: ‘v8::MaybeLocal<v8::Int32> v8::Value::ToInt32(v8::Local<v8::Context>) const’
  403 |   V8_WARN_UNUSED_RESULT MaybeLocal<Int32> ToInt32(Local<Context> context) const;
      |                                           ^~~~~~~
/usr/include/nodejs/deps/v8/include/v8-value.h:403:43: note:   candidate expects 1 argument, 0 provided
../../nan/nan_new.h: In function ‘v8::Local<T> NanIntern::To(v8::Handle<v8::Integer>) [with T = v8::Uint32; v8::Handle<v8::Integer> = v8::Local<v8::Integer>]’:
../../nan/nan_new.h:39:64: error: no matching function for call to ‘v8::Integer::ToUint32()’
   39 | To<v8::Uint32>(v8::Handle<v8::Integer> i)  { return i->ToUint32(); }
      |                                                     ~~~~~~~~~~~^~
/usr/include/nodejs/deps/v8/include/v8-value.h:396:44: note: candidate: ‘v8::MaybeLocal<v8::Uint32> v8::Value::ToUint32(v8::Local<v8::Context>) const’
  396 |   V8_WARN_UNUSED_RESULT MaybeLocal<Uint32> ToUint32(
      |                                            ^~~~~~~~
/usr/include/nodejs/deps/v8/include/v8-value.h:396:44: note:   candidate expects 1 argument, 0 provided
In file included from ../../nan/nan_new.h:189:
../../nan/nan_implementation_12_inl.h: In static member function ‘static NanIntern::FactoryBase<v8::BooleanObject>::return_t NanIntern::Factory<v8::BooleanObject>::New(bool)’:
../../nan/nan_implementation_12_inl.h:49:32: error: no matching function for call to ‘v8::BooleanObject::New(bool&)’
   49 |   return v8::BooleanObject::New(value).As<v8::BooleanObject>();
      |          ~~~~~~~~~~~~~~~~~~~~~~^~~~~~~
In file included from /usr/include/nodejs/deps/v8/include/v8.h:47:
/usr/include/nodejs/deps/v8/include/v8-primitive-object.h:61:23: note: candidate: ‘static v8::Local<v8::Value> v8::BooleanObject::New(v8::Isolate*, bool)’
   61 |   static Local<Value> New(Isolate* isolate, bool value);
      |                       ^~~
/usr/include/nodejs/deps/v8/include/v8-primitive-object.h:61:23: note:   candidate expects 2 arguments, 1 provided
../../nan/nan_implementation_12_inl.h:49:60: error: expected primary-expression before ‘>’ token
   49 |   return v8::BooleanObject::New(value).As<v8::BooleanObject>();
      |                                                            ^
../../nan/nan_implementation_12_inl.h:49:62: error: expected primary-expression before ‘)’ token
   49 |   return v8::BooleanObject::New(value).As<v8::BooleanObject>();
      |                                                              ^
../../nan/nan_implementation_12_inl.h: In static member function ‘static NanIntern::FactoryBase<v8::Date>::return_t NanIntern::Factory<v8::Date>::New(double)’:
../../nan/nan_implementation_12_inl.h:65:47: error: cannot convert ‘v8::Isolate*’ to ‘v8::Local<v8::Context>’
   65 |   return v8::Date::New(v8::Isolate::GetCurrent(), value).As<v8::Date>();
      |                        ~~~~~~~~~~~~~~~~~~~~~~~^~
      |                                               |
      |                                               v8::Isolate*
In file included from /usr/include/nodejs/deps/v8/include/v8.h:28:
/usr/include/nodejs/deps/v8/include/v8-date.h:21:69: note:   initializing argument 1 of ‘static v8::MaybeLocal<v8::Value> v8::Date::New(v8::Local<v8::Context>, double)’
   21 |   static V8_WARN_UNUSED_RESULT MaybeLocal<Value> New(Local<Context> context,
      |                                                      ~~~~~~~~~~~~~~~^~~~~~~
../../nan/nan_implementation_12_inl.h:65:69: error: expected primary-expression before ‘>’ token
   65 |   return v8::Date::New(v8::Isolate::GetCurrent(), value).As<v8::Date>();
      |                                                                     ^
../../nan/nan_implementation_12_inl.h:65:71: error: expected primary-expression before ‘)’ token
   65 |   return v8::Date::New(v8::Isolate::GetCurrent(), value).As<v8::Date>();
      |                                                                       ^
../../nan/nan_implementation_12_inl.h: In static member function ‘static NanIntern::FactoryBase<v8::Function>::return_t NanIntern::Factory<v8::Function>::New(NanFunctionCallback, v8::Handle<v8::Value>)’:
../../nan/nan_implementation_12_inl.h:80:52: error: cannot convert ‘v8::Isolate*’ to ‘v8::Local<v8::Context>’
   80 |   return v8::Function::New( v8::Isolate::GetCurrent()
      |                             ~~~~~~~~~~~~~~~~~~~~~~~^~
      |                                                    |
      |                                                    v8::Isolate*
In file included from /usr/include/nodejs/deps/v8/include/v8.h:33:
/usr/include/nodejs/deps/v8/include/v8-function.h:33:22: note:   initializing argument 1 of ‘static v8::MaybeLocal<v8::Function> v8::Function::New(v8::Local<v8::Context>, v8::FunctionCallback, v8::Local<v8::Value>, int, v8::ConstructorBehavior, v8::SideEffectType)’
   33 |       Local<Context> context, FunctionCallback callback,
      |       ~~~~~~~~~~~~~~~^~~~~~~
../../nan/nan_implementation_12_inl.h: In static member function ‘static NanIntern::FactoryBase<v8::RegExp>::return_t NanIntern::Factory<v8::RegExp>::New(v8::Handle<v8::String>, v8::RegExp::Flags)’:
../../nan/nan_implementation_12_inl.h:158:25: error: no matching function for call to ‘v8::RegExp::New(v8::Handle<v8::String>&, v8::RegExp::Flags&)’
  158 |   return v8::RegExp::New(pattern, flags);
      |          ~~~~~~~~~~~~~~~^~~~~~~~~~~~~~~~
In file included from /usr/include/nodejs/deps/v8/include/v8.h:51:
/usr/include/nodejs/deps/v8/include/v8-regexp.h:55:51: note: candidate: ‘static v8::MaybeLocal<v8::RegExp> v8::RegExp::New(v8::Local<v8::Context>, v8::Local<v8::String>, Flags)’
   55 |   static V8_WARN_UNUSED_RESULT MaybeLocal<RegExp> New(Local<Context> context,
      |                                                   ^~~
/usr/include/nodejs/deps/v8/include/v8-regexp.h:55:51: note:   candidate expects 3 arguments, 2 provided
../../nan/nan_implementation_12_inl.h: In static member function ‘static NanIntern::FactoryBase<v8::Script>::return_t NanIntern::Factory<v8::Script>::New(v8::Local<v8::String>)’:
../../nan/nan_implementation_12_inl.h:166:37: error: no matching function for call to ‘v8::ScriptCompiler::Compile(v8::Isolate*, v8::ScriptCompiler::Source*)’
  166 |   return v8::ScriptCompiler::Compile(v8::Isolate::GetCurrent(), &src);
      |          ~~~~~~~~~~~~~~~~~~~~~~~~~~~^~~~~~~~~~~~~~~~~~~~~~~~~~~~~~~~~
In file included from /usr/include/nodejs/deps/v8/include/v8-debug.h:10,
                 from /usr/include/nodejs/deps/v8/include/v8.h:29:
/usr/include/nodejs/deps/v8/include/v8-script.h:633:51: note: candidate: ‘static v8::MaybeLocal<v8::Script> v8::ScriptCompiler::Compile(v8::Local<v8::Context>, Source*, CompileOptions, NoCacheReason)’
  633 |   static V8_WARN_UNUSED_RESULT MaybeLocal<Script> Compile(
      |                                                   ^~~~~~~
/usr/include/nodejs/deps/v8/include/v8-script.h:634:22: note:   no known conversion for argument 1 from ‘v8::Isolate*’ to ‘v8::Local<v8::Context>’
  634 |       Local<Context> context, Source* source,
      |       ~~~~~~~~~~~~~~~^~~~~~~
/usr/include/nodejs/deps/v8/include/v8-script.h:664:51: note: candidate: ‘static v8::MaybeLocal<v8::Script> v8::ScriptCompiler::Compile(v8::Local<v8::Context>, StreamedSource*, v8::Local<v8::String>, const v8::ScriptOrigin&)’
  664 |   static V8_WARN_UNUSED_RESULT MaybeLocal<Script> Compile(
      |                                                   ^~~~~~~
/usr/include/nodejs/deps/v8/include/v8-script.h:664:51: note:   candidate expects 4 arguments, 2 provided
../../nan/nan_implementation_12_inl.h: In static member function ‘static NanIntern::FactoryBase<v8::Script>::return_t NanIntern::Factory<v8::Script>::New(v8::Local<v8::String>, const v8::ScriptOrigin&)’:
../../nan/nan_implementation_12_inl.h:173:37: error: no matching function for call to ‘v8::ScriptCompiler::Compile(v8::Isolate*, v8::ScriptCompiler::Source*)’
  173 |   return v8::ScriptCompiler::Compile(v8::Isolate::GetCurrent(), &src);
      |          ~~~~~~~~~~~~~~~~~~~~~~~~~~~^~~~~~~~~~~~~~~~~~~~~~~~~~~~~~~~~
/usr/include/nodejs/deps/v8/include/v8-script.h:633:51: note: candidate: ‘static v8::MaybeLocal<v8::Script> v8::ScriptCompiler::Compile(v8::Local<v8::Context>, Source*, CompileOptions, NoCacheReason)’
  633 |   static V8_WARN_UNUSED_RESULT MaybeLocal<Script> Compile(
      |                                                   ^~~~~~~
/usr/include/nodejs/deps/v8/include/v8-script.h:634:22: note:   no known conversion for argument 1 from ‘v8::Isolate*’ to ‘v8::Local<v8::Context>’
  634 |       Local<Context> context, Source* source,
      |       ~~~~~~~~~~~~~~~^~~~~~~
/usr/include/nodejs/deps/v8/include/v8-script.h:664:51: note: candidate: ‘static v8::MaybeLocal<v8::Script> v8::ScriptCompiler::Compile(v8::Local<v8::Context>, StreamedSource*, v8::Local<v8::String>, const v8::ScriptOrigin&)’
  664 |   static V8_WARN_UNUSED_RESULT MaybeLocal<Script> Compile(
      |                                                   ^~~~~~~
/usr/include/nodejs/deps/v8/include/v8-script.h:664:51: note:   candidate expects 4 arguments, 2 provided
../../nan/nan_implementation_12_inl.h: In static member function ‘static NanIntern::FactoryBase<v8::String>::return_t NanIntern::Factory<v8::String>::New(const char*, int)’:
../../nan/nan_implementation_12_inl.h:193:19: error: ‘kNormalString’ is not a member of ‘v8::String’
  193 |       v8::String::kNormalString, length);
      |                   ^~~~~~~~~~~~~
../../nan/nan_implementation_12_inl.h: In static member function ‘static NanIntern::FactoryBase<v8::String>::return_t NanIntern::Factory<v8::String>::New(const std::string&)’:
../../nan/nan_implementation_12_inl.h:200:33: error: ‘kNormalString’ is not a member of ‘v8::String’
  200 |       value.data(), v8::String::kNormalString, static_cast<int>(value.size()));
      |                                 ^~~~~~~~~~~~~
../../nan/nan_implementation_12_inl.h: In static member function ‘static NanIntern::FactoryBase<v8::String>::return_t NanIntern::Factory<v8::String>::New(const uint8_t*, int)’:
../../nan/nan_implementation_12_inl.h:206:21: error: ‘kNormalString’ is not a member of ‘v8::String’
  206 |         v8::String::kNormalString, length);
      |                     ^~~~~~~~~~~~~
../../nan/nan_implementation_12_inl.h: In static member function ‘static NanIntern::FactoryBase<v8::String>::return_t NanIntern::Factory<v8::String>::New(const uint16_t*, int)’:
../../nan/nan_implementation_12_inl.h:212:21: error: ‘kNormalString’ is not a member of ‘v8::String’
  212 |         v8::String::kNormalString, length);
      |                     ^~~~~~~~~~~~~
../../nan/nan_implementation_12_inl.h: In static member function ‘static NanIntern::FactoryBase<v8::String>::return_t NanIntern::Factory<v8::String>::New(v8::String::ExternalStringResource*)’:
../../nan/nan_implementation_12_inl.h:217:22: error: ‘NewExternal’ is not a member of ‘v8::String’
  217 |   return v8::String::NewExternal(v8::Isolate::GetCurrent(), value);
      |                      ^~~~~~~~~~~
../../nan/nan_implementation_12_inl.h: In static member function ‘static NanIntern::FactoryBase<v8::String>::return_t NanIntern::Factory<v8::String>::New(NanExternalOneByteStringResource*)’:
../../nan/nan_implementation_12_inl.h:222:22: error: ‘NewExternal’ is not a member of ‘v8::String’
  222 |   return v8::String::NewExternal(v8::Isolate::GetCurrent(), value);
      |                      ^~~~~~~~~~~
../../nan/nan_implementation_12_inl.h: In static member function ‘static NanIntern::FactoryBase<v8::StringObject>::return_t NanIntern::Factory<v8::StringObject>::New(v8::Handle<v8::String>)’:
../../nan/nan_implementation_12_inl.h:229:31: error: no matching function for call to ‘v8::StringObject::New(v8::Handle<v8::String>&)’
  229 |   return v8::StringObject::New(value).As<v8::StringObject>();
      |          ~~~~~~~~~~~~~~~~~~~~~^~~~~~~
/usr/include/nodejs/deps/v8/include/v8-primitive-object.h:81:23: note: candidate: ‘static v8::Local<v8::Value> v8::StringObject::New(v8::Isolate*, v8::Local<v8::String>)’
   81 |   static Local<Value> New(Isolate* isolate, Local<String> value);
      |                       ^~~
/usr/include/nodejs/deps/v8/include/v8-primitive-object.h:81:23: note:   candidate expects 2 arguments, 1 provided
../../nan/nan_implementation_12_inl.h:229:58: error: expected primary-expression before ‘>’ token
  229 |   return v8::StringObject::New(value).As<v8::StringObject>();
      |                                                          ^
../../nan/nan_implementation_12_inl.h:229:60: error: expected primary-expression before ‘)’ token
  229 |   return v8::StringObject::New(value).As<v8::StringObject>();
      |                                                            ^
../../nan/nan_implementation_12_inl.h: In static member function ‘static NanIntern::FactoryBase<v8::UnboundScript>::return_t NanIntern::Factory<v8::UnboundScript>::New(v8::Local<v8::String>)’:
../../nan/nan_implementation_12_inl.h:237:30: error: ‘CompileUnbound’ is not a member of ‘v8::ScriptCompiler’
  237 |   return v8::ScriptCompiler::CompileUnbound(v8::Isolate::GetCurrent(), &src);
      |                              ^~~~~~~~~~~~~~
../../nan/nan_implementation_12_inl.h: In static member function ‘static NanIntern::FactoryBase<v8::UnboundScript>::return_t NanIntern::Factory<v8::UnboundScript>::New(v8::Local<v8::String>, const v8::ScriptOrigin&)’:
../../nan/nan_implementation_12_inl.h:244:30: error: ‘CompileUnbound’ is not a member of ‘v8::ScriptCompiler’
  244 |   return v8::ScriptCompiler::CompileUnbound(v8::Isolate::GetCurrent(), &src);
      |                              ^~~~~~~~~~~~~~
../../nan/nan.h: In function ‘bool NanBooleanOptionValue(v8::Local<v8::Object>, v8::Handle<v8::String>, bool)’:
../../nan/nan.h:224:26: error: no matching function for call to ‘v8::Object::Has(v8::Handle<v8::String>&)’
  224 |       || !optionsObj->Has(opt)
      |           ~~~~~~~~~~~~~~~^~~~~
/usr/include/nodejs/deps/v8/include/v8-object.h:327:37: note: candidate: ‘v8::Maybe<bool> v8::Object::Has(v8::Local<v8::Context>, v8::Local<v8::Value>)’
  327 |   V8_WARN_UNUSED_RESULT Maybe<bool> Has(Local<Context> context,
      |                                     ^~~
/usr/include/nodejs/deps/v8/include/v8-object.h:327:37: note:   candidate expects 2 arguments, 1 provided
/usr/include/nodejs/deps/v8/include/v8-object.h:333:37: note: candidate: ‘v8::Maybe<bool> v8::Object::Has(v8::Local<v8::Context>, uint32_t)’
  333 |   V8_WARN_UNUSED_RESULT Maybe<bool> Has(Local<Context> context, uint32_t index);
      |                                     ^~~
/usr/include/nodejs/deps/v8/include/v8-object.h:333:37: note:   candidate expects 2 arguments, 1 provided
../../nan/nan.h:225:25: error: no matching function for call to ‘v8::Object::Get(v8::Handle<v8::String>&)’
  225 |       || optionsObj->Get(opt)->BooleanValue();
      |          ~~~~~~~~~~~~~~~^~~~~
/usr/include/nodejs/deps/v8/include/v8-object.h:292:43: note: candidate: ‘v8::MaybeLocal<v8::Value> v8::Object::Get(v8::Local<v8::Context>, v8::Local<v8::Value>)’
  292 |   V8_WARN_UNUSED_RESULT MaybeLocal<Value> Get(Local<Context> context,
      |                                           ^~~
/usr/include/nodejs/deps/v8/include/v8-object.h:292:43: note:   candidate expects 2 arguments, 1 provided
/usr/include/nodejs/deps/v8/include/v8-object.h:295:43: note: candidate: ‘v8::MaybeLocal<v8::Value> v8::Object::Get(v8::Local<v8::Context>, uint32_t)’
  295 |   V8_WARN_UNUSED_RESULT MaybeLocal<Value> Get(Local<Context> context,
      |                                           ^~~
/usr/include/nodejs/deps/v8/include/v8-object.h:295:43: note:   candidate expects 2 arguments, 1 provided
../../nan/nan.h:228:25: error: no matching function for call to ‘v8::Object::Has(v8::Handle<v8::String>&)’
  228 |       && optionsObj->Has(opt)
      |          ~~~~~~~~~~~~~~~^~~~~
/usr/include/nodejs/deps/v8/include/v8-object.h:327:37: note: candidate: ‘v8::Maybe<bool> v8::Object::Has(v8::Local<v8::Context>, v8::Local<v8::Value>)’
  327 |   V8_WARN_UNUSED_RESULT Maybe<bool> Has(Local<Context> context,
      |                                     ^~~
/usr/include/nodejs/deps/v8/include/v8-object.h:327:37: note:   candidate expects 2 arguments, 1 provided
/usr/include/nodejs/deps/v8/include/v8-object.h:333:37: note: candidate: ‘v8::Maybe<bool> v8::Object::Has(v8::Local<v8::Context>, uint32_t)’
  333 |   V8_WARN_UNUSED_RESULT Maybe<bool> Has(Local<Context> context, uint32_t index);
      |                                     ^~~
/usr/include/nodejs/deps/v8/include/v8-object.h:333:37: note:   candidate expects 2 arguments, 1 provided
../../nan/nan.h:229:25: error: no matching function for call to ‘v8::Object::Get(v8::Handle<v8::String>&)’
  229 |       && optionsObj->Get(opt)->BooleanValue();
      |          ~~~~~~~~~~~~~~~^~~~~
/usr/include/nodejs/deps/v8/include/v8-object.h:292:43: note: candidate: ‘v8::MaybeLocal<v8::Value> v8::Object::Get(v8::Local<v8::Context>, v8::Local<v8::Value>)’
  292 |   V8_WARN_UNUSED_RESULT MaybeLocal<Value> Get(Local<Context> context,
      |                                           ^~~
/usr/include/nodejs/deps/v8/include/v8-object.h:292:43: note:   candidate expects 2 arguments, 1 provided
/usr/include/nodejs/deps/v8/include/v8-object.h:295:43: note: candidate: ‘v8::MaybeLocal<v8::Value> v8::Object::Get(v8::Local<v8::Context>, uint32_t)’
  295 |   V8_WARN_UNUSED_RESULT MaybeLocal<Value> Get(Local<Context> context,
      |                                           ^~~
/usr/include/nodejs/deps/v8/include/v8-object.h:295:43: note:   candidate expects 2 arguments, 1 provided
../../nan/nan.h: In function ‘uint32_t NanUInt32OptionValue(v8::Local<v8::Object>, v8::Handle<v8::String>, uint32_t)’:
../../nan/nan.h:246:23: error: no matching function for call to ‘v8::Object::Has(v8::Handle<v8::String>&)’
  246 |     && optionsObj->Has(opt)
      |        ~~~~~~~~~~~~~~~^~~~~
/usr/include/nodejs/deps/v8/include/v8-object.h:327:37: note: candidate: ‘v8::Maybe<bool> v8::Object::Has(v8::Local<v8::Context>, v8::Local<v8::Value>)’
  327 |   V8_WARN_UNUSED_RESULT Maybe<bool> Has(Local<Context> context,
      |                                     ^~~
/usr/include/nodejs/deps/v8/include/v8-object.h:327:37: note:   candidate expects 2 arguments, 1 provided
/usr/include/nodejs/deps/v8/include/v8-object.h:333:37: note: candidate: ‘v8::Maybe<bool> v8::Object::Has(v8::Local<v8::Context>, uint32_t)’
  333 |   V8_WARN_UNUSED_RESULT Maybe<bool> Has(Local<Context> context, uint32_t index);
      |                                     ^~~
/usr/include/nodejs/deps/v8/include/v8-object.h:333:37: note:   candidate expects 2 arguments, 1 provided
../../nan/nan.h:247:23: error: no matching function for call to ‘v8::Object::Get(v8::Handle<v8::String>&)’
  247 |     && optionsObj->Get(opt)->IsNumber()
      |        ~~~~~~~~~~~~~~~^~~~~
/usr/include/nodejs/deps/v8/include/v8-object.h:292:43: note: candidate: ‘v8::MaybeLocal<v8::Value> v8::Object::Get(v8::Local<v8::Context>, v8::Local<v8::Value>)’
  292 |   V8_WARN_UNUSED_RESULT MaybeLocal<Value> Get(Local<Context> context,
      |                                           ^~~
/usr/include/nodejs/deps/v8/include/v8-object.h:292:43: note:   candidate expects 2 arguments, 1 provided
/usr/include/nodejs/deps/v8/include/v8-object.h:295:43: note: candidate: ‘v8::MaybeLocal<v8::Value> v8::Object::Get(v8::Local<v8::Context>, uint32_t)’
  295 |   V8_WARN_UNUSED_RESULT MaybeLocal<Value> Get(Local<Context> context,
      |                                           ^~~
/usr/include/nodejs/deps/v8/include/v8-object.h:295:43: note:   candidate expects 2 arguments, 1 provided
../../nan/nan.h:248:24: error: no matching function for call to ‘v8::Object::Get(v8::Handle<v8::String>&)’
  248 |       ? optionsObj->Get(opt)->Uint32Value()
      |         ~~~~~~~~~~~~~~~^~~~~
/usr/include/nodejs/deps/v8/include/v8-object.h:292:43: note: candidate: ‘v8::MaybeLocal<v8::Value> v8::Object::Get(v8::Local<v8::Context>, v8::Local<v8::Value>)’
  292 |   V8_WARN_UNUSED_RESULT MaybeLocal<Value> Get(Local<Context> context,
      |                                           ^~~
/usr/include/nodejs/deps/v8/include/v8-object.h:292:43: note:   candidate expects 2 arguments, 1 provided
/usr/include/nodejs/deps/v8/include/v8-object.h:295:43: note: candidate: ‘v8::MaybeLocal<v8::Value> v8::Object::Get(v8::Local<v8::Context>, uint32_t)’
  295 |   V8_WARN_UNUSED_RESULT MaybeLocal<Value> Get(Local<Context> context,
      |                                           ^~~
/usr/include/nodejs/deps/v8/include/v8-object.h:295:43: note:   candidate expects 2 arguments, 1 provided
../../nan/nan.h: At global scope:
../../nan/nan.h:261:25: error: redefinition of ‘template<class T> v8::Local<T> _NanEnsureLocal(v8::Local<T>)’
  261 | NAN_INLINE v8::Local<T> _NanEnsureLocal(v8::Local<T> val) {
      |                         ^~~~~~~~~~~~~~~
../../nan/nan.h:256:25: note: ‘template<class T> v8::Local<T> _NanEnsureLocal(v8::Handle<T>)’ previously declared here
  256 | NAN_INLINE v8::Local<T> _NanEnsureLocal(v8::Handle<T> val) {
      |                         ^~~~~~~~~~~~~~~
../../nan/nan.h: In function ‘bool NanIdleNotification(int)’:
../../nan/nan.h:289:39: error: ‘class v8::Isolate’ has no member named ‘IdleNotification’; did you mean ‘IdleNotificationDeadline’?
  289 |     return v8::Isolate::GetCurrent()->IdleNotification(idle_time_in_ms);
      |                                       ^~~~~~~~~~~~~~~~
      |                                       IdleNotificationDeadline
../../nan/nan.h: At global scope:
../../nan/nan.h:472:19: error: variable or field ‘NanAddGCEpilogueCallback’ declared void
  472 |   NAN_INLINE void NanAddGCEpilogueCallback(
      |                   ^~~~~~~~~~~~~~~~~~~~~~~~
../../nan/nan.h:473:20: error: ‘GCEpilogueCallback’ is not a member of ‘v8::Isolate’
  473 |       v8::Isolate::GCEpilogueCallback callback
      |                    ^~~~~~~~~~~~~~~~~~
../../nan/nan.h:474:18: error: expected primary-expression before ‘gc_type_filter’
  474 |     , v8::GCType gc_type_filter = v8::kGCTypeAll) {
      |                  ^~~~~~~~~~~~~~
../../nan/nan.h:478:19: error: variable or field ‘NanRemoveGCEpilogueCallback’ declared void
  478 |   NAN_INLINE void NanRemoveGCEpilogueCallback(
      |                   ^~~~~~~~~~~~~~~~~~~~~~~~~~~
../../nan/nan.h:479:20: error: ‘GCEpilogueCallback’ is not a member of ‘v8::Isolate’
  479 |       v8::Isolate::GCEpilogueCallback callback) {
      |                    ^~~~~~~~~~~~~~~~~~
../../nan/nan.h:483:19: error: variable or field ‘NanAddGCPrologueCallback’ declared void
  483 |   NAN_INLINE void NanAddGCPrologueCallback(
      |                   ^~~~~~~~~~~~~~~~~~~~~~~~
../../nan/nan.h:484:20: error: ‘GCPrologueCallback’ is not a member of ‘v8::Isolate’
  484 |       v8::Isolate::GCPrologueCallback callback
      |                    ^~~~~~~~~~~~~~~~~~
../../nan/nan.h:485:18: error: expected primary-expression before ‘gc_type_filter’
  485 |     , v8::GCType gc_type_filter = v8::kGCTypeAll) {
      |                  ^~~~~~~~~~~~~~
../../nan/nan.h:489:19: error: variable or field ‘NanRemoveGCPrologueCallback’ declared void
  489 |   NAN_INLINE void NanRemoveGCPrologueCallback(
      |                   ^~~~~~~~~~~~~~~~~~~~~~~~~~~
../../nan/nan.h:490:20: error: ‘GCPrologueCallback’ is not a member of ‘v8::Isolate’
  490 |       v8::Isolate::GCPrologueCallback callback) {
      |                    ^~~~~~~~~~~~~~~~~~
../../nan/nan.h:569:15: error: ‘WeakCallbackData’ in namespace ‘v8’ does not name a template type; did you mean ‘WeakCallbackType’?
  569 |     const v8::WeakCallbackData<T, _NanWeakCallbackInfo<T, P> > &data) {
      |               ^~~~~~~~~~~~~~~~
      |               WeakCallbackType
../../nan/nan.h:569:31: error: expected ‘,’ or ‘...’ before ‘<’ token
  569 |     const v8::WeakCallbackData<T, _NanWeakCallbackInfo<T, P> > &data) {
      |                               ^
../../nan/nan.h: In function ‘void _NanWeakCallbackDispatcher(int)’:
../../nan/nan.h:570:42: error: ‘data’ was not declared in this scope; did you mean ‘std::data’?
  570 |       _NanWeakCallbackInfo<T, P> *info = data.GetParameter();
      |                                          ^~~~
      |                                          std::data
In file included from /usr/include/c++/14/vector:69,
                 from /usr/include/nodejs/deps/v8/include/v8-context.h:10,
                 from /usr/include/nodejs/deps/v8/include/v8.h:26:
/usr/include/c++/14/bits/range_access.h:344:5: note: ‘std::data’ declared here
  344 |     data(initializer_list<_Tp> __il) noexcept
      |     ^~~~
../../nan/nan.h: In function ‘v8::Local<v8::Value> NanError(const char*, int)’:
../../nan/nan.h:625:13: error: no matching function for call to ‘v8::Object::Set(NanIntern::FactoryBase<v8::String>::return_t, NanIntern::IntegerFactory<v8::Integer>::return_t)’
  625 |     obj->Set(NanNew<v8::String>("code"), NanNew<v8::Integer>(errorNumber));
      |     ~~~~~~~~^~~~~~~~~~~~~~~~~~~~~~~~~~~~~~~~~~~~~~~~~~~~~~~~~~~~~~~~~~~~~~
/usr/include/nodejs/deps/v8/include/v8-object.h:246:37: note: candidate: ‘v8::Maybe<bool> v8::Object::Set(v8::Local<v8::Context>, v8::Local<v8::Value>, v8::Local<v8::Value>)’
  246 |   V8_WARN_UNUSED_RESULT Maybe<bool> Set(Local<Context> context,
      |                                     ^~~
/usr/include/nodejs/deps/v8/include/v8-object.h:246:37: note:   candidate expects 3 arguments, 2 provided
/usr/include/nodejs/deps/v8/include/v8-object.h:249:37: note: candidate: ‘v8::Maybe<bool> v8::Object::Set(v8::Local<v8::Context>, uint32_t, v8::Local<v8::Value>)’
  249 |   V8_WARN_UNUSED_RESULT Maybe<bool> Set(Local<Context> context, uint32_t index,
      |                                     ^~~
/usr/include/nodejs/deps/v8/include/v8-object.h:249:37: note:   candidate expects 3 arguments, 2 provided
../../nan/nan.h: At global scope:
../../nan/nan.h:661:13: error: ‘node::smalloc’ has not been declared
  661 |     , node::smalloc::FreeCallback callback
      |             ^~~~~~~
../../nan/nan.h:661:35: error: expected ‘,’ or ‘...’ before ‘callback’
  661 |     , node::smalloc::FreeCallback callback
      |                                   ^~~~~~~~
../../nan/nan.h: In function ‘v8::Local<v8::Object> NanNewBufferHandle(char*, size_t, int)’:
../../nan/nan.h:665:50: error: ‘callback’ was not declared in this scope; did you mean ‘calloc’?
  665 |         v8::Isolate::GetCurrent(), data, length, callback, hint);
      |                                                  ^~~~~~~~
      |                                                  calloc
../../nan/nan.h:665:60: error: ‘hint’ was not declared in this scope; did you mean ‘uint’?
  665 |         v8::Isolate::GetCurrent(), data, length, callback, hint);
      |                                                            ^~~~
      |                                                            uint
../../nan/nan.h: In function ‘v8::Local<v8::Object> NanNewBufferHandle(const char*, uint32_t)’:
../../nan/nan.h:672:57: error: invalid conversion from ‘const char*’ to ‘char*’ [-fpermissive]
  672 |     return node::Buffer::New(v8::Isolate::GetCurrent(), data, size);
      |                                                         ^~~~
      |                                                         |
      |                                                         const char*
In file included from ../ext/bson.cc:24:
/usr/include/nodejs/src/node_buffer.h:65:50: note:   initializing argument 2 of ‘v8::MaybeLocal<v8::Object> node::Buffer::New(v8::Isolate*, char*, size_t)’
   65 |                                            char* data,
      |                                            ~~~~~~^~~~
../../nan/nan.h:672:29: error: could not convert ‘node::Buffer::New(v8::Isolate::GetCurrent(), ((char*)data), ((size_t)size))’ from ‘v8::MaybeLocal<v8::Object>’ to ‘v8::Local<v8::Object>’
  672 |     return node::Buffer::New(v8::Isolate::GetCurrent(), data, size);
      |            ~~~~~~~~~~~~~~~~~^~~~~~~~~~~~~~~~~~~~~~~~~~~~~~~~~~~~~~~
      |                             |
      |                             v8::MaybeLocal<v8::Object>
../../nan/nan.h: In function ‘v8::Local<v8::Object> NanNewBufferHandle(uint32_t)’:
../../nan/nan.h:676:29: error: could not convert ‘node::Buffer::New(v8::Isolate::GetCurrent(), ((size_t)size))’ from ‘v8::MaybeLocal<v8::Object>’ to ‘v8::Local<v8::Object>’
  676 |     return node::Buffer::New(v8::Isolate::GetCurrent(), size);
      |            ~~~~~~~~~~~~~~~~~^~~~~~~~~~~~~~~~~~~~~~~~~~~~~~~~~
      |                             |
      |                             v8::MaybeLocal<v8::Object>
../../nan/nan.h: In function ‘v8::Local<v8::Object> NanBufferUse(char*, uint32_t)’:
../../nan/nan.h:683:26: error: ‘Use’ is not a member of ‘node::Buffer’
  683 |     return node::Buffer::Use(v8::Isolate::GetCurrent(), data, size);
      |                          ^~~
../../nan/nan.h: In function ‘v8::Local<v8::Script> NanCompileScript(v8::Local<v8::String>, const v8::ScriptOrigin&)’:
../../nan/nan.h:710:39: error: no matching function for call to ‘v8::ScriptCompiler::Compile(v8::Isolate*, v8::ScriptCompiler::Source*)’
  710 |     return v8::ScriptCompiler::Compile(v8::Isolate::GetCurrent(), &source);
      |            ~~~~~~~~~~~~~~~~~~~~~~~~~~~^~~~~~~~~~~~~~~~~~~~~~~~~~~~~~~~~~~~
/usr/include/nodejs/deps/v8/include/v8-script.h:633:51: note: candidate: ‘static v8::MaybeLocal<v8::Script> v8::ScriptCompiler::Compile(v8::Local<v8::Context>, Source*, CompileOptions, NoCacheReason)’
  633 |   static V8_WARN_UNUSED_RESULT MaybeLocal<Script> Compile(
      |                                                   ^~~~~~~
/usr/include/nodejs/deps/v8/include/v8-script.h:634:22: note:   no known conversion for argument 1 from ‘v8::Isolate*’ to ‘v8::Local<v8::Context>’
  634 |       Local<Context> context, Source* source,
      |       ~~~~~~~~~~~~~~~^~~~~~~
/usr/include/nodejs/deps/v8/include/v8-script.h:664:51: note: candidate: ‘static v8::MaybeLocal<v8::Script> v8::ScriptCompiler::Compile(v8::Local<v8::Context>, StreamedSource*, v8::Local<v8::String>, const v8::ScriptOrigin&)’
  664 |   static V8_WARN_UNUSED_RESULT MaybeLocal<Script> Compile(
      |                                                   ^~~~~~~
/usr/include/nodejs/deps/v8/include/v8-script.h:664:51: note:   candidate expects 4 arguments, 2 provided
../../nan/nan.h: In function ‘v8::Local<v8::Script> NanCompileScript(v8::Local<v8::String>)’:
../../nan/nan.h:717:39: error: no matching function for call to ‘v8::ScriptCompiler::Compile(v8::Isolate*, v8::ScriptCompiler::Source*)’
  717 |     return v8::ScriptCompiler::Compile(v8::Isolate::GetCurrent(), &source);
      |            ~~~~~~~~~~~~~~~~~~~~~~~~~~~^~~~~~~~~~~~~~~~~~~~~~~~~~~~~~~~~~~~
/usr/include/nodejs/deps/v8/include/v8-script.h:633:51: note: candidate: ‘static v8::MaybeLocal<v8::Script> v8::ScriptCompiler::Compile(v8::Local<v8::Context>, Source*, CompileOptions, NoCacheReason)’
  633 |   static V8_WARN_UNUSED_RESULT MaybeLocal<Script> Compile(
      |                                                   ^~~~~~~
/usr/include/nodejs/deps/v8/include/v8-script.h:634:22: note:   no known conversion for argument 1 from ‘v8::Isolate*’ to ‘v8::Local<v8::Context>’
  634 |       Local<Context> context, Source* source,
      |       ~~~~~~~~~~~~~~~^~~~~~~
/usr/include/nodejs/deps/v8/include/v8-script.h:664:51: note: candidate: ‘static v8::MaybeLocal<v8::Script> v8::ScriptCompiler::Compile(v8::Local<v8::Context>, StreamedSource*, v8::Local<v8::String>, const v8::ScriptOrigin&)’
  664 |   static V8_WARN_UNUSED_RESULT MaybeLocal<Script> Compile(
      |                                                   ^~~~~~~
/usr/include/nodejs/deps/v8/include/v8-script.h:664:51: note:   candidate expects 4 arguments, 2 provided
../../nan/nan.h: In function ‘v8::Local<v8::Value> NanRunScript(v8::Handle<v8::UnboundScript>)’:
../../nan/nan.h:723:47: error: no matching function for call to ‘v8::Script::Run()’
  723 |     return script->BindToCurrentContext()->Run();
      |            ~~~~~~~~~~~~~~~~~~~~~~~~~~~~~~~~~~~^~
/usr/include/nodejs/deps/v8/include/v8-script.h:336:43: note: candidate: ‘v8::MaybeLocal<v8::Value> v8::Script::Run(v8::Local<v8::Context>)’
  336 |   V8_WARN_UNUSED_RESULT MaybeLocal<Value> Run(Local<Context> context);
      |                                           ^~~
/usr/include/nodejs/deps/v8/include/v8-script.h:336:43: note:   candidate expects 1 argument, 0 provided
/usr/include/nodejs/deps/v8/include/v8-script.h:337:43: note: candidate: ‘v8::MaybeLocal<v8::Value> v8::Script::Run(v8::Local<v8::Context>, v8::Local<v8::Data>)’
  337 |   V8_WARN_UNUSED_RESULT MaybeLocal<Value> Run(Local<Context> context,
      |                                           ^~~
/usr/include/nodejs/deps/v8/include/v8-script.h:337:43: note:   candidate expects 2 arguments, 0 provided
../../nan/nan.h: In function ‘v8::Local<v8::Value> NanRunScript(v8::Handle<v8::Script>)’:
../../nan/nan.h:729:23: error: no matching function for call to ‘v8::Script::Run()’
  729 |     return script->Run();
      |            ~~~~~~~~~~~^~
/usr/include/nodejs/deps/v8/include/v8-script.h:336:43: note: candidate: ‘v8::MaybeLocal<v8::Value> v8::Script::Run(v8::Local<v8::Context>)’
  336 |   V8_WARN_UNUSED_RESULT MaybeLocal<Value> Run(Local<Context> context);
      |                                           ^~~
/usr/include/nodejs/deps/v8/include/v8-script.h:336:43: note:   candidate expects 1 argument, 0 provided
/usr/include/nodejs/deps/v8/include/v8-script.h:337:43: note: candidate: ‘v8::MaybeLocal<v8::Value> v8::Script::Run(v8::Local<v8::Context>, v8::Local<v8::Data>)’
  337 |   V8_WARN_UNUSED_RESULT MaybeLocal<Value> Run(Local<Context> context,
      |                                           ^~~
/usr/include/nodejs/deps/v8/include/v8-script.h:337:43: note:   candidate expects 2 arguments, 0 provided
../../nan/nan.h: In function ‘v8::Local<v8::Value> NanMakeCallback(v8::Handle<v8::Object>, v8::Handle<v8::Function>, int, v8::Handle<v8::Value>*)’:
../../nan/nan.h:737:37: warning: ‘v8::Local<v8::Value> node::MakeCallback(v8::Isolate*, v8::Local<v8::Object>, v8::Local<v8::Function>, int, v8::Local<v8::Value>*)’ is deprecated: Use MakeCallback(..., async_context) [-Wdeprecated-declarations]
  737 |     return NanNew(node::MakeCallback(
      |                   ~~~~~~~~~~~~~~~~~~^
  738 |         v8::Isolate::GetCurrent(), target, func, argc, argv));
      |         ~~~~~~~~~~~~~~~~~~~~~~~~~~~~~~~~~~~~~~~~~~~~~~~~~~~~
In file included from ../ext/bson.cc:22:
/usr/include/nodejs/src/node.h:199:50: note: declared here
  199 |                 NODE_EXTERN v8::Local<v8::Value> MakeCallback(
      |                                                  ^~~~~~~~~~~~
/usr/include/nodejs/src/node.h:116:42: note: in definition of macro ‘NODE_DEPRECATED’
  116 |     __attribute__((deprecated(message))) declarator
      |                                          ^~~~~~~~~~
../../nan/nan.h: In function ‘v8::Local<v8::Value> NanMakeCallback(v8::Handle<v8::Object>, v8::Handle<v8::String>, int, v8::Handle<v8::Value>*)’:
../../nan/nan.h:746:37: warning: ‘v8::Local<v8::Value> node::MakeCallback(v8::Isolate*, v8::Local<v8::Object>, v8::Local<v8::String>, int, v8::Local<v8::Value>*)’ is deprecated: Use MakeCallback(..., async_context) [-Wdeprecated-declarations]
  746 |     return NanNew(node::MakeCallback(
      |                   ~~~~~~~~~~~~~~~~~~^
  747 |         v8::Isolate::GetCurrent(), target, symbol, argc, argv));
      |         ~~~~~~~~~~~~~~~~~~~~~~~~~~~~~~~~~~~~~~~~~~~~~~~~~~~~~~
/usr/include/nodejs/src/node.h:192:50: note: declared here
  192 |                 NODE_EXTERN v8::Local<v8::Value> MakeCallback(
      |                                                  ^~~~~~~~~~~~
/usr/include/nodejs/src/node.h:116:42: note: in definition of macro ‘NODE_DEPRECATED’
  116 |     __attribute__((deprecated(message))) declarator
      |                                          ^~~~~~~~~~
../../nan/nan.h: In function ‘v8::Local<v8::Value> NanMakeCallback(v8::Handle<v8::Object>, const char*, int, v8::Handle<v8::Value>*)’:
../../nan/nan.h:755:37: warning: ‘v8::Local<v8::Value> node::MakeCallback(v8::Isolate*, v8::Local<v8::Object>, const char*, int, v8::Local<v8::Value>*)’ is deprecated: Use MakeCallback(..., async_context) [-Wdeprecated-declarations]
  755 |     return NanNew(node::MakeCallback(
      |                   ~~~~~~~~~~~~~~~~~~^
  756 |         v8::Isolate::GetCurrent(), target, method, argc, argv));
      |         ~~~~~~~~~~~~~~~~~~~~~~~~~~~~~~~~~~~~~~~~~~~~~~~~~~~~~~
/usr/include/nodejs/src/node.h:185:50: note: declared here
  185 |                 NODE_EXTERN v8::Local<v8::Value> MakeCallback(
      |                                                  ^~~~~~~~~~~~
/usr/include/nodejs/src/node.h:116:42: note: in definition of macro ‘NODE_DEPRECATED’
  116 |     __attribute__((deprecated(message))) declarator
      |                                          ^~~~~~~~~~
../../nan/nan.h: In constructor ‘NanAsciiString::NanAsciiString(v8::Handle<v8::Value>)’:
../../nan/nan.h:777:51: error: no matching function for call to ‘v8::Value::ToString()’
  777 |       v8::Local<v8::String> toStr = from->ToString();
      |                                     ~~~~~~~~~~~~~~^~
/usr/include/nodejs/deps/v8/include/v8-value.h:370:44: note: candidate: ‘v8::MaybeLocal<v8::String> v8::Value::ToString(v8::Local<v8::Context>) const’
  370 |   V8_WARN_UNUSED_RESULT MaybeLocal<String> ToString(
      |                                            ^~~~~~~~
/usr/include/nodejs/deps/v8/include/v8-value.h:370:44: note:   candidate expects 1 argument, 0 provided
../../nan/nan.h:780:33: error: no matching function for call to ‘v8::String::WriteOneByte(unsigned char*)’
  780 |       size = toStr->WriteOneByte(reinterpret_cast<unsigned char*>(buf));
      |              ~~~~~~~~~~~~~~~~~~~^~~~~~~~~~~~~~~~~~~~~~~~~~~~~~~~~~~~~~~
/usr/include/nodejs/deps/v8/include/v8-primitive.h:200:7: note: candidate: ‘int v8::String::WriteOneByte(v8::Isolate*, uint8_t*, int, int, int) const’
  200 |   int WriteOneByte(Isolate* isolate, uint8_t* buffer, int start = 0,
      |       ^~~~~~~~~~~~
/usr/include/nodejs/deps/v8/include/v8-primitive.h:200:7: note:   candidate expects 5 arguments, 1 provided
../../nan/nan.h: In constructor ‘NanUtf8String::NanUtf8String(v8::Handle<v8::Value>)’:
../../nan/nan.h:811:51: error: no matching function for call to ‘v8::Value::ToString()’
  811 |       v8::Local<v8::String> toStr = from->ToString();
      |                                     ~~~~~~~~~~~~~~^~
/usr/include/nodejs/deps/v8/include/v8-value.h:370:44: note: candidate: ‘v8::MaybeLocal<v8::String> v8::Value::ToString(v8::Local<v8::Context>) const’
  370 |   V8_WARN_UNUSED_RESULT MaybeLocal<String> ToString(
      |                                            ^~~~~~~~
/usr/include/nodejs/deps/v8/include/v8-value.h:370:44: note:   candidate expects 1 argument, 0 provided
../../nan/nan.h:812:31: error: no matching function for call to ‘v8::String::Utf8Length()’
  812 |       size = toStr->Utf8Length();
      |              ~~~~~~~~~~~~~~~~~^~
/usr/include/nodejs/deps/v8/include/v8-primitive.h:143:7: note: candidate: ‘int v8::String::Utf8Length(v8::Isolate*) const’
  143 |   int Utf8Length(Isolate* isolate) const;
      |       ^~~~~~~~~~
/usr/include/nodejs/deps/v8/include/v8-primitive.h:143:7: note:   candidate expects 1 argument, 0 provided
../../nan/nan.h:814:23: error: no matching function for call to ‘v8::String::WriteUtf8(char*&)’
  814 |       toStr->WriteUtf8(buf);
      |       ~~~~~~~~~~~~~~~~^~~~~
/usr/include/nodejs/deps/v8/include/v8-primitive.h:203:7: note: candidate: ‘int v8::String::WriteUtf8(v8::Isolate*, char*, int, int*, int) const’
  203 |   int WriteUtf8(Isolate* isolate, char* buffer, int length = -1,
      |       ^~~~~~~~~
/usr/include/nodejs/deps/v8/include/v8-primitive.h:203:7: note:   candidate expects 5 arguments, 1 provided
../../nan/nan.h: In constructor ‘NanUcs2String::NanUcs2String(v8::Handle<v8::Value>)’:
../../nan/nan.h:844:51: error: no matching function for call to ‘v8::Value::ToString()’
  844 |       v8::Local<v8::String> toStr = from->ToString();
      |                                     ~~~~~~~~~~~~~~^~
/usr/include/nodejs/deps/v8/include/v8-value.h:370:44: note: candidate: ‘v8::MaybeLocal<v8::String> v8::Value::ToString(v8::Local<v8::Context>) const’
  370 |   V8_WARN_UNUSED_RESULT MaybeLocal<String> ToString(
      |                                            ^~~~~~~~
/usr/include/nodejs/deps/v8/include/v8-value.h:370:44: note:   candidate expects 1 argument, 0 provided
../../nan/nan.h:847:19: error: no matching function for call to ‘v8::String::Write(uint16_t*&)’
  847 |       toStr->Write(buf);
      |       ~~~~~~~~~~~~^~~~~
/usr/include/nodejs/deps/v8/include/v8-primitive.h:197:7: note: candidate: ‘int v8::String::Write(v8::Isolate*, uint16_t*, int, int, int) const’
  197 |   int Write(Isolate* isolate, uint16_t* buffer, int start = 0, int length = -1,
      |       ^~~~~
/usr/include/nodejs/deps/v8/include/v8-primitive.h:197:7: note:   candidate expects 5 arguments, 1 provided
../../nan/nan.h: In member function ‘bool NanCallback::operator==(const NanCallback&) const’:
../../nan/nan.h:1498:49: error: no matching function for call to ‘v8::Object::Get(const uint32_t&)’
 1498 |     v8::Local<v8::Value> a = NanNew(handle)->Get(kCallbackIndex);
      |                              ~~~~~~~~~~~~~~~~~~~^~~~~~~~~~~~~~~~
/usr/include/nodejs/deps/v8/include/v8-object.h:292:43: note: candidate: ‘v8::MaybeLocal<v8::Value> v8::Object::Get(v8::Local<v8::Context>, v8::Local<v8::Value>)’
  292 |   V8_WARN_UNUSED_RESULT MaybeLocal<Value> Get(Local<Context> context,
      |                                           ^~~
/usr/include/nodejs/deps/v8/include/v8-object.h:292:43: note:   candidate expects 2 arguments, 1 provided
/usr/include/nodejs/deps/v8/include/v8-object.h:295:43: note: candidate: ‘v8::MaybeLocal<v8::Value> v8::Object::Get(v8::Local<v8::Context>, uint32_t)’
  295 |   V8_WARN_UNUSED_RESULT MaybeLocal<Value> Get(Local<Context> context,
      |                                           ^~~
/usr/include/nodejs/deps/v8/include/v8-object.h:295:43: note:   candidate expects 2 arguments, 1 provided
../../nan/nan.h:1499:55: error: no matching function for call to ‘v8::Object::Get(const uint32_t&)’
 1499 |     v8::Local<v8::Value> b = NanNew(other.handle)->Get(kCallbackIndex);
      |                              ~~~~~~~~~~~~~~~~~~~~~~~~~^~~~~~~~~~~~~~~~
/usr/include/nodejs/deps/v8/include/v8-object.h:292:43: note: candidate: ‘v8::MaybeLocal<v8::Value> v8::Object::Get(v8::Local<v8::Context>, v8::Local<v8::Value>)’
  292 |   V8_WARN_UNUSED_RESULT MaybeLocal<Value> Get(Local<Context> context,
      |                                           ^~~
/usr/include/nodejs/deps/v8/include/v8-object.h:292:43: note:   candidate expects 2 arguments, 1 provided
/usr/include/nodejs/deps/v8/include/v8-object.h:295:43: note: candidate: ‘v8::MaybeLocal<v8::Value> v8::Object::Get(v8::Local<v8::Context>, uint32_t)’
  295 |   V8_WARN_UNUSED_RESULT MaybeLocal<Value> Get(Local<Context> context,
      |                                           ^~~
/usr/include/nodejs/deps/v8/include/v8-object.h:295:43: note:   candidate expects 2 arguments, 1 provided
../../nan/nan.h: In member function ‘void NanCallback::SetFunction(v8::Handle<v8::Function>&)’:
../../nan/nan.h:1509:24: error: no matching function for call to ‘v8::Object::Set(const uint32_t&, v8::Handle<v8::Function>&)’
 1509 |     NanNew(handle)->Set(kCallbackIndex, fn);
      |     ~~~~~~~~~~~~~~~~~~~^~~~~~~~~~~~~~~~~~~~
/usr/include/nodejs/deps/v8/include/v8-object.h:246:37: note: candidate: ‘v8::Maybe<bool> v8::Object::Set(v8::Local<v8::Context>, v8::Local<v8::Value>, v8::Local<v8::Value>)’
  246 |   V8_WARN_UNUSED_RESULT Maybe<bool> Set(Local<Context> context,
      |                                     ^~~
/usr/include/nodejs/deps/v8/include/v8-object.h:246:37: note:   candidate expects 3 arguments, 2 provided
/usr/include/nodejs/deps/v8/include/v8-object.h:249:37: note: candidate: ‘v8::Maybe<bool> v8::Object::Set(v8::Local<v8::Context>, uint32_t, v8::Local<v8::Value>)’
  249 |   V8_WARN_UNUSED_RESULT Maybe<bool> Set(Local<Context> context, uint32_t index,
      |                                     ^~~
/usr/include/nodejs/deps/v8/include/v8-object.h:249:37: note:   candidate expects 3 arguments, 2 provided
../../nan/nan.h: In member function ‘v8::Local<v8::Function> NanCallback::GetFunction() const’:
../../nan/nan.h:1514:46: error: no matching function for call to ‘v8::Object::Get(const uint32_t&)’
 1514 |     return NanEscapeScope(NanNew(handle)->Get(kCallbackIndex)
      |                           ~~~~~~~~~~~~~~~~~~~^~~~~~~~~~~~~~~~
../../nan/nan.h:398:59: note: in definition of macro ‘NanEscapeScope’
  398 | # define NanEscapeScope(val) scope.Escape(_NanEnsureLocal(val))
      |                                                           ^~~
/usr/include/nodejs/deps/v8/include/v8-object.h:292:43: note: candidate: ‘v8::MaybeLocal<v8::Value> v8::Object::Get(v8::Local<v8::Context>, v8::Local<v8::Value>)’
  292 |   V8_WARN_UNUSED_RESULT MaybeLocal<Value> Get(Local<Context> context,
      |                                           ^~~
/usr/include/nodejs/deps/v8/include/v8-object.h:292:43: note:   candidate expects 2 arguments, 1 provided
/usr/include/nodejs/deps/v8/include/v8-object.h:295:43: note: candidate: ‘v8::MaybeLocal<v8::Value> v8::Object::Get(v8::Local<v8::Context>, uint32_t)’
  295 |   V8_WARN_UNUSED_RESULT MaybeLocal<Value> Get(Local<Context> context,
      |                                           ^~~
/usr/include/nodejs/deps/v8/include/v8-object.h:295:43: note:   candidate expects 2 arguments, 1 provided
../../nan/nan.h:1515:25: error: expected primary-expression before ‘>’ token
 1515 |         .As<v8::Function>());
      |                         ^
../../nan/nan.h:398:59: note: in definition of macro ‘NanEscapeScope’
  398 | # define NanEscapeScope(val) scope.Escape(_NanEnsureLocal(val))
      |                                                           ^~~
../../nan/nan.h:1515:27: error: expected primary-expression before ‘)’ token
 1515 |         .As<v8::Function>());
      |                           ^
../../nan/nan.h:398:59: note: in definition of macro ‘NanEscapeScope’
  398 | # define NanEscapeScope(val) scope.Escape(_NanEnsureLocal(val))
      |                                                           ^~~
../../nan/nan.h: In member function ‘bool NanCallback::IsEmpty() const’:
../../nan/nan.h:1520:31: error: no matching function for call to ‘v8::Object::Get(const uint32_t&)’
 1520 |     return NanNew(handle)->Get(kCallbackIndex)->IsUndefined();
      |            ~~~~~~~~~~~~~~~~~~~^~~~~~~~~~~~~~~~
/usr/include/nodejs/deps/v8/include/v8-object.h:292:43: note: candidate: ‘v8::MaybeLocal<v8::Value> v8::Object::Get(v8::Local<v8::Context>, v8::Local<v8::Value>)’
  292 |   V8_WARN_UNUSED_RESULT MaybeLocal<Value> Get(Local<Context> context,
      |                                           ^~~
/usr/include/nodejs/deps/v8/include/v8-object.h:292:43: note:   candidate expects 2 arguments, 1 provided
/usr/include/nodejs/deps/v8/include/v8-object.h:295:43: note: candidate: ‘v8::MaybeLocal<v8::Value> v8::Object::Get(v8::Local<v8::Context>, uint32_t)’
  295 |   V8_WARN_UNUSED_RESULT MaybeLocal<Value> Get(Local<Context> context,
      |                                           ^~~
/usr/include/nodejs/deps/v8/include/v8-object.h:295:43: note:   candidate expects 2 arguments, 1 provided
../../nan/nan.h: In member function ‘v8::Handle<v8::Value> NanCallback::Call_(v8::Isolate*, v8::Handle<v8::Object>, int, v8::Handle<v8::Value>*) const’:
../../nan/nan.h:1562:12: error: no matching function for call to ‘v8::Object::Get(const uint32_t&)’
 1561 |     v8::Local<v8::Function> callback = NanNew(handle)->
      |                                        ~~~~~~~~~~~~~~~~
 1562 |         Get(kCallbackIndex).As<v8::Function>();
      |         ~~~^~~~~~~~~~~~~~~~
/usr/include/nodejs/deps/v8/include/v8-object.h:292:43: note: candidate: ‘v8::MaybeLocal<v8::Value> v8::Object::Get(v8::Local<v8::Context>, v8::Local<v8::Value>)’
  292 |   V8_WARN_UNUSED_RESULT MaybeLocal<Value> Get(Local<Context> context,
      |                                           ^~~
/usr/include/nodejs/deps/v8/include/v8-object.h:292:43: note:   candidate expects 2 arguments, 1 provided
/usr/include/nodejs/deps/v8/include/v8-object.h:295:43: note: candidate: ‘v8::MaybeLocal<v8::Value> v8::Object::Get(v8::Local<v8::Context>, uint32_t)’
  295 |   V8_WARN_UNUSED_RESULT MaybeLocal<Value> Get(Local<Context> context,
      |                                           ^~~
/usr/include/nodejs/deps/v8/include/v8-object.h:295:43: note:   candidate expects 2 arguments, 1 provided
../../nan/nan.h:1562:44: error: expected primary-expression before ‘>’ token
 1562 |         Get(kCallbackIndex).As<v8::Function>();
      |                                            ^
../../nan/nan.h:1562:46: error: expected primary-expression before ‘)’ token
 1562 |         Get(kCallbackIndex).As<v8::Function>();
      |                                              ^
../../nan/nan.h:1563:45: warning: ‘v8::Local<v8::Value> node::MakeCallback(v8::Isolate*, v8::Local<v8::Object>, v8::Local<v8::Function>, int, v8::Local<v8::Value>*)’ is deprecated: Use MakeCallback(..., async_context) [-Wdeprecated-declarations]
 1563 |     return NanEscapeScope(node::MakeCallback(
      |                           ~~~~~~~~~~~~~~~~~~^
 1564 |         isolate
      |         ~~~~~~~                              
 1565 |       , target
      |       ~~~~~~~~                               
 1566 |       , callback
      |       ~~~~~~~~~~                             
 1567 |       , argc
      |       ~~~~~~                                 
 1568 |       , argv
      |       ~~~~~~                                 
 1569 |     ));
      |     ~                                        
../../nan/nan.h:398:59: note: in definition of macro ‘NanEscapeScope’
  398 | # define NanEscapeScope(val) scope.Escape(_NanEnsureLocal(val))
      |                                                           ^~~
/usr/include/nodejs/src/node.h:199:50: note: declared here
  199 |                 NODE_EXTERN v8::Local<v8::Value> MakeCallback(
      |                                                  ^~~~~~~~~~~~
/usr/include/nodejs/src/node.h:116:42: note: in definition of macro ‘NODE_DEPRECATED’
  116 |     __attribute__((deprecated(message))) declarator
      |                                          ^~~~~~~~~~
../../nan/nan.h: In member function ‘void NanAsyncWorker::SaveToPersistent(const char*, const v8::Local<v8::Object>&)’:
../../nan/nan.h:1626:16: error: no matching function for call to ‘v8::Object::Set(NanIntern::FactoryBase<v8::String>::return_t, const v8::Local<v8::Object>&)’
 1626 |     handle->Set(NanNew<v8::String>(key), obj);
      |     ~~~~~~~~~~~^~~~~~~~~~~~~~~~~~~~~~~~~~~~~~
/usr/include/nodejs/deps/v8/include/v8-object.h:246:37: note: candidate: ‘v8::Maybe<bool> v8::Object::Set(v8::Local<v8::Context>, v8::Local<v8::Value>, v8::Local<v8::Value>)’
  246 |   V8_WARN_UNUSED_RESULT Maybe<bool> Set(Local<Context> context,
      |                                     ^~~
/usr/include/nodejs/deps/v8/include/v8-object.h:246:37: note:   candidate expects 3 arguments, 2 provided
/usr/include/nodejs/deps/v8/include/v8-object.h:249:37: note: candidate: ‘v8::Maybe<bool> v8::Object::Set(v8::Local<v8::Context>, uint32_t, v8::Local<v8::Value>)’
  249 |   V8_WARN_UNUSED_RESULT Maybe<bool> Set(Local<Context> context, uint32_t index,
      |                                     ^~~
/usr/include/nodejs/deps/v8/include/v8-object.h:249:37: note:   candidate expects 3 arguments, 2 provided
../../nan/nan.h: In member function ‘v8::Local<v8::Object> NanAsyncWorker::GetFromPersistent(const char*) const’:
../../nan/nan.h:1632:38: error: no matching function for call to ‘v8::Object::Get(NanIntern::FactoryBase<v8::String>::return_t)’
 1632 |     return NanEscapeScope(handle->Get(NanNew(key)).As<v8::Object>());
      |                           ~~~~~~~~~~~^~~~~~~~~~~~~
../../nan/nan.h:398:59: note: in definition of macro ‘NanEscapeScope’
  398 | # define NanEscapeScope(val) scope.Escape(_NanEnsureLocal(val))
      |                                                           ^~~
/usr/include/nodejs/deps/v8/include/v8-object.h:292:43: note: candidate: ‘v8::MaybeLocal<v8::Value> v8::Object::Get(v8::Local<v8::Context>, v8::Local<v8::Value>)’
  292 |   V8_WARN_UNUSED_RESULT MaybeLocal<Value> Get(Local<Context> context,
      |                                           ^~~
/usr/include/nodejs/deps/v8/include/v8-object.h:292:43: note:   candidate expects 2 arguments, 1 provided
/usr/include/nodejs/deps/v8/include/v8-object.h:295:43: note: candidate: ‘v8::MaybeLocal<v8::Value> v8::Object::Get(v8::Local<v8::Context>, uint32_t)’
  295 |   V8_WARN_UNUSED_RESULT MaybeLocal<Value> Get(Local<Context> context,
      |                                           ^~~
/usr/include/nodejs/deps/v8/include/v8-object.h:295:43: note:   candidate expects 2 arguments, 1 provided
../../nan/nan.h:1632:65: error: expected primary-expression before ‘>’ token
 1632 |     return NanEscapeScope(handle->Get(NanNew(key)).As<v8::Object>());
      |                                                                 ^
../../nan/nan.h:398:59: note: in definition of macro ‘NanEscapeScope’
  398 | # define NanEscapeScope(val) scope.Escape(_NanEnsureLocal(val))
      |                                                           ^~~
../../nan/nan.h:1632:67: error: expected primary-expression before ‘)’ token
 1632 |     return NanEscapeScope(handle->Get(NanNew(key)).As<v8::Object>());
      |                                                                   ^
../../nan/nan.h:398:59: note: in definition of macro ‘NanEscapeScope’
  398 | # define NanEscapeScope(val) scope.Escape(_NanEnsureLocal(val))
      |                                                           ^~~
../../nan/nan.h: In function ‘void NanAsyncQueueWorker(NanAsyncWorker*)’:
../../nan/nan.h:1800:7: warning: cast between incompatible function types from ‘void (*)(uv_work_t*)’ {aka ‘void (*)(uv_work_s*)’} to ‘uv_after_work_cb’ {aka ‘void (*)(uv_work_s*, int)’} [-Wcast-function-type]
 1800 |     , (uv_after_work_cb)NanAsyncExecuteComplete
      |       ^~~~~~~~~~~~~~~~~~~~~~~~~~~~~~~~~~~~~~~~~
../../nan/nan.h: In function ‘void* _NanRawString(v8::Handle<v8::Value>, Nan::Encoding, size_t*, void*, size_t, int)’:
../../nan/nan.h:2096:47: error: no matching function for call to ‘v8::Value::ToString()’
 2096 |   v8::Local<v8::String> toStr = from->ToString();
      |                                 ~~~~~~~~~~~~~~^~
/usr/include/nodejs/deps/v8/include/v8-value.h:370:44: note: candidate: ‘v8::MaybeLocal<v8::String> v8::Value::ToString(v8::Local<v8::Context>) const’
  370 |   V8_WARN_UNUSED_RESULT MaybeLocal<String> ToString(
      |                                            ^~~~~~~~
/usr/include/nodejs/deps/v8/include/v8-value.h:370:44: note:   candidate expects 1 argument, 0 provided
../../nan/nan.h:2143:13: error: cannot convert ‘uint8_t*’ {aka ‘unsigned char*’} to ‘v8::Isolate*’
 2143 |             reinterpret_cast<uint8_t *>(to)
      |             ^~~~~~~~~~~~~~~~~~~~~~~~~~~~~~~
      |             |
      |             uint8_t* {aka unsigned char*}
/usr/include/nodejs/deps/v8/include/v8-primitive.h:200:29: note:   initializing argument 1 of ‘int v8::String::WriteOneByte(v8::Isolate*, uint8_t*, int, int, int) const’
  200 |   int WriteOneByte(Isolate* isolate, uint8_t* buffer, int start = 0,
      |                    ~~~~~~~~~^~~~~~~
../../nan/nan.h:2150:30: error: no matching function for call to ‘v8::String::Utf8Length()’
 2150 |       sz_ = toStr->Utf8Length();
      |             ~~~~~~~~~~~~~~~~~^~
/usr/include/nodejs/deps/v8/include/v8-primitive.h:143:7: note: candidate: ‘int v8::String::Utf8Length(v8::Isolate*) const’
  143 |   int Utf8Length(Isolate* isolate) const;
      |       ^~~~~~~~~~
/usr/include/nodejs/deps/v8/include/v8-primitive.h:143:7: note:   candidate expects 1 argument, 0 provided
../../nan/nan.h:2158:28: error: cannot convert ‘char*’ to ‘v8::Isolate*’
 2158 |         , toStr->WriteUtf8(to, static_cast<int>(sz_ + term_len)
      |                            ^~
      |                            |
      |                            char*
/usr/include/nodejs/deps/v8/include/v8-primitive.h:203:26: note:   initializing argument 1 of ‘int v8::String::WriteUtf8(v8::Isolate*, char*, int, int*, int) const’
  203 |   int WriteUtf8(Isolate* isolate, char* buffer, int length = -1,
      |                 ~~~~~~~~~^~~~~~~
../../nan/nan.h:2164:38: error: no matching function for call to ‘v8::String::Value::Value(v8::Local<v8::String>&)’
 2164 |         v8::String::Value value(toStr);
      |                                      ^
/usr/include/nodejs/deps/v8/include/v8-primitive.h:542:5: note: candidate: ‘v8::String::Value::Value(v8::Isolate*, v8::Local<v8::Value>)’
  542 |     Value(Isolate* isolate, Local<v8::Value> obj);
      |     ^~~~~
/usr/include/nodejs/deps/v8/include/v8-primitive.h:542:5: note:   candidate expects 2 arguments, 1 provided
../../nan/nan.h:2189:13: error: cannot convert ‘uint16_t*’ {aka ‘short unsigned int*’} to ‘v8::Isolate*’
 2189 |             reinterpret_cast<uint16_t *>(to)
      |             ^~~~~~~~~~~~~~~~~~~~~~~~~~~~~~~~
      |             |
      |             uint16_t* {aka short unsigned int*}
/usr/include/nodejs/deps/v8/include/v8-primitive.h:197:22: note:   initializing argument 1 of ‘int v8::String::Write(v8::Isolate*, uint16_t*, int, int, int) const’
  197 |   int Write(Isolate* isolate, uint16_t* buffer, int start = 0, int length = -1,
      |             ~~~~~~~~~^~~~~~~
../../nan/nan.h:2198:38: error: no matching function for call to ‘v8::String::Value::Value(v8::Local<v8::String>&)’
 2198 |         v8::String::Value value(toStr);
      |                                      ^
/usr/include/nodejs/deps/v8/include/v8-primitive.h:542:5: note: candidate: ‘v8::String::Value::Value(v8::Isolate*, v8::Local<v8::Value>)’
  542 |     Value(Isolate* isolate, Local<v8::Value> obj);
      |     ^~~~~
/usr/include/nodejs/deps/v8/include/v8-primitive.h:542:5: note:   candidate expects 2 arguments, 1 provided
../../nan/nan.h: In function ‘void NanExport(v8::Handle<v8::Object>, const char*, NanFunctionCallback)’:
../../nan/nan.h:2285:51: error: no matching function for call to ‘v8::FunctionTemplate::GetFunction()’
 2285 |       NanNew<v8::FunctionTemplate>(f)->GetFunction());
      |       ~~~~~~~~~~~~~~~~~~~~~~~~~~~~~~~~~~~~~~~~~~~~^~
In file included from /usr/include/nodejs/deps/v8/include/v8-function.h:15:
/usr/include/nodejs/deps/v8/include/v8-template.h:497:46: note: candidate: ‘v8::MaybeLocal<v8::Function> v8::FunctionTemplate::GetFunction(v8::Local<v8::Context>)’
  497 |   V8_WARN_UNUSED_RESULT MaybeLocal<Function> GetFunction(
      |                                              ^~~~~~~~~~~
/usr/include/nodejs/deps/v8/include/v8-template.h:497:46: note:   candidate expects 1 argument, 0 provided
../../nan/nan.h: In constructor ‘NanTap::NanTap(v8::Handle<v8::Value>)’:
../../nan/nan.h:2292:40: error: no matching function for call to ‘v8::Value::ToObject()’
 2292 |     NanAssignPersistent(t_, t->ToObject());
      |                             ~~~~~~~~~~~^~
/usr/include/nodejs/deps/v8/include/v8-value.h:382:44: note: candidate: ‘v8::MaybeLocal<v8::Object> v8::Value::ToObject(v8::Local<v8::Context>) const’
  382 |   V8_WARN_UNUSED_RESULT MaybeLocal<Object> ToObject(
      |                                            ^~~~~~~~
/usr/include/nodejs/deps/v8/include/v8-value.h:382:44: note:   candidate expects 1 argument, 0 provided
../ext/bson.h: In member function ‘void CountStream::WriteLengthPrefixedString(const v8::Local<v8::String>&)’:
../ext/bson.h:145:101: error: no matching function for call to ‘v8::String::Utf8Length()’
  145 |         void    WriteLengthPrefixedString(const Local<String>& value)   { count += value->Utf8Length()+5; }
      |                                                                                    ~~~~~~~~~~~~~~~~~^~
/usr/include/nodejs/deps/v8/include/v8-primitive.h:143:7: note: candidate: ‘int v8::String::Utf8Length(v8::Isolate*) const’
  143 |   int Utf8Length(Isolate* isolate) const;
      |       ^~~~~~~~~~
/usr/include/nodejs/deps/v8/include/v8-primitive.h:143:7: note:   candidate expects 1 argument, 0 provided
../ext/bson.h: In member function ‘void CountStream::WriteString(const v8::Local<v8::String>&)’:
../ext/bson.h:147:117: error: no matching function for call to ‘v8::String::Utf8Length()’
  147 |         void    WriteString(const Local<String>& value)                                 { count += value->Utf8Length() + 1; }   // This returns the number of bytes exclusive of the NULL terminator
      |                                                                                                    ~~~~~~~~~~~~~~~~~^~
/usr/include/nodejs/deps/v8/include/v8-primitive.h:143:7: note: candidate: ‘int v8::String::Utf8Length(v8::Isolate*) const’
  143 |   int Utf8Length(Isolate* isolate) const;
      |       ^~~~~~~~~~
/usr/include/nodejs/deps/v8/include/v8-primitive.h:143:7: note:   candidate expects 1 argument, 0 provided
../ext/bson.h: In member function ‘void DataStream::WriteByte(v8::Handle<v8::Object>&, v8::Handle<v8::String>&)’:
../ext/bson.h:170:109: error: no matching function for call to ‘v8::Object::Get(v8::Handle<v8::String>&)’
  170 |         void    WriteByte(const Handle<Object>& object, const Handle<String>& key)      { *p++ = object->Get(key)->Int32Value(); }
      |                                                                                                  ~~~~~~~~~~~^~~~~
/usr/include/nodejs/deps/v8/include/v8-object.h:292:43: note: candidate: ‘v8::MaybeLocal<v8::Value> v8::Object::Get(v8::Local<v8::Context>, v8::Local<v8::Value>)’
  292 |   V8_WARN_UNUSED_RESULT MaybeLocal<Value> Get(Local<Context> context,
      |                                           ^~~
/usr/include/nodejs/deps/v8/include/v8-object.h:292:43: note:   candidate expects 2 arguments, 1 provided
/usr/include/nodejs/deps/v8/include/v8-object.h:295:43: note: candidate: ‘v8::MaybeLocal<v8::Value> v8::Object::Get(v8::Local<v8::Context>, uint32_t)’
  295 |   V8_WARN_UNUSED_RESULT MaybeLocal<Value> Get(Local<Context> context,
      |                                           ^~~
/usr/include/nodejs/deps/v8/include/v8-object.h:295:43: note:   candidate expects 2 arguments, 1 provided
../ext/bson.h: In member function ‘void DataStream::WriteBool(v8::Handle<v8::Value>&)’:
../ext/bson.h:180:120: error: no matching function for call to ‘v8::Value::BooleanValue()’
  180 |         void    WriteBool(const Handle<Value>& value)                                   { WriteByte(value->BooleanValue() ? 1 : 0); }
      |                                                                                                     ~~~~~~~~~~~~~~~~~~~^~
/usr/include/nodejs/deps/v8/include/v8-value.h:418:8: note: candidate: ‘bool v8::Value::BooleanValue(v8::Isolate*) const’
  418 |   bool BooleanValue(Isolate* isolate) const;
      |        ^~~~~~~~~~~~
/usr/include/nodejs/deps/v8/include/v8-value.h:418:8: note:   candidate expects 1 argument, 0 provided
../ext/bson.h: In member function ‘void DataStream::WriteInt32(v8::Handle<v8::Value>&)’:
../ext/bson.h:181:119: error: no matching function for call to ‘v8::Value::Int32Value()’
  181 |         void    WriteInt32(const Handle<Value>& value)                                  { WriteInt32(value->Int32Value());                      }
      |                                                                                                      ~~~~~~~~~~~~~~~~~^~
/usr/include/nodejs/deps/v8/include/v8-value.h:429:40: note: candidate: ‘v8::Maybe<int> v8::Value::Int32Value(v8::Local<v8::Context>) const’
  429 |   V8_WARN_UNUSED_RESULT Maybe<int32_t> Int32Value(Local<Context> context) const;
      |                                        ^~~~~~~~~~
/usr/include/nodejs/deps/v8/include/v8-value.h:429:40: note:   candidate expects 1 argument, 0 provided
../ext/bson.h: In member function ‘void DataStream::WriteInt32(v8::Handle<v8::Object>&, v8::Handle<v8::String>&)’:
../ext/bson.h:182:109: error: no matching function for call to ‘v8::Object::Get(v8::Handle<v8::String>&)’
  182 |         void    WriteInt32(const Handle<Object>& object, const Handle<String>& key) { WriteInt32(object->Get(key)); }
      |                                                                                                  ~~~~~~~~~~~^~~~~
/usr/include/nodejs/deps/v8/include/v8-object.h:292:43: note: candidate: ‘v8::MaybeLocal<v8::Value> v8::Object::Get(v8::Local<v8::Context>, v8::Local<v8::Value>)’
  292 |   V8_WARN_UNUSED_RESULT MaybeLocal<Value> Get(Local<Context> context,
      |                                           ^~~
/usr/include/nodejs/deps/v8/include/v8-object.h:292:43: note:   candidate expects 2 arguments, 1 provided
/usr/include/nodejs/deps/v8/include/v8-object.h:295:43: note: candidate: ‘v8::MaybeLocal<v8::Value> v8::Object::Get(v8::Local<v8::Context>, uint32_t)’
  295 |   V8_WARN_UNUSED_RESULT MaybeLocal<Value> Get(Local<Context> context,
      |                                           ^~~
/usr/include/nodejs/deps/v8/include/v8-object.h:295:43: note:   candidate expects 2 arguments, 1 provided
../ext/bson.h: In member function ‘void DataStream::WriteInt64(v8::Handle<v8::Value>&)’:
../ext/bson.h:183:121: error: no matching function for call to ‘v8::Value::IntegerValue()’
  183 |         void    WriteInt64(const Handle<Value>& value)                                  { WriteInt64(value->IntegerValue());            }
      |                                                                                                      ~~~~~~~~~~~~~~~~~~~^~
/usr/include/nodejs/deps/v8/include/v8-value.h:423:40: note: candidate: ‘v8::Maybe<long int> v8::Value::IntegerValue(v8::Local<v8::Context>) const’
  423 |   V8_WARN_UNUSED_RESULT Maybe<int64_t> IntegerValue(
      |                                        ^~~~~~~~~~~~
/usr/include/nodejs/deps/v8/include/v8-value.h:423:40: note:   candidate expects 1 argument, 0 provided
../ext/bson.h: In member function ‘void DataStream::WriteDouble(v8::Handle<v8::Value>&)’:
../ext/bson.h:184:121: error: no matching function for call to ‘v8::Value::NumberValue()’
  184 |         void    WriteDouble(const Handle<Value>& value)                                 { WriteDouble(value->NumberValue());            }
      |                                                                                                       ~~~~~~~~~~~~~~~~~~^~
/usr/include/nodejs/deps/v8/include/v8-value.h:421:39: note: candidate: ‘v8::Maybe<double> v8::Value::NumberValue(v8::Local<v8::Context>) const’
  421 |   V8_WARN_UNUSED_RESULT Maybe<double> NumberValue(Local<Context> context) const;
      |                                       ^~~~~~~~~~~
/usr/include/nodejs/deps/v8/include/v8-value.h:421:39: note:   candidate expects 1 argument, 0 provided
../ext/bson.h: In member function ‘void DataStream::WriteDouble(v8::Handle<v8::Object>&, v8::Handle<v8::String>&)’:
../ext/bson.h:185:111: error: no matching function for call to ‘v8::Object::Get(v8::Handle<v8::String>&)’
  185 |         void    WriteDouble(const Handle<Object>& object, const Handle<String>& key) { WriteDouble(object->Get(key)); }
      |                                                                                                    ~~~~~~~~~~~^~~~~
/usr/include/nodejs/deps/v8/include/v8-object.h:292:43: note: candidate: ‘v8::MaybeLocal<v8::Value> v8::Object::Get(v8::Local<v8::Context>, v8::Local<v8::Value>)’
  292 |   V8_WARN_UNUSED_RESULT MaybeLocal<Value> Get(Local<Context> context,
      |                                           ^~~
/usr/include/nodejs/deps/v8/include/v8-object.h:292:43: note:   candidate expects 2 arguments, 1 provided
/usr/include/nodejs/deps/v8/include/v8-object.h:295:43: note: candidate: ‘v8::MaybeLocal<v8::Value> v8::Object::Get(v8::Local<v8::Context>, uint32_t)’
  295 |   V8_WARN_UNUSED_RESULT MaybeLocal<Value> Get(Local<Context> context,
      |                                           ^~~
/usr/include/nodejs/deps/v8/include/v8-object.h:295:43: note:   candidate expects 2 arguments, 1 provided
../ext/bson.h: In member function ‘void DataStream::WriteLengthPrefixedString(const v8::Local<v8::String>&)’:
../ext/bson.h:187:103: error: no matching function for call to ‘v8::String::Utf8Length()’
  187 |         void    WriteLengthPrefixedString(const Local<String>& value)   { WriteInt32(value->Utf8Length()+1); WriteString(value); }
      |                                                                                      ~~~~~~~~~~~~~~~~~^~
/usr/include/nodejs/deps/v8/include/v8-primitive.h:143:7: note: candidate: ‘int v8::String::Utf8Length(v8::Isolate*) const’
  143 |   int Utf8Length(Isolate* isolate) const;
      |       ^~~~~~~~~~
/usr/include/nodejs/deps/v8/include/v8-primitive.h:143:7: note:   candidate expects 1 argument, 0 provided
../ext/bson.h: In member function ‘void DataStream::WriteString(const v8::Local<v8::String>&)’:
../ext/bson.h:189:112: error: no matching function for call to ‘v8::String::WriteUtf8(char*&)’
  189 |         void    WriteString(const Local<String>& value)                                 { p += value->WriteUtf8(p); }           // This returns the number of bytes inclusive of the NULL terminator.
      |                                                                                                ~~~~~~~~~~~~~~~~^~~
/usr/include/nodejs/deps/v8/include/v8-primitive.h:203:7: note: candidate: ‘int v8::String::WriteUtf8(v8::Isolate*, char*, int, int*, int) const’
  203 |   int WriteUtf8(Isolate* isolate, char* buffer, int length = -1,
      |       ^~~~~~~~~
/usr/include/nodejs/deps/v8/include/v8-primitive.h:203:7: note:   candidate expects 5 arguments, 1 provided
../ext/bson.cc: In member function ‘void DataStream::WriteObjectId(v8::Handle<v8::Object>&, v8::Handle<v8::String>&)’:
../ext/bson.cc:56:20: error: no matching function for call to ‘v8::Object::Get(v8::Handle<v8::String>&)’
   56 |         object->Get(key)->ToString()->Write(buffer, 0, 12);
      |         ~~~~~~~~~~~^~~~~
/usr/include/nodejs/deps/v8/include/v8-object.h:292:43: note: candidate: ‘v8::MaybeLocal<v8::Value> v8::Object::Get(v8::Local<v8::Context>, v8::Local<v8::Value>)’
  292 |   V8_WARN_UNUSED_RESULT MaybeLocal<Value> Get(Local<Context> context,
      |                                           ^~~
/usr/include/nodejs/deps/v8/include/v8-object.h:292:43: note:   candidate expects 2 arguments, 1 provided
/usr/include/nodejs/deps/v8/include/v8-object.h:295:43: note: candidate: ‘v8::MaybeLocal<v8::Value> v8::Object::Get(v8::Local<v8::Context>, uint32_t)’
  295 |   V8_WARN_UNUSED_RESULT MaybeLocal<Value> Get(Local<Context> context,
      |                                           ^~~
/usr/include/nodejs/deps/v8/include/v8-object.h:295:43: note:   candidate expects 2 arguments, 1 provided
../ext/bson.cc: In member function ‘void DataStream::CheckKey(const v8::Local<v8::String>&)’:
../ext/bson.cc:76:47: error: no matching function for call to ‘v8::String::Utf8Length()’
   76 |         size_t keyLength = keyName->Utf8Length();
      |                            ~~~~~~~~~~~~~~~~~~~^~
/usr/include/nodejs/deps/v8/include/v8-primitive.h:143:7: note: candidate: ‘int v8::String::Utf8Length(v8::Isolate*) const’
  143 |   int Utf8Length(Isolate* isolate) const;
      |       ^~~~~~~~~~
/usr/include/nodejs/deps/v8/include/v8-primitive.h:143:7: note:   candidate expects 1 argument, 0 provided
../ext/bson.cc:82:27: error: no matching function for call to ‘v8::String::WriteUtf8(char*&)’
   82 |         keyName->WriteUtf8(keyStringBuffer);
      |         ~~~~~~~~~~~~~~~~~~^~~~~~~~~~~~~~~~~
/usr/include/nodejs/deps/v8/include/v8-primitive.h:203:7: note: candidate: ‘int v8::String::WriteUtf8(v8::Isolate*, char*, int, int*, int) const’
  203 |   int WriteUtf8(Isolate* isolate, char* buffer, int length = -1,
      |       ^~~~~~~~~
/usr/include/nodejs/deps/v8/include/v8-primitive.h:203:7: note:   candidate expects 5 arguments, 1 provided
../ext/bson.cc: In member function ‘void BSONSerializer<T>::SerializeDocument(v8::Handle<v8::Value>&)’:
../ext/bson.cc:108:56: error: no matching function for call to ‘v8::Object::GetPropertyNames()’
  108 |   Local<Array> propertyNames = object->GetPropertyNames();
      |                                ~~~~~~~~~~~~~~~~~~~~~~~~^~
/usr/include/nodejs/deps/v8/include/v8-object.h:400:43: note: candidate: ‘v8::MaybeLocal<v8::Array> v8::Object::GetPropertyNames(v8::Local<v8::Context>)’
  400 |   V8_WARN_UNUSED_RESULT MaybeLocal<Array> GetPropertyNames(
      |                                           ^~~~~~~~~~~~~~~~
/usr/include/nodejs/deps/v8/include/v8-object.h:400:43: note:   candidate expects 1 argument, 0 provided
/usr/include/nodejs/deps/v8/include/v8-object.h:402:43: note: candidate: ‘v8::MaybeLocal<v8::Array> v8::Object::GetPropertyNames(v8::Local<v8::Context>, v8::KeyCollectionMode, v8::PropertyFilter, v8::IndexFilter, v8::KeyConversionMode)’
  402 |   V8_WARN_UNUSED_RESULT MaybeLocal<Array> GetPropertyNames(
      |                                           ^~~~~~~~~~~~~~~~
/usr/include/nodejs/deps/v8/include/v8-object.h:402:43: note:   candidate expects 5 arguments, 0 provided
../ext/bson.cc:114:71: error: no matching function for call to ‘v8::Array::Get(int&)’
  114 |                 const Local<String>& propertyName = propertyNames->Get(i)->ToString();
      |                                                     ~~~~~~~~~~~~~~~~~~^~~
/usr/include/nodejs/deps/v8/include/v8-object.h:292:43: note: candidate: ‘v8::MaybeLocal<v8::Value> v8::Object::Get(v8::Local<v8::Context>, v8::Local<v8::Value>)’
  292 |   V8_WARN_UNUSED_RESULT MaybeLocal<Value> Get(Local<Context> context,
      |                                           ^~~
/usr/include/nodejs/deps/v8/include/v8-object.h:292:43: note:   candidate expects 2 arguments, 1 provided
/usr/include/nodejs/deps/v8/include/v8-object.h:295:43: note: candidate: ‘v8::MaybeLocal<v8::Value> v8::Object::Get(v8::Local<v8::Context>, uint32_t)’
  295 |   V8_WARN_UNUSED_RESULT MaybeLocal<Value> Get(Local<Context> context,
      |                                           ^~~
/usr/include/nodejs/deps/v8/include/v8-object.h:295:43: note:   candidate expects 2 arguments, 1 provided
../ext/bson.cc:117:64: error: no matching function for call to ‘v8::Object::Get(const v8::Local<v8::String>&)’
  117 |                 const Local<Value>& propertyValue = object->Get(propertyName);
      |                                                     ~~~~~~~~~~~^~~~~~~~~~~~~~
/usr/include/nodejs/deps/v8/include/v8-object.h:292:43: note: candidate: ‘v8::MaybeLocal<v8::Value> v8::Object::Get(v8::Local<v8::Context>, v8::Local<v8::Value>)’
  292 |   V8_WARN_UNUSED_RESULT MaybeLocal<Value> Get(Local<Context> context,
      |                                           ^~~
/usr/include/nodejs/deps/v8/include/v8-object.h:292:43: note:   candidate expects 2 arguments, 1 provided
/usr/include/nodejs/deps/v8/include/v8-object.h:295:43: note: candidate: ‘v8::MaybeLocal<v8::Value> v8::Object::Get(v8::Local<v8::Context>, uint32_t)’
  295 |   V8_WARN_UNUSED_RESULT MaybeLocal<Value> Get(Local<Context> context,
      |                                           ^~~
/usr/include/nodejs/deps/v8/include/v8-object.h:295:43: note:   candidate expects 2 arguments, 1 provided
../ext/bson.cc: In member function ‘void BSONSerializer<T>::SerializeArray(v8::Handle<v8::Value>&)’:
../ext/bson.cc:135:64: error: no matching function for call to ‘v8::Value::ToObject()’
  135 |         Local<Array> array = Local<Array>::Cast(value->ToObject());
      |                                                 ~~~~~~~~~~~~~~~^~
/usr/include/nodejs/deps/v8/include/v8-value.h:382:44: note: candidate: ‘v8::MaybeLocal<v8::Object> v8::Value::ToObject(v8::Local<v8::Context>) const’
  382 |   V8_WARN_UNUSED_RESULT MaybeLocal<Object> ToObject(
      |                                            ^~~~~~~~
/usr/include/nodejs/deps/v8/include/v8-value.h:382:44: note:   candidate expects 1 argument, 0 provided
../ext/bson.cc:142:56: error: no matching function for call to ‘v8::Array::Get(uint32_t&)’
  142 |                 SerializeValue(typeLocation, array->Get(i));
      |                                              ~~~~~~~~~~^~~
/usr/include/nodejs/deps/v8/include/v8-object.h:292:43: note: candidate: ‘v8::MaybeLocal<v8::Value> v8::Object::Get(v8::Local<v8::Context>, v8::Local<v8::Value>)’
  292 |   V8_WARN_UNUSED_RESULT MaybeLocal<Value> Get(Local<Context> context,
      |                                           ^~~
/usr/include/nodejs/deps/v8/include/v8-object.h:292:43: note:   candidate expects 2 arguments, 1 provided
/usr/include/nodejs/deps/v8/include/v8-object.h:295:43: note: candidate: ‘v8::MaybeLocal<v8::Value> v8::Object::Get(v8::Local<v8::Context>, uint32_t)’
  295 |   V8_WARN_UNUSED_RESULT MaybeLocal<Value> Get(Local<Context> context,
      |                                           ^~~
/usr/include/nodejs/deps/v8/include/v8-object.h:295:43: note:   candidate expects 2 arguments, 1 provided
../ext/bson.cc: In member function ‘void BSONSerializer<T>::SerializeValue(void*, v8::Handle<v8::Value>)’:
../ext/bson.cc:159:55: error: no matching function for call to ‘v8::Value::ToObject()’
  159 |                 Local<Object> object = value->ToObject();
      |                                        ~~~~~~~~~~~~~~~^~
/usr/include/nodejs/deps/v8/include/v8-value.h:382:44: note: candidate: ‘v8::MaybeLocal<v8::Object> v8::Value::ToObject(v8::Local<v8::Context>) const’
  382 |   V8_WARN_UNUSED_RESULT MaybeLocal<Object> ToObject(
      |                                            ^~~~~~~~
/usr/include/nodejs/deps/v8/include/v8-value.h:382:44: note:   candidate expects 1 argument, 0 provided
../ext/bson.cc:164:31: error: no matching function for call to ‘v8::Object::Has(NanIntern::FactoryBase<v8::String>::return_t)’
  164 |                 if(object->Has(NanNew<String>("toBSON"))) {
      |                    ~~~~~~~~~~~^~~~~~~~~~~~~~~~~~~~~~~~~~
/usr/include/nodejs/deps/v8/include/v8-object.h:327:37: note: candidate: ‘v8::Maybe<bool> v8::Object::Has(v8::Local<v8::Context>, v8::Local<v8::Value>)’
  327 |   V8_WARN_UNUSED_RESULT Maybe<bool> Has(Local<Context> context,
      |                                     ^~~
/usr/include/nodejs/deps/v8/include/v8-object.h:327:37: note:   candidate expects 2 arguments, 1 provided
/usr/include/nodejs/deps/v8/include/v8-object.h:333:37: note: candidate: ‘v8::Maybe<bool> v8::Object::Has(v8::Local<v8::Context>, uint32_t)’
  333 |   V8_WARN_UNUSED_RESULT Maybe<bool> Has(Local<Context> context, uint32_t index);
      |                                     ^~~
/usr/include/nodejs/deps/v8/include/v8-object.h:333:37: note:   candidate expects 2 arguments, 1 provided
../ext/bson.cc:165:65: error: no matching function for call to ‘v8::Object::Get(NanIntern::FactoryBase<v8::String>::return_t)’
  165 |                         const Local<Value>& toBSON = object->Get(NanNew<String>("toBSON"));
      |                                                      ~~~~~~~~~~~^~~~~~~~~~~~~~~~~~~~~~~~~~
/usr/include/nodejs/deps/v8/include/v8-object.h:292:43: note: candidate: ‘v8::MaybeLocal<v8::Value> v8::Object::Get(v8::Local<v8::Context>, v8::Local<v8::Value>)’
  292 |   V8_WARN_UNUSED_RESULT MaybeLocal<Value> Get(Local<Context> context,
      |                                           ^~~
/usr/include/nodejs/deps/v8/include/v8-object.h:292:43: note:   candidate expects 2 arguments, 1 provided
/usr/include/nodejs/deps/v8/include/v8-object.h:295:43: note: candidate: ‘v8::MaybeLocal<v8::Value> v8::Object::Get(v8::Local<v8::Context>, uint32_t)’
  295 |   V8_WARN_UNUSED_RESULT MaybeLocal<Value> Get(Local<Context> context,
      |                                           ^~~
/usr/include/nodejs/deps/v8/include/v8-object.h:295:43: note:   candidate expects 2 arguments, 1 provided
../ext/bson.cc:167:68: error: no matching function for call to ‘v8::Function::Call(v8::Local<v8::Object>&, int, NULL)’
  167 |                         value = Local<Function>::Cast(toBSON)->Call(object, 0, NULL);
      |                                 ~~~~~~~~~~~~~~~~~~~~~~~~~~~~~~~~~~~^~~~~~~~~~~~~~~~~
/usr/include/nodejs/deps/v8/include/v8-function.h:55:43: note: candidate: ‘v8::MaybeLocal<v8::Value> v8::Function::Call(v8::Local<v8::Context>, v8::Local<v8::Value>, int, v8::Local<v8::Value>*)’
   55 |   V8_WARN_UNUSED_RESULT MaybeLocal<Value> Call(Local<Context> context,
      |                                           ^~~~
/usr/include/nodejs/deps/v8/include/v8-function.h:55:43: note:   candidate expects 4 arguments, 3 provided
../ext/bson.cc:174:56: error: no matching function for call to ‘v8::Value::NumberValue()’
  174 |                 double doubleValue = value->NumberValue();
      |                                      ~~~~~~~~~~~~~~~~~~^~
/usr/include/nodejs/deps/v8/include/v8-value.h:421:39: note: candidate: ‘v8::Maybe<double> v8::Value::NumberValue(v8::Local<v8::Context>) const’
  421 |   V8_WARN_UNUSED_RESULT Maybe<double> NumberValue(Local<Context> context) const;
      |                                       ^~~~~~~~~~~
/usr/include/nodejs/deps/v8/include/v8-value.h:421:39: note:   candidate expects 1 argument, 0 provided
../ext/bson.cc:190:64: error: no matching function for call to ‘v8::Value::ToString()’
  190 |                 this->WriteLengthPrefixedString(value->ToString());
      |                                                 ~~~~~~~~~~~~~~~^~
/usr/include/nodejs/deps/v8/include/v8-value.h:370:44: note: candidate: ‘v8::MaybeLocal<v8::String> v8::Value::ToString(v8::Local<v8::Context>) const’
  370 |   V8_WARN_UNUSED_RESULT MaybeLocal<String> ToString(
      |                                            ^~~~~~~~
/usr/include/nodejs/deps/v8/include/v8-value.h:370:44: note:   candidate expects 1 argument, 0 provided
../ext/bson.cc:223:64: error: no matching function for call to ‘v8::Value::ToString()’
  223 |                 this->WriteLengthPrefixedString(value->ToString());
      |                                                 ~~~~~~~~~~~~~~~^~
/usr/include/nodejs/deps/v8/include/v8-value.h:370:44: note: candidate: ‘v8::MaybeLocal<v8::String> v8::Value::ToString(v8::Local<v8::Context>) const’
  370 |   V8_WARN_UNUSED_RESULT MaybeLocal<String> ToString(
      |                                            ^~~~~~~~
/usr/include/nodejs/deps/v8/include/v8-value.h:370:44: note:   candidate expects 1 argument, 0 provided
../ext/bson.cc:227:62: error: no matching function for call to ‘v8::Value::ToObject()’
  227 |                 const Local<Object>& object = value->ToObject();
      |                                               ~~~~~~~~~~~~~~~^~
/usr/include/nodejs/deps/v8/include/v8-value.h:382:44: note: candidate: ‘v8::MaybeLocal<v8::Object> v8::Value::ToObject(v8::Local<v8::Context>) const’
  382 |   V8_WARN_UNUSED_RESULT MaybeLocal<Object> ToObject(
      |                                            ^~~~~~~~
/usr/include/nodejs/deps/v8/include/v8-value.h:382:44: note:   candidate expects 1 argument, 0 provided
../ext/bson.cc:228:31: error: no matching function for call to ‘v8::Object::Has(v8::Local<v8::String>)’
  228 |                 if(object->Has(NanNew(bson->_bsontypeString)))
      |                    ~~~~~~~~~~~^~~~~~~~~~~~~~~~~~~~~~~~~~~~~~~
/usr/include/nodejs/deps/v8/include/v8-object.h:327:37: note: candidate: ‘v8::Maybe<bool> v8::Object::Has(v8::Local<v8::Context>, v8::Local<v8::Value>)’
  327 |   V8_WARN_UNUSED_RESULT Maybe<bool> Has(Local<Context> context,
      |                                     ^~~
/usr/include/nodejs/deps/v8/include/v8-object.h:327:37: note:   candidate expects 2 arguments, 1 provided
/usr/include/nodejs/deps/v8/include/v8-object.h:333:37: note: candidate: ‘v8::Maybe<bool> v8::Object::Has(v8::Local<v8::Context>, uint32_t)’
  333 |   V8_WARN_UNUSED_RESULT Maybe<bool> Has(Local<Context> context, uint32_t index);
      |                                     ^~~
/usr/include/nodejs/deps/v8/include/v8-object.h:333:37: note:   candidate expects 2 arguments, 1 provided
../ext/bson.cc:230:77: error: no matching function for call to ‘v8::Object::Get(v8::Local<v8::String>)’
  230 |                         const Local<String>& constructorString = object->Get(NanNew(bson->_bsontypeString))->ToString();
      |                                                                  ~~~~~~~~~~~^~~~~~~~~~~~~~~~~~~~~~~~~~~~~~~
/usr/include/nodejs/deps/v8/include/v8-object.h:292:43: note: candidate: ‘v8::MaybeLocal<v8::Value> v8::Object::Get(v8::Local<v8::Context>, v8::Local<v8::Value>)’
  292 |   V8_WARN_UNUSED_RESULT MaybeLocal<Value> Get(Local<Context> context,
      |                                           ^~~
/usr/include/nodejs/deps/v8/include/v8-object.h:292:43: note:   candidate expects 2 arguments, 1 provided
/usr/include/nodejs/deps/v8/include/v8-object.h:295:43: note: candidate: ‘v8::MaybeLocal<v8::Value> v8::Object::Get(v8::Local<v8::Context>, uint32_t)’
  295 |   V8_WARN_UNUSED_RESULT MaybeLocal<Value> Get(Local<Context> context,
      |                                           ^~~
/usr/include/nodejs/deps/v8/include/v8-object.h:295:43: note:   candidate expects 2 arguments, 1 provided
../ext/bson.cc:252:62: error: no matching function for call to ‘v8::Object::Get(v8::Local<v8::String>)’
  252 |                                 uint32_t length = object->Get(NanNew(bson->_binaryPositionString))->Uint32Value();
      |                                                   ~~~~~~~~~~~^~~~~~~~~~~~~~~~~~~~~~~~~~~~~~~~~~~~~
/usr/include/nodejs/deps/v8/include/v8-object.h:292:43: note: candidate: ‘v8::MaybeLocal<v8::Value> v8::Object::Get(v8::Local<v8::Context>, v8::Local<v8::Value>)’
  292 |   V8_WARN_UNUSED_RESULT MaybeLocal<Value> Get(Local<Context> context,
      |                                           ^~~
/usr/include/nodejs/deps/v8/include/v8-object.h:292:43: note:   candidate expects 2 arguments, 1 provided
/usr/include/nodejs/deps/v8/include/v8-object.h:295:43: note: candidate: ‘v8::MaybeLocal<v8::Value> v8::Object::Get(v8::Local<v8::Context>, uint32_t)’
  295 |   V8_WARN_UNUSED_RESULT MaybeLocal<Value> Get(Local<Context> context,
      |                                           ^~~
/usr/include/nodejs/deps/v8/include/v8-object.h:295:43: note:   candidate expects 2 arguments, 1 provided
../ext/bson.cc:253:70: error: no matching function for call to ‘v8::Object::Get(v8::Local<v8::String>)’
  253 |                                 Local<Object> bufferObj = object->Get(NanNew(bson->_binaryBufferString))->ToObject();
      |                                                           ~~~~~~~~~~~^~~~~~~~~~~~~~~~~~~~~~~~~~~~~~~~~~~
/usr/include/nodejs/deps/v8/include/v8-object.h:292:43: note: candidate: ‘v8::MaybeLocal<v8::Value> v8::Object::Get(v8::Local<v8::Context>, v8::Local<v8::Value>)’
  292 |   V8_WARN_UNUSED_RESULT MaybeLocal<Value> Get(Local<Context> context,
      |                                           ^~~
/usr/include/nodejs/deps/v8/include/v8-object.h:292:43: note:   candidate expects 2 arguments, 1 provided
/usr/include/nodejs/deps/v8/include/v8-object.h:295:43: note: candidate: ‘v8::MaybeLocal<v8::Value> v8::Object::Get(v8::Local<v8::Context>, uint32_t)’
  295 |   V8_WARN_UNUSED_RESULT MaybeLocal<Value> Get(Local<Context> context,
      |                                           ^~~
/usr/include/nodejs/deps/v8/include/v8-object.h:295:43: note:   candidate expects 2 arguments, 1 provided
../ext/bson.cc:258:47: error: no matching function for call to ‘v8::Object::Get(v8::Local<v8::String>)’
  258 |                                 if(object->Get(NanNew(bson->_binarySubTypeString))->Int32Value() == 0x02) {
      |                                    ~~~~~~~~~~~^~~~~~~~~~~~~~~~~~~~~~~~~~~~~~~~~~~~
/usr/include/nodejs/deps/v8/include/v8-object.h:292:43: note: candidate: ‘v8::MaybeLocal<v8::Value> v8::Object::Get(v8::Local<v8::Context>, v8::Local<v8::Value>)’
  292 |   V8_WARN_UNUSED_RESULT MaybeLocal<Value> Get(Local<Context> context,
      |                                           ^~~
/usr/include/nodejs/deps/v8/include/v8-object.h:292:43: note:   candidate expects 2 arguments, 1 provided
/usr/include/nodejs/deps/v8/include/v8-object.h:295:43: note: candidate: ‘v8::MaybeLocal<v8::Value> v8::Object::Get(v8::Local<v8::Context>, uint32_t)’
  295 |   V8_WARN_UNUSED_RESULT MaybeLocal<Value> Get(Local<Context> context,
      |                                           ^~~
/usr/include/nodejs/deps/v8/include/v8-object.h:295:43: note:   candidate expects 2 arguments, 1 provided
../ext/bson.cc:272:76: error: no matching function for call to ‘v8::Object::Get(v8::Local<v8::String>)’
  272 |                                 this->WriteLengthPrefixedString(object->Get(NanNew(bson->_symbolValueString))->ToString());
      |                                                                 ~~~~~~~~~~~^~~~~~~~~~~~~~~~~~~~~~~~~~~~~~~~~~
/usr/include/nodejs/deps/v8/include/v8-object.h:292:43: note: candidate: ‘v8::MaybeLocal<v8::Value> v8::Object::Get(v8::Local<v8::Context>, v8::Local<v8::Value>)’
  292 |   V8_WARN_UNUSED_RESULT MaybeLocal<Value> Get(Local<Context> context,
      |                                           ^~~
/usr/include/nodejs/deps/v8/include/v8-object.h:292:43: note:   candidate expects 2 arguments, 1 provided
/usr/include/nodejs/deps/v8/include/v8-object.h:295:43: note: candidate: ‘v8::MaybeLocal<v8::Value> v8::Object::Get(v8::Local<v8::Context>, uint32_t)’
  295 |   V8_WARN_UNUSED_RESULT MaybeLocal<Value> Get(Local<Context> context,
      |                                           ^~~
/usr/include/nodejs/deps/v8/include/v8-object.h:295:43: note:   candidate expects 2 arguments, 1 provided
../ext/bson.cc:276:76: error: no matching function for call to ‘v8::Object::Get(v8::Local<v8::String>)’
  276 |                                 const Local<String>& function = object->Get(NanNew(bson->_codeCodeString))->ToString();
      |                                                                 ~~~~~~~~~~~^~~~~~~~~~~~~~~~~~~~~~~~~~~~~~~
/usr/include/nodejs/deps/v8/include/v8-object.h:292:43: note: candidate: ‘v8::MaybeLocal<v8::Value> v8::Object::Get(v8::Local<v8::Context>, v8::Local<v8::Value>)’
  292 |   V8_WARN_UNUSED_RESULT MaybeLocal<Value> Get(Local<Context> context,
      |                                           ^~~
/usr/include/nodejs/deps/v8/include/v8-object.h:292:43: note:   candidate expects 2 arguments, 1 provided
/usr/include/nodejs/deps/v8/include/v8-object.h:295:43: note: candidate: ‘v8::MaybeLocal<v8::Value> v8::Object::Get(v8::Local<v8::Context>, uint32_t)’
  295 |   V8_WARN_UNUSED_RESULT MaybeLocal<Value> Get(Local<Context> context,
      |                                           ^~~
/usr/include/nodejs/deps/v8/include/v8-object.h:295:43: note:   candidate expects 2 arguments, 1 provided
../ext/bson.cc:277:73: error: no matching function for call to ‘v8::Object::Get(v8::Local<v8::String>)’
  277 |                                 const Local<Object>& scope = object->Get(NanNew(bson->_codeScopeString))->ToObject();
      |                                                              ~~~~~~~~~~~^~~~~~~~~~~~~~~~~~~~~~~~~~~~~~~~
/usr/include/nodejs/deps/v8/include/v8-object.h:292:43: note: candidate: ‘v8::MaybeLocal<v8::Value> v8::Object::Get(v8::Local<v8::Context>, v8::Local<v8::Value>)’
  292 |   V8_WARN_UNUSED_RESULT MaybeLocal<Value> Get(Local<Context> context,
      |                                           ^~~
/usr/include/nodejs/deps/v8/include/v8-object.h:292:43: note:   candidate expects 2 arguments, 1 provided
/usr/include/nodejs/deps/v8/include/v8-object.h:295:43: note: candidate: ‘v8::MaybeLocal<v8::Value> v8::Object::Get(v8::Local<v8::Context>, uint32_t)’
  295 |   V8_WARN_UNUSED_RESULT MaybeLocal<Value> Get(Local<Context> context,
      |                                           ^~~
/usr/include/nodejs/deps/v8/include/v8-object.h:295:43: note:   candidate expects 2 arguments, 1 provided
../ext/bson.cc:283:73: error: no matching function for call to ‘v8::Object::GetOwnPropertyNames()’
  283 |                 uint32_t propertyNameLength = scope->GetOwnPropertyNames()->Length();
      |                                               ~~~~~~~~~~~~~~~~~~~~~~~~~~^~
/usr/include/nodejs/deps/v8/include/v8-object.h:412:43: note: candidate: ‘v8::MaybeLocal<v8::Array> v8::Object::GetOwnPropertyNames(v8::Local<v8::Context>)’
  412 |   V8_WARN_UNUSED_RESULT MaybeLocal<Array> GetOwnPropertyNames(
      |                                           ^~~~~~~~~~~~~~~~~~~
/usr/include/nodejs/deps/v8/include/v8-object.h:412:43: note:   candidate expects 1 argument, 0 provided
/usr/include/nodejs/deps/v8/include/v8-object.h:421:43: note: candidate: ‘v8::MaybeLocal<v8::Array> v8::Object::GetOwnPropertyNames(v8::Local<v8::Context>, v8::PropertyFilter, v8::KeyConversionMode)’
  421 |   V8_WARN_UNUSED_RESULT MaybeLocal<Array> GetOwnPropertyNames(
      |                                           ^~~~~~~~~~~~~~~~~~~
/usr/include/nodejs/deps/v8/include/v8-object.h:421:43: note:   candidate expects 3 arguments, 0 provided
../ext/bson.cc:290:91: error: no matching function for call to ‘v8::String::ToString()’
  290 |                                         this->WriteLengthPrefixedString(function->ToString());
      |                                                                         ~~~~~~~~~~~~~~~~~~^~
/usr/include/nodejs/deps/v8/include/v8-value.h:370:44: note: candidate: ‘v8::MaybeLocal<v8::String> v8::Value::ToString(v8::Local<v8::Context>) const’
  370 |   V8_WARN_UNUSED_RESULT MaybeLocal<String> ToString(
      |                                            ^~~~~~~~
/usr/include/nodejs/deps/v8/include/v8-value.h:370:44: note:   candidate expects 1 argument, 0 provided
../ext/bson.cc:297:91: error: no matching function for call to ‘v8::String::ToString()’
  297 |                                         this->WriteLengthPrefixedString(function->ToString());
      |                                                                         ~~~~~~~~~~~~~~~~~~^~
/usr/include/nodejs/deps/v8/include/v8-value.h:370:44: note: candidate: ‘v8::MaybeLocal<v8::String> v8::Value::ToString(v8::Local<v8::Context>) const’
  370 |   V8_WARN_UNUSED_RESULT MaybeLocal<String> ToString(
      |                                            ^~~~~~~~
/usr/include/nodejs/deps/v8/include/v8-value.h:370:44: note:   candidate expects 1 argument, 0 provided
../ext/bson.cc:308:68: error: no matching function for call to ‘v8::Object::Get(v8::Local<v8::String>)’
  308 |                                 SerializeValue(refType, object->Get(NanNew(bson->_dbRefNamespaceString)));
      |                                                         ~~~~~~~~~~~^~~~~~~~~~~~~~~~~~~~~~~~~~~~~~~~~~~~~
/usr/include/nodejs/deps/v8/include/v8-object.h:292:43: note: candidate: ‘v8::MaybeLocal<v8::Value> v8::Object::Get(v8::Local<v8::Context>, v8::Local<v8::Value>)’
  292 |   V8_WARN_UNUSED_RESULT MaybeLocal<Value> Get(Local<Context> context,
      |                                           ^~~
/usr/include/nodejs/deps/v8/include/v8-object.h:292:43: note:   candidate expects 2 arguments, 1 provided
/usr/include/nodejs/deps/v8/include/v8-object.h:295:43: note: candidate: ‘v8::MaybeLocal<v8::Value> v8::Object::Get(v8::Local<v8::Context>, uint32_t)’
  295 |   V8_WARN_UNUSED_RESULT MaybeLocal<Value> Get(Local<Context> context,
      |                                           ^~~
/usr/include/nodejs/deps/v8/include/v8-object.h:295:43: note:   candidate expects 2 arguments, 1 provided
../ext/bson.cc:312:67: error: no matching function for call to ‘v8::Object::Get(v8::Local<v8::String>)’
  312 |                                 SerializeValue(idType, object->Get(NanNew(bson->_dbRefOidString)));
      |                                                        ~~~~~~~~~~~^~~~~~~~~~~~~~~~~~~~~~~~~~~~~~~
/usr/include/nodejs/deps/v8/include/v8-object.h:292:43: note: candidate: ‘v8::MaybeLocal<v8::Value> v8::Object::Get(v8::Local<v8::Context>, v8::Local<v8::Value>)’
  292 |   V8_WARN_UNUSED_RESULT MaybeLocal<Value> Get(Local<Context> context,
      |                                           ^~~
/usr/include/nodejs/deps/v8/include/v8-object.h:292:43: note:   candidate expects 2 arguments, 1 provided
/usr/include/nodejs/deps/v8/include/v8-object.h:295:43: note: candidate: ‘v8::MaybeLocal<v8::Value> v8::Object::Get(v8::Local<v8::Context>, uint32_t)’
  295 |   V8_WARN_UNUSED_RESULT MaybeLocal<Value> Get(Local<Context> context,
      |                                           ^~~
/usr/include/nodejs/deps/v8/include/v8-object.h:295:43: note:   candidate expects 2 arguments, 1 provided
../ext/bson.cc:314:77: error: no matching function for call to ‘v8::Object::Get(v8::Local<v8::String>)’
  314 |                                 const Local<Value>& refDbValue = object->Get(NanNew(bson->_dbRefDbString));
      |                                                                  ~~~~~~~~~~~^~~~~~~~~~~~~~~~~~~~~~~~~~~~~~
/usr/include/nodejs/deps/v8/include/v8-object.h:292:43: note: candidate: ‘v8::MaybeLocal<v8::Value> v8::Object::Get(v8::Local<v8::Context>, v8::Local<v8::Value>)’
  292 |   V8_WARN_UNUSED_RESULT MaybeLocal<Value> Get(Local<Context> context,
      |                                           ^~~
/usr/include/nodejs/deps/v8/include/v8-object.h:292:43: note:   candidate expects 2 arguments, 1 provided
/usr/include/nodejs/deps/v8/include/v8-object.h:295:43: note: candidate: ‘v8::MaybeLocal<v8::Value> v8::Object::Get(v8::Local<v8::Context>, uint32_t)’
  295 |   V8_WARN_UNUSED_RESULT MaybeLocal<Value> Get(Local<Context> context,
      |                                           ^~~
/usr/include/nodejs/deps/v8/include/v8-object.h:295:43: note:   candidate expects 2 arguments, 1 provided
../ext/bson.cc:342:74: error: no matching function for call to ‘v8::Value::ToObject()’
  342 |                          uint32_t length = Buffer::Length(value->ToObject());
      |                                                           ~~~~~~~~~~~~~~~^~
/usr/include/nodejs/deps/v8/include/v8-value.h:382:44: note: candidate: ‘v8::MaybeLocal<v8::Object> v8::Value::ToObject(v8::Local<v8::Context>) const’
  382 |   V8_WARN_UNUSED_RESULT MaybeLocal<Object> ToObject(
      |                                            ^~~~~~~~
/usr/include/nodejs/deps/v8/include/v8-value.h:382:44: note:   candidate expects 1 argument, 0 provided
../ext/bson.cc:347:69: error: no matching function for call to ‘v8::Value::ToObject()’
  347 |                         this->WriteData(Buffer::Data(value->ToObject()), length);
      |                                                      ~~~~~~~~~~~~~~~^~
/usr/include/nodejs/deps/v8/include/v8-value.h:382:44: note: candidate: ‘v8::MaybeLocal<v8::Object> v8::Value::ToObject(v8::Local<v8::Context>) const’
  382 |   V8_WARN_UNUSED_RESULT MaybeLocal<Object> ToObject(
      |                                            ^~~~~~~~
/usr/include/nodejs/deps/v8/include/v8-value.h:382:44: note:   candidate expects 1 argument, 0 provided
../ext/bson.cc: In member function ‘v8::Handle<v8::Value> BSONDeserializer::DeserializeDocumentInternal(bool)’:
../ext/bson.cc:457:31: error: ‘class v8::Object’ has no member named ‘ForceSet’
  457 |                 returnObject->ForceSet(name, value);
      |                               ^~~~~~~~
../ext/bson.cc:463:29: error: no matching function for call to ‘v8::Object::Has(v8::Local<v8::String>)’
  463 |         if(returnObject->Has(NanNew(bson->_dbRefIdRefString)))
      |            ~~~~~~~~~~~~~~~~~^~~~~~~~~~~~~~~~~~~~~~~~~~~~~~~~~
/usr/include/nodejs/deps/v8/include/v8-object.h:327:37: note: candidate: ‘v8::Maybe<bool> v8::Object::Has(v8::Local<v8::Context>, v8::Local<v8::Value>)’
  327 |   V8_WARN_UNUSED_RESULT Maybe<bool> Has(Local<Context> context,
      |                                     ^~~
/usr/include/nodejs/deps/v8/include/v8-object.h:327:37: note:   candidate expects 2 arguments, 1 provided
/usr/include/nodejs/deps/v8/include/v8-object.h:333:37: note: candidate: ‘v8::Maybe<bool> v8::Object::Has(v8::Local<v8::Context>, uint32_t)’
  333 |   V8_WARN_UNUSED_RESULT Maybe<bool> Has(Local<Context> context, uint32_t index);
      |                                     ^~~
/usr/include/nodejs/deps/v8/include/v8-object.h:333:37: note:   candidate expects 2 arguments, 1 provided
../ext/bson.cc:465:58: error: no matching function for call to ‘v8::Object::Get(v8::Local<v8::String>)’
  465 |                 Local<Value> argv[] = { returnObject->Get(NanNew(bson->_dbRefRefString)), returnObject->Get(NanNew(bson->_dbRefIdRefString)), returnObject->Get(NanNew(bson->_dbRefDbRefString)) };
      |                                         ~~~~~~~~~~~~~~~~~^~~~~~~~~~~~~~~~~~~~~~~~~~~~~~~
/usr/include/nodejs/deps/v8/include/v8-object.h:292:43: note: candidate: ‘v8::MaybeLocal<v8::Value> v8::Object::Get(v8::Local<v8::Context>, v8::Local<v8::Value>)’
  292 |   V8_WARN_UNUSED_RESULT MaybeLocal<Value> Get(Local<Context> context,
      |                                           ^~~
/usr/include/nodejs/deps/v8/include/v8-object.h:292:43: note:   candidate expects 2 arguments, 1 provided
/usr/include/nodejs/deps/v8/include/v8-object.h:295:43: note: candidate: ‘v8::MaybeLocal<v8::Value> v8::Object::Get(v8::Local<v8::Context>, uint32_t)’
  295 |   V8_WARN_UNUSED_RESULT MaybeLocal<Value> Get(Local<Context> context,
      |                                           ^~~
/usr/include/nodejs/deps/v8/include/v8-object.h:295:43: note:   candidate expects 2 arguments, 1 provided
../ext/bson.cc:465:108: error: no matching function for call to ‘v8::Object::Get(v8::Local<v8::String>)’
  465 |                 Local<Value> argv[] = { returnObject->Get(NanNew(bson->_dbRefRefString)), returnObject->Get(NanNew(bson->_dbRefIdRefString)), returnObject->Get(NanNew(bson->_dbRefDbRefString)) };
      |                                                                                           ~~~~~~~~~~~~~~~~~^~~~~~~~~~~~~~~~~~~~~~~~~~~~~~~~~
/usr/include/nodejs/deps/v8/include/v8-object.h:292:43: note: candidate: ‘v8::MaybeLocal<v8::Value> v8::Object::Get(v8::Local<v8::Context>, v8::Local<v8::Value>)’
  292 |   V8_WARN_UNUSED_RESULT MaybeLocal<Value> Get(Local<Context> context,
      |                                           ^~~
/usr/include/nodejs/deps/v8/include/v8-object.h:292:43: note:   candidate expects 2 arguments, 1 provided
/usr/include/nodejs/deps/v8/include/v8-object.h:295:43: note: candidate: ‘v8::MaybeLocal<v8::Value> v8::Object::Get(v8::Local<v8::Context>, uint32_t)’
  295 |   V8_WARN_UNUSED_RESULT MaybeLocal<Value> Get(Local<Context> context,
      |                                           ^~~
/usr/include/nodejs/deps/v8/include/v8-object.h:295:43: note:   candidate expects 2 arguments, 1 provided
../ext/bson.cc:465:160: error: no matching function for call to ‘v8::Object::Get(v8::Local<v8::String>)’
  465 |                 Local<Value> argv[] = { returnObject->Get(NanNew(bson->_dbRefRefString)), returnObject->Get(NanNew(bson->_dbRefIdRefString)), returnObject->Get(NanNew(bson->_dbRefDbRefString)) };
      |                                                                                                                                               ~~~~~~~~~~~~~~~~~^~~~~~~~~~~~~~~~~~~~~~~~~~~~~~~~~
/usr/include/nodejs/deps/v8/include/v8-object.h:292:43: note: candidate: ‘v8::MaybeLocal<v8::Value> v8::Object::Get(v8::Local<v8::Context>, v8::Local<v8::Value>)’
  292 |   V8_WARN_UNUSED_RESULT MaybeLocal<Value> Get(Local<Context> context,
      |                                           ^~~
/usr/include/nodejs/deps/v8/include/v8-object.h:292:43: note:   candidate expects 2 arguments, 1 provided
/usr/include/nodejs/deps/v8/include/v8-object.h:295:43: note: candidate: ‘v8::MaybeLocal<v8::Value> v8::Object::Get(v8::Local<v8::Context>, uint32_t)’
  295 |   V8_WARN_UNUSED_RESULT MaybeLocal<Value> Get(Local<Context> context,
      |                                           ^~~
/usr/include/nodejs/deps/v8/include/v8-object.h:295:43: note:   candidate expects 2 arguments, 1 provided
../ext/bson.cc:466:67: error: no matching function for call to ‘v8::Function::NewInstance(int, v8::Local<v8::Value> [1])’
  466 |                 return NanNew(bson->dbrefConstructor)->NewInstance(3, argv);
      |                        ~~~~~~~~~~~~~~~~~~~~~~~~~~~~~~~~~~~~~~~~~~~^~~~~~~~~
/usr/include/nodejs/deps/v8/include/v8-function.h:38:44: note: candidate: ‘v8::MaybeLocal<v8::Object> v8::Function::NewInstance(v8::Local<v8::Context>, int, v8::Local<v8::Value>*) const’
   38 |   V8_WARN_UNUSED_RESULT MaybeLocal<Object> NewInstance(
      |                                            ^~~~~~~~~~~
/usr/include/nodejs/deps/v8/include/v8-function.h:38:44: note:   candidate expects 3 arguments, 2 provided
/usr/include/nodejs/deps/v8/include/v8-function.h:41:44: note: candidate: ‘v8::MaybeLocal<v8::Object> v8::Function::NewInstance(v8::Local<v8::Context>) const’
   41 |   V8_WARN_UNUSED_RESULT MaybeLocal<Object> NewInstance(
      |                                            ^~~~~~~~~~~
/usr/include/nodejs/deps/v8/include/v8-function.h:41:44: note:   candidate expects 1 argument, 2 provided
../ext/bson.cc: In member function ‘v8::Handle<v8::Value> BSONDeserializer::DeserializeArrayInternal(bool)’:
../ext/bson.cc:492:33: error: no matching function for call to ‘v8::Array::Set(uint32_t&, v8::Handle<v8::Value>&)’
  492 |                 returnArray->Set(index, value);
      |                 ~~~~~~~~~~~~~~~~^~~~~~~~~~~~~~
/usr/include/nodejs/deps/v8/include/v8-object.h:246:37: note: candidate: ‘v8::Maybe<bool> v8::Object::Set(v8::Local<v8::Context>, v8::Local<v8::Value>, v8::Local<v8::Value>)’
  246 |   V8_WARN_UNUSED_RESULT Maybe<bool> Set(Local<Context> context,
      |                                     ^~~
/usr/include/nodejs/deps/v8/include/v8-object.h:246:37: note:   candidate expects 3 arguments, 2 provided
/usr/include/nodejs/deps/v8/include/v8-object.h:249:37: note: candidate: ‘v8::Maybe<bool> v8::Object::Set(v8::Local<v8::Context>, uint32_t, v8::Local<v8::Value>)’
  249 |   V8_WARN_UNUSED_RESULT Maybe<bool> Set(Local<Context> context, uint32_t index,
      |                                     ^~~
/usr/include/nodejs/deps/v8/include/v8-object.h:249:37: note:   candidate expects 3 arguments, 2 provided
../ext/bson.cc: In member function ‘v8::Handle<v8::Value> BSONDeserializer::DeserializeValue(BsonType, bool)’:
../ext/bson.cc:523:79: error: no matching function for call to ‘v8::Function::NewInstance(int, v8::Local<v8::Value> [2])’
  523 |                         return NanNew(bson->timestampConstructor)->NewInstance(2, argv);
      |                                ~~~~~~~~~~~~~~~~~~~~~~~~~~~~~~~~~~~~~~~~~~~~~~~^~~~~~~~~
/usr/include/nodejs/deps/v8/include/v8-function.h:38:44: note: candidate: ‘v8::MaybeLocal<v8::Object> v8::Function::NewInstance(v8::Local<v8::Context>, int, v8::Local<v8::Value>*) const’
   38 |   V8_WARN_UNUSED_RESULT MaybeLocal<Object> NewInstance(
      |                                            ^~~~~~~~~~~
/usr/include/nodejs/deps/v8/include/v8-function.h:38:44: note:   candidate expects 3 arguments, 2 provided
/usr/include/nodejs/deps/v8/include/v8-function.h:41:44: note: candidate: ‘v8::MaybeLocal<v8::Object> v8::Function::NewInstance(v8::Local<v8::Context>) const’
   41 |   V8_WARN_UNUSED_RESULT MaybeLocal<Object> NewInstance(
      |                                            ^~~~~~~~~~~
/usr/include/nodejs/deps/v8/include/v8-function.h:41:44: note:   candidate expects 1 argument, 2 provided
../ext/bson.cc:534:62: error: no matching function for call to ‘v8::Value::ToString()’
  534 |                         return NanNew<RegExp>(regex->ToString(), (RegExp::Flags) options);
      |                                               ~~~~~~~~~~~~~~~^~
/usr/include/nodejs/deps/v8/include/v8-value.h:370:44: note: candidate: ‘v8::MaybeLocal<v8::String> v8::Value::ToString(v8::Local<v8::Context>) const’
  370 |   V8_WARN_UNUSED_RESULT MaybeLocal<String> ToString(
      |                                            ^~~~~~~~
/usr/include/nodejs/deps/v8/include/v8-value.h:370:44: note:   candidate expects 1 argument, 0 provided
../ext/bson.cc:542:74: error: no matching function for call to ‘v8::Function::NewInstance(int, v8::Local<v8::Value> [2])’
  542 |                         return NanNew(bson->codeConstructor)->NewInstance(2, argv);
      |                                ~~~~~~~~~~~~~~~~~~~~~~~~~~~~~~~~~~~~~~~~~~^~~~~~~~~
/usr/include/nodejs/deps/v8/include/v8-function.h:38:44: note: candidate: ‘v8::MaybeLocal<v8::Object> v8::Function::NewInstance(v8::Local<v8::Context>, int, v8::Local<v8::Value>*) const’
   38 |   V8_WARN_UNUSED_RESULT MaybeLocal<Object> NewInstance(
      |                                            ^~~~~~~~~~~
/usr/include/nodejs/deps/v8/include/v8-function.h:38:44: note:   candidate expects 3 arguments, 2 provided
/usr/include/nodejs/deps/v8/include/v8-function.h:41:44: note: candidate: ‘v8::MaybeLocal<v8::Object> v8::Function::NewInstance(v8::Local<v8::Context>) const’
   41 |   V8_WARN_UNUSED_RESULT MaybeLocal<Object> NewInstance(
      |                                            ^~~~~~~~~~~
/usr/include/nodejs/deps/v8/include/v8-function.h:41:44: note:   candidate expects 1 argument, 2 provided
../ext/bson.cc:550:70: error: no matching function for call to ‘v8::Value::ToObject()’
  550 |                         Local<Value> argv[] = { code, scope->ToObject() };
      |                                                       ~~~~~~~~~~~~~~~^~
/usr/include/nodejs/deps/v8/include/v8-value.h:382:44: note: candidate: ‘v8::MaybeLocal<v8::Object> v8::Value::ToObject(v8::Local<v8::Context>) const’
  382 |   V8_WARN_UNUSED_RESULT MaybeLocal<Object> ToObject(
      |                                            ^~~~~~~~
/usr/include/nodejs/deps/v8/include/v8-value.h:382:44: note:   candidate expects 1 argument, 0 provided
../ext/bson.cc:551:74: error: no matching function for call to ‘v8::Function::NewInstance(int, v8::Local<v8::Value> [1])’
  551 |                         return NanNew(bson->codeConstructor)->NewInstance(2, argv);
      |                                ~~~~~~~~~~~~~~~~~~~~~~~~~~~~~~~~~~~~~~~~~~^~~~~~~~~
/usr/include/nodejs/deps/v8/include/v8-function.h:38:44: note: candidate: ‘v8::MaybeLocal<v8::Object> v8::Function::NewInstance(v8::Local<v8::Context>, int, v8::Local<v8::Value>*) const’
   38 |   V8_WARN_UNUSED_RESULT MaybeLocal<Object> NewInstance(
      |                                            ^~~~~~~~~~~
/usr/include/nodejs/deps/v8/include/v8-function.h:38:44: note:   candidate expects 3 arguments, 2 provided
/usr/include/nodejs/deps/v8/include/v8-function.h:41:44: note: candidate: ‘v8::MaybeLocal<v8::Object> v8::Function::NewInstance(v8::Local<v8::Context>) const’
   41 |   V8_WARN_UNUSED_RESULT MaybeLocal<Object> NewInstance(
      |                                            ^~~~~~~~~~~
/usr/include/nodejs/deps/v8/include/v8-function.h:41:44: note:   candidate expects 1 argument, 2 provided
../ext/bson.cc:557:78: error: no matching function for call to ‘v8::Function::NewInstance(int, v8::Local<v8::Value> [1])’
  557 |                         return NanNew(bson->objectIDConstructor)->NewInstance(1, argv);
      |                                ~~~~~~~~~~~~~~~~~~~~~~~~~~~~~~~~~~~~~~~~~~~~~~^~~~~~~~~
/usr/include/nodejs/deps/v8/include/v8-function.h:38:44: note: candidate: ‘v8::MaybeLocal<v8::Object> v8::Function::NewInstance(v8::Local<v8::Context>, int, v8::Local<v8::Value>*) const’
   38 |   V8_WARN_UNUSED_RESULT MaybeLocal<Object> NewInstance(
      |                                            ^~~~~~~~~~~
/usr/include/nodejs/deps/v8/include/v8-function.h:38:44: note:   candidate expects 3 arguments, 2 provided
/usr/include/nodejs/deps/v8/include/v8-function.h:41:44: note: candidate: ‘v8::MaybeLocal<v8::Object> v8::Function::NewInstance(v8::Local<v8::Context>) const’
   41 |   V8_WARN_UNUSED_RESULT MaybeLocal<Object> NewInstance(
      |                                            ^~~~~~~~~~~
/usr/include/nodejs/deps/v8/include/v8-function.h:41:44: note:   candidate expects 1 argument, 2 provided
../ext/bson.cc:572:76: error: no matching function for call to ‘v8::Function::NewInstance(int, v8::Handle<v8::Value> [2])’
  572 |                         return NanNew(bson->binaryConstructor)->NewInstance(2, argv);
      |                                ~~~~~~~~~~~~~~~~~~~~~~~~~~~~~~~~~~~~~~~~~~~~^~~~~~~~~
/usr/include/nodejs/deps/v8/include/v8-function.h:38:44: note: candidate: ‘v8::MaybeLocal<v8::Object> v8::Function::NewInstance(v8::Local<v8::Context>, int, v8::Local<v8::Value>*) const’
   38 |   V8_WARN_UNUSED_RESULT MaybeLocal<Object> NewInstance(
      |                                            ^~~~~~~~~~~
/usr/include/nodejs/deps/v8/include/v8-function.h:38:44: note:   candidate expects 3 arguments, 2 provided
/usr/include/nodejs/deps/v8/include/v8-function.h:41:44: note: candidate: ‘v8::MaybeLocal<v8::Object> v8::Function::NewInstance(v8::Local<v8::Context>) const’
   41 |   V8_WARN_UNUSED_RESULT MaybeLocal<Object> NewInstance(
      |                                            ^~~~~~~~~~~
/usr/include/nodejs/deps/v8/include/v8-function.h:41:44: note:   candidate expects 1 argument, 2 provided
../ext/bson.cc:595:74: error: no matching function for call to ‘v8::Function::NewInstance(int, v8::Local<v8::Value> [2])’
  595 |                         return NanNew(bson->longConstructor)->NewInstance(2, argv);
      |                                ~~~~~~~~~~~~~~~~~~~~~~~~~~~~~~~~~~~~~~~~~~^~~~~~~~~
/usr/include/nodejs/deps/v8/include/v8-function.h:38:44: note: candidate: ‘v8::MaybeLocal<v8::Object> v8::Function::NewInstance(v8::Local<v8::Context>, int, v8::Local<v8::Value>*) const’
   38 |   V8_WARN_UNUSED_RESULT MaybeLocal<Object> NewInstance(
      |                                            ^~~~~~~~~~~
/usr/include/nodejs/deps/v8/include/v8-function.h:38:44: note:   candidate expects 3 arguments, 2 provided
/usr/include/nodejs/deps/v8/include/v8-function.h:41:44: note: candidate: ‘v8::MaybeLocal<v8::Object> v8::Function::NewInstance(v8::Local<v8::Context>) const’
   41 |   V8_WARN_UNUSED_RESULT MaybeLocal<Object> NewInstance(
      |                                            ^~~~~~~~~~~
/usr/include/nodejs/deps/v8/include/v8-function.h:41:44: note:   candidate expects 1 argument, 2 provided
../ext/bson.cc:611:76: error: no matching function for call to ‘v8::Function::NewInstance(int, v8::Local<v8::Value> [1])’
  611 |                         return NanNew(bson->symbolConstructor)->NewInstance(1, argv);
      |                                ~~~~~~~~~~~~~~~~~~~~~~~~~~~~~~~~~~~~~~~~~~~~^~~~~~~~~
/usr/include/nodejs/deps/v8/include/v8-function.h:38:44: note: candidate: ‘v8::MaybeLocal<v8::Object> v8::Function::NewInstance(v8::Local<v8::Context>, int, v8::Local<v8::Value>*) const’
   38 |   V8_WARN_UNUSED_RESULT MaybeLocal<Object> NewInstance(
      |                                            ^~~~~~~~~~~
/usr/include/nodejs/deps/v8/include/v8-function.h:38:44: note:   candidate expects 3 arguments, 2 provided
/usr/include/nodejs/deps/v8/include/v8-function.h:41:44: note: candidate: ‘v8::MaybeLocal<v8::Object> v8::Function::NewInstance(v8::Local<v8::Context>) const’
   41 |   V8_WARN_UNUSED_RESULT MaybeLocal<Object> NewInstance(
      |                                            ^~~~~~~~~~~
/usr/include/nodejs/deps/v8/include/v8-function.h:41:44: note:   candidate expects 1 argument, 2 provided
../ext/bson.cc:615:68: error: no matching function for call to ‘v8::Function::NewInstance()’
  615 |                 return NanNew(bson->minKeyConstructor)->NewInstance();
      |                        ~~~~~~~~~~~~~~~~~~~~~~~~~~~~~~~~~~~~~~~~~~~~^~
/usr/include/nodejs/deps/v8/include/v8-function.h:38:44: note: candidate: ‘v8::MaybeLocal<v8::Object> v8::Function::NewInstance(v8::Local<v8::Context>, int, v8::Local<v8::Value>*) const’
   38 |   V8_WARN_UNUSED_RESULT MaybeLocal<Object> NewInstance(
      |                                            ^~~~~~~~~~~
/usr/include/nodejs/deps/v8/include/v8-function.h:38:44: note:   candidate expects 3 arguments, 0 provided
/usr/include/nodejs/deps/v8/include/v8-function.h:41:44: note: candidate: ‘v8::MaybeLocal<v8::Object> v8::Function::NewInstance(v8::Local<v8::Context>) const’
   41 |   V8_WARN_UNUSED_RESULT MaybeLocal<Object> NewInstance(
      |                                            ^~~~~~~~~~~
/usr/include/nodejs/deps/v8/include/v8-function.h:41:44: note:   candidate expects 1 argument, 0 provided
../ext/bson.cc:618:68: error: no matching function for call to ‘v8::Function::NewInstance()’
  618 |                 return NanNew(bson->maxKeyConstructor)->NewInstance();
      |                        ~~~~~~~~~~~~~~~~~~~~~~~~~~~~~~~~~~~~~~~~~~~~^~
/usr/include/nodejs/deps/v8/include/v8-function.h:38:44: note: candidate: ‘v8::MaybeLocal<v8::Object> v8::Function::NewInstance(v8::Local<v8::Context>, int, v8::Local<v8::Value>*) const’
   38 |   V8_WARN_UNUSED_RESULT MaybeLocal<Object> NewInstance(
      |                                            ^~~~~~~~~~~
/usr/include/nodejs/deps/v8/include/v8-function.h:38:44: note:   candidate expects 3 arguments, 0 provided
/usr/include/nodejs/deps/v8/include/v8-function.h:41:44: note: candidate: ‘v8::MaybeLocal<v8::Object> v8::Function::NewInstance(v8::Local<v8::Context>) const’
   41 |   V8_WARN_UNUSED_RESULT MaybeLocal<Object> NewInstance(
      |                                            ^~~~~~~~~~~
/usr/include/nodejs/deps/v8/include/v8-function.h:41:44: note:   candidate expects 1 argument, 0 provided
../ext/bson.cc: In static member function ‘static void BSON::Initialize(v8::Handle<v8::Object>)’:
../ext/bson.cc:681:17: error: ‘class v8::Object’ has no member named ‘ForceSet’
  681 |         target->ForceSet(NanNew<String>("BSON"), t->GetFunction());
      |                 ^~~~~~~~
../ext/bson.cc:681:64: error: no matching function for call to ‘v8::FunctionTemplate::GetFunction()’
  681 |         target->ForceSet(NanNew<String>("BSON"), t->GetFunction());
      |                                                  ~~~~~~~~~~~~~~^~
/usr/include/nodejs/deps/v8/include/v8-template.h:497:46: note: candidate: ‘v8::MaybeLocal<v8::Function> v8::FunctionTemplate::GetFunction(v8::Local<v8::Context>)’
  497 |   V8_WARN_UNUSED_RESULT MaybeLocal<Function> GetFunction(
      |                                              ^~~~~~~~~~~
/usr/include/nodejs/deps/v8/include/v8-template.h:497:46: note:   candidate expects 1 argument, 0 provided
../ext/bson.cc: In static member function ‘static void BSON::New(const v8::FunctionCallbackInfo<v8::Value>&)’:
../ext/bson.cc:705:88: error: no matching function for call to ‘v8::Array::Get(uint32_t&)’
  705 |                                 Local<Function> func = Local<Function>::Cast(array->Get(i));
      |                                                                              ~~~~~~~~~~^~~
/usr/include/nodejs/deps/v8/include/v8-object.h:292:43: note: candidate: ‘v8::MaybeLocal<v8::Value> v8::Object::Get(v8::Local<v8::Context>, v8::Local<v8::Value>)’
  292 |   V8_WARN_UNUSED_RESULT MaybeLocal<Value> Get(Local<Context> context,
      |                                           ^~~
/usr/include/nodejs/deps/v8/include/v8-object.h:292:43: note:   candidate expects 2 arguments, 1 provided
/usr/include/nodejs/deps/v8/include/v8-object.h:295:43: note: candidate: ‘v8::MaybeLocal<v8::Value> v8::Object::Get(v8::Local<v8::Context>, uint32_t)’
  295 |   V8_WARN_UNUSED_RESULT MaybeLocal<Value> Get(Local<Context> context,
      |                                           ^~~
/usr/include/nodejs/deps/v8/include/v8-object.h:295:43: note:   candidate expects 2 arguments, 1 provided
../ext/bson.cc:706:87: error: no matching function for call to ‘v8::Value::ToString()’
  706 |                                 Local<String> functionName = func->GetName()->ToString();
      |                                                              ~~~~~~~~~~~~~~~~~~~~~~~~~^~
/usr/include/nodejs/deps/v8/include/v8-value.h:370:44: note: candidate: ‘v8::MaybeLocal<v8::String> v8::Value::ToString(v8::Local<v8::Context>) const’
  370 |   V8_WARN_UNUSED_RESULT MaybeLocal<String> ToString(
      |                                            ^~~~~~~~
/usr/include/nodejs/deps/v8/include/v8-value.h:370:44: note:   candidate expects 1 argument, 0 provided
../ext/bson.cc: In static member function ‘static void BSON::BSONDeserialize(const v8::FunctionCallbackInfo<v8::Value>&)’:
../ext/bson.cc:780:58: error: no matching function for call to ‘v8::Value::ToObject()’
  780 |                 Local<Object> options = args[1]->ToObject();
      |                                         ~~~~~~~~~~~~~~~~~^~
/usr/include/nodejs/deps/v8/include/v8-value.h:382:44: note: candidate: ‘v8::MaybeLocal<v8::Object> v8::Value::ToObject(v8::Local<v8::Context>) const’
  382 |   V8_WARN_UNUSED_RESULT MaybeLocal<Object> ToObject(
      |                                            ^~~~~~~~
/usr/include/nodejs/deps/v8/include/v8-value.h:382:44: note:   candidate expects 1 argument, 0 provided
../ext/bson.cc:782:32: error: no matching function for call to ‘v8::Object::Has(NanIntern::FactoryBase<v8::String>::return_t)’
  782 |                 if(options->Has(NanNew<String>("promoteLongs"))) {
      |                    ~~~~~~~~~~~~^~~~~~~~~~~~~~~~~~~~~~~~~~~~~~~~
/usr/include/nodejs/deps/v8/include/v8-object.h:327:37: note: candidate: ‘v8::Maybe<bool> v8::Object::Has(v8::Local<v8::Context>, v8::Local<v8::Value>)’
  327 |   V8_WARN_UNUSED_RESULT Maybe<bool> Has(Local<Context> context,
      |                                     ^~~
/usr/include/nodejs/deps/v8/include/v8-object.h:327:37: note:   candidate expects 2 arguments, 1 provided
/usr/include/nodejs/deps/v8/include/v8-object.h:333:37: note: candidate: ‘v8::Maybe<bool> v8::Object::Has(v8::Local<v8::Context>, uint32_t)’
  333 |   V8_WARN_UNUSED_RESULT Maybe<bool> Has(Local<Context> context, uint32_t index);
      |                                     ^~~
/usr/include/nodejs/deps/v8/include/v8-object.h:333:37: note:   candidate expects 2 arguments, 1 provided
../ext/bson.cc:783:52: error: no matching function for call to ‘v8::Object::Get(NanIntern::FactoryBase<v8::String>::return_t)’
  783 |                         promoteLongs = options->Get(NanNew<String>("promoteLongs"))->ToBoolean()->Value();
      |                                        ~~~~~~~~~~~~^~~~~~~~~~~~~~~~~~~~~~~~~~~~~~~~
/usr/include/nodejs/deps/v8/include/v8-object.h:292:43: note: candidate: ‘v8::MaybeLocal<v8::Value> v8::Object::Get(v8::Local<v8::Context>, v8::Local<v8::Value>)’
  292 |   V8_WARN_UNUSED_RESULT MaybeLocal<Value> Get(Local<Context> context,
      |                                           ^~~
/usr/include/nodejs/deps/v8/include/v8-object.h:292:43: note:   candidate expects 2 arguments, 1 provided
/usr/include/nodejs/deps/v8/include/v8-object.h:295:43: note: candidate: ‘v8::MaybeLocal<v8::Value> v8::Object::Get(v8::Local<v8::Context>, uint32_t)’
  295 |   V8_WARN_UNUSED_RESULT MaybeLocal<Value> Get(Local<Context> context,
      |                                           ^~~
/usr/include/nodejs/deps/v8/include/v8-object.h:295:43: note:   candidate expects 2 arguments, 1 provided
../ext/bson.cc:788:46: error: no matching function for call to ‘v8::Value::ToObject()’
  788 |         Local<Object> obj = args[0]->ToObject();
      |                             ~~~~~~~~~~~~~~~~~^~
/usr/include/nodejs/deps/v8/include/v8-value.h:382:44: note: candidate: ‘v8::MaybeLocal<v8::Object> v8::Value::ToObject(v8::Local<v8::Context>) const’
  382 |   V8_WARN_UNUSED_RESULT MaybeLocal<Object> ToObject(
      |                                            ^~~~~~~~
/usr/include/nodejs/deps/v8/include/v8-value.h:382:44: note:   candidate expects 1 argument, 0 provided
../ext/bson.cc:825:49: error: cannot convert ‘v8::Local<v8::Value>’ to ‘v8::Isolate*’
  825 |                 ssize_t len = DecodeBytes(args[0], BINARY);
      |                                           ~~~~~~^
      |                                                 |
      |                                                 v8::Local<v8::Value>
/usr/include/nodejs/src/node.h:1141:46: note:   initializing argument 1 of ‘ssize_t node::DecodeBytes(v8::Isolate*, v8::Local<v8::Value>, encoding)’
 1141 | NODE_EXTERN ssize_t DecodeBytes(v8::Isolate* isolate,
      |                                 ~~~~~~~~~~~~~^~~~~~~
../ext/bson.cc:833:29: error: cannot convert ‘char*’ to ‘v8::Isolate*’
  833 |                 DecodeWrite(data, len, args[0], BINARY);
      |                             ^~~~
      |                             |
      |                             char*
/usr/include/nodejs/src/node.h:1145:46: note:   initializing argument 1 of ‘ssize_t node::DecodeWrite(v8::Isolate*, char*, size_t, v8::Local<v8::Value>, encoding)’
 1145 | NODE_EXTERN ssize_t DecodeWrite(v8::Isolate* isolate,
      |                                 ~~~~~~~~~~~~~^~~~~~~
../ext/bson.cc: In member function ‘v8::Local<v8::Object> BSON::GetSerializeObject(v8::Handle<v8::Value>&)’:
../ext/bson.cc:856:50: error: no matching function for call to ‘v8::Value::ToObject()’
  856 |         Local<Object> object = argValue->ToObject();
      |                                ~~~~~~~~~~~~~~~~~~^~
/usr/include/nodejs/deps/v8/include/v8-value.h:382:44: note: candidate: ‘v8::MaybeLocal<v8::Object> v8::Value::ToObject(v8::Local<v8::Context>) const’
  382 |   V8_WARN_UNUSED_RESULT MaybeLocal<Object> ToObject(
      |                                            ^~~~~~~~
/usr/include/nodejs/deps/v8/include/v8-value.h:382:44: note:   candidate expects 1 argument, 0 provided
../ext/bson.cc:857:23: error: no matching function for call to ‘v8::Object::Has(v8::Local<v8::String>)’
  857 |         if(object->Has(NanNew(_toBSONString)))
      |            ~~~~~~~~~~~^~~~~~~~~~~~~~~~~~~~~~~
/usr/include/nodejs/deps/v8/include/v8-object.h:327:37: note: candidate: ‘v8::Maybe<bool> v8::Object::Has(v8::Local<v8::Context>, v8::Local<v8::Value>)’
  327 |   V8_WARN_UNUSED_RESULT Maybe<bool> Has(Local<Context> context,
      |                                     ^~~
/usr/include/nodejs/deps/v8/include/v8-object.h:327:37: note:   candidate expects 2 arguments, 1 provided
/usr/include/nodejs/deps/v8/include/v8-object.h:333:37: note: candidate: ‘v8::Maybe<bool> v8::Object::Has(v8::Local<v8::Context>, uint32_t)’
  333 |   V8_WARN_UNUSED_RESULT Maybe<bool> Has(Local<Context> context, uint32_t index);
      |                                     ^~~
/usr/include/nodejs/deps/v8/include/v8-object.h:333:37: note:   candidate expects 2 arguments, 1 provided
../ext/bson.cc:859:57: error: no matching function for call to ‘v8::Object::Get(v8::Local<v8::String>)’
  859 |                 const Local<Value>& toBSON = object->Get(NanNew(_toBSONString));
      |                                              ~~~~~~~~~~~^~~~~~~~~~~~~~~~~~~~~~~
/usr/include/nodejs/deps/v8/include/v8-object.h:292:43: note: candidate: ‘v8::MaybeLocal<v8::Value> v8::Object::Get(v8::Local<v8::Context>, v8::Local<v8::Value>)’
  292 |   V8_WARN_UNUSED_RESULT MaybeLocal<Value> Get(Local<Context> context,
      |                                           ^~~
/usr/include/nodejs/deps/v8/include/v8-object.h:292:43: note:   candidate expects 2 arguments, 1 provided
/usr/include/nodejs/deps/v8/include/v8-object.h:295:43: note: candidate: ‘v8::MaybeLocal<v8::Value> v8::Object::Get(v8::Local<v8::Context>, uint32_t)’
  295 |   V8_WARN_UNUSED_RESULT MaybeLocal<Value> Get(Local<Context> context,
      |                                           ^~~
/usr/include/nodejs/deps/v8/include/v8-object.h:295:43: note:   candidate expects 2 arguments, 1 provided
../ext/bson.cc:862:74: error: no matching function for call to ‘v8::Function::Call(v8::Local<v8::Object>&, int, NULL)’
  862 |                 Local<Value> result = Local<Function>::Cast(toBSON)->Call(object, 0, NULL);
      |                                       ~~~~~~~~~~~~~~~~~~~~~~~~~~~~~~~~~~~^~~~~~~~~~~~~~~~~
/usr/include/nodejs/deps/v8/include/v8-function.h:55:43: note: candidate: ‘v8::MaybeLocal<v8::Value> v8::Function::Call(v8::Local<v8::Context>, v8::Local<v8::Value>, int, v8::Local<v8::Value>*)’
   55 |   V8_WARN_UNUSED_RESULT MaybeLocal<Value> Call(Local<Context> context,
      |                                           ^~~~
/usr/include/nodejs/deps/v8/include/v8-function.h:55:43: note:   candidate expects 4 arguments, 3 provided
../ext/bson.cc:864:40: error: no matching function for call to ‘v8::Value::ToObject()’
  864 |                 return result->ToObject();
      |                        ~~~~~~~~~~~~~~~~^~
/usr/include/nodejs/deps/v8/include/v8-value.h:382:44: note: candidate: ‘v8::MaybeLocal<v8::Object> v8::Value::ToObject(v8::Local<v8::Context>) const’
  382 |   V8_WARN_UNUSED_RESULT MaybeLocal<Object> ToObject(
      |                                            ^~~~~~~~
/usr/include/nodejs/deps/v8/include/v8-value.h:382:44: note:   candidate expects 1 argument, 0 provided
../ext/bson.cc: In static member function ‘static void BSON::BSONSerialize(const v8::FunctionCallbackInfo<v8::Value>&)’:
../ext/bson.cc:890:80: error: no matching function for call to ‘v8::Value::BooleanValue()’
  890 |         bool serializeFunctions = (args.Length() >= 4) && args[3]->BooleanValue();
      |                                                           ~~~~~~~~~~~~~~~~~~~~~^~
/usr/include/nodejs/deps/v8/include/v8-value.h:418:8: note: candidate: ‘bool v8::Value::BooleanValue(v8::Isolate*) const’
  418 |   bool BooleanValue(Isolate* isolate) const;
      |        ^~~~~~~~~~~~
/usr/include/nodejs/deps/v8/include/v8-value.h:418:8: note:   candidate expects 1 argument, 0 provided
../ext/bson.cc:907:101: error: no matching function for call to ‘v8::Value::BooleanValue()’
  907 |                 bool checkKeys = args.Length() >= 3 && args[1]->IsBoolean() && args[1]->BooleanValue();
      |                                                                                ~~~~~~~~~~~~~~~~~~~~~^~
/usr/include/nodejs/deps/v8/include/v8-value.h:418:8: note: candidate: ‘bool v8::Value::BooleanValue(v8::Isolate*) const’
  418 |   bool BooleanValue(Isolate* isolate) const;
      |        ^~~~~~~~~~~~
/usr/include/nodejs/deps/v8/include/v8-value.h:418:8: note:   candidate expects 1 argument, 0 provided
../ext/bson.cc:928:48: error: no matching function for call to ‘Encode(char*&, size_t&, node::encoding)’
  928 |                 Local<Value> bin_value = Encode(serialized_object, object_size, BINARY)->ToString();
      |                                          ~~~~~~^~~~~~~~~~~~~~~~~~~~~~~~~~~~~~~~~~~~~~~~
/usr/include/nodejs/src/node.h:1129:34: note: candidate: ‘v8::Local<v8::Value> node::Encode(v8::Isolate*, const char*, size_t, encoding)’
 1129 | NODE_EXTERN v8::Local<v8::Value> Encode(v8::Isolate* isolate,
      |                                  ^~~~~~
/usr/include/nodejs/src/node.h:1129:54: note:   no known conversion for argument 1 from ‘char*’ to ‘v8::Isolate*’
 1129 | NODE_EXTERN v8::Local<v8::Value> Encode(v8::Isolate* isolate,
      |                                         ~~~~~~~~~~~~~^~~~~~~
/usr/include/nodejs/src/node.h:1136:34: note: candidate: ‘v8::Local<v8::Value> node::Encode(v8::Isolate*, const uint16_t*, size_t)’
 1136 | NODE_EXTERN v8::Local<v8::Value> Encode(v8::Isolate* isolate,
      |                                  ^~~~~~
/usr/include/nodejs/src/node.h:1136:54: note:   no known conversion for argument 1 from ‘char*’ to ‘v8::Isolate*’
 1136 | NODE_EXTERN v8::Local<v8::Value> Encode(v8::Isolate* isolate,
      |                                         ~~~~~~~~~~~~~^~~~~~~
../ext/bson.cc: In static member function ‘static void BSON::CalculateObjectSize(const v8::FunctionCallbackInfo<v8::Value>&)’:
../ext/bson.cc:944:80: error: no matching function for call to ‘v8::Value::BooleanValue()’
  944 |         bool serializeFunctions = (args.Length() >= 2) && args[1]->BooleanValue();
      |                                                           ~~~~~~~~~~~~~~~~~~~~~^~
/usr/include/nodejs/deps/v8/include/v8-value.h:418:8: note: candidate: ‘bool v8::Value::BooleanValue(v8::Isolate*) const’
  418 |   bool BooleanValue(Isolate* isolate) const;
      |        ^~~~~~~~~~~~
/usr/include/nodejs/deps/v8/include/v8-value.h:418:8: note:   candidate expects 1 argument, 0 provided
../ext/bson.cc: In static member function ‘static void BSON::SerializeWithBufferAndIndex(const v8::FunctionCallbackInfo<v8::Value>&)’:
../ext/bson.cc:969:54: error: no matching function for call to ‘v8::Value::ToObject()’
  969 |                 Local<Object> obj = args[2]->ToObject();
      |                                     ~~~~~~~~~~~~~~~~~^~
/usr/include/nodejs/deps/v8/include/v8-value.h:382:44: note: candidate: ‘v8::MaybeLocal<v8::Object> v8::Value::ToObject(v8::Local<v8::Context>) const’
  382 |   V8_WARN_UNUSED_RESULT MaybeLocal<Object> ToObject(
      |                                            ^~~~~~~~
/usr/include/nodejs/deps/v8/include/v8-value.h:382:44: note:   candidate expects 1 argument, 0 provided
../ext/bson.cc:973:45: error: no matching function for call to ‘v8::Value::Uint32Value()’
  973 |                 index = args[3]->Uint32Value();
      |                         ~~~~~~~~~~~~~~~~~~~~^~
/usr/include/nodejs/deps/v8/include/v8-value.h:426:41: note: candidate: ‘v8::Maybe<unsigned int> v8::Value::Uint32Value(v8::Local<v8::Context>) const’
  426 |   V8_WARN_UNUSED_RESULT Maybe<uint32_t> Uint32Value(
      |                                         ^~~~~~~~~~~
/usr/include/nodejs/deps/v8/include/v8-value.h:426:41: note:   candidate expects 1 argument, 0 provided
../ext/bson.cc:974:101: error: no matching function for call to ‘v8::Value::BooleanValue()’
  974 |                 bool checkKeys = args.Length() >= 4 && args[1]->IsBoolean() && args[1]->BooleanValue();
      |                                                                                ~~~~~~~~~~~~~~~~~~~~~^~
/usr/include/nodejs/deps/v8/include/v8-value.h:418:8: note: candidate: ‘bool v8::Value::BooleanValue(v8::Isolate*) const’
  418 |   bool BooleanValue(Isolate* isolate) const;
      |        ^~~~~~~~~~~~
/usr/include/nodejs/deps/v8/include/v8-value.h:418:8: note:   candidate expects 1 argument, 0 provided
../ext/bson.cc:975:88: error: no matching function for call to ‘v8::Value::BooleanValue()’
  975 |                 bool serializeFunctions = (args.Length() == 5) && args[4]->BooleanValue();
      |                                                                   ~~~~~~~~~~~~~~~~~~~~~^~
/usr/include/nodejs/deps/v8/include/v8-value.h:418:8: note: candidate: ‘bool v8::Value::BooleanValue(v8::Isolate*) const’
  418 |   bool BooleanValue(Isolate* isolate) const;
      |        ^~~~~~~~~~~~
/usr/include/nodejs/deps/v8/include/v8-value.h:418:8: note:   candidate expects 1 argument, 0 provided
../ext/bson.cc: In static member function ‘static void BSON::BSONDeserializeStream(const v8::FunctionCallbackInfo<v8::Value>&)’:
../ext/bson.cc:1014:46: error: no matching function for call to ‘v8::Value::ToObject()’
 1014 |         Local<Object> obj = args[0]->ToObject();
      |                             ~~~~~~~~~~~~~~~~~^~
/usr/include/nodejs/deps/v8/include/v8-value.h:382:44: note: candidate: ‘v8::MaybeLocal<v8::Object> v8::Value::ToObject(v8::Local<v8::Context>) const’
  382 |   V8_WARN_UNUSED_RESULT MaybeLocal<Object> ToObject(
      |                                            ^~~~~~~~
/usr/include/nodejs/deps/v8/include/v8-value.h:382:44: note:   candidate expects 1 argument, 0 provided
../ext/bson.cc:1015:58: error: no matching function for call to ‘v8::Value::Uint32Value()’
 1015 |         uint32_t numberOfDocuments = args[2]->Uint32Value();
      |                                      ~~~~~~~~~~~~~~~~~~~~^~
/usr/include/nodejs/deps/v8/include/v8-value.h:426:41: note: candidate: ‘v8::Maybe<unsigned int> v8::Value::Uint32Value(v8::Local<v8::Context>) const’
  426 |   V8_WARN_UNUSED_RESULT Maybe<uint32_t> Uint32Value(
      |                                         ^~~~~~~~~~~
/usr/include/nodejs/deps/v8/include/v8-value.h:426:41: note:   candidate expects 1 argument, 0 provided
../ext/bson.cc:1016:46: error: no matching function for call to ‘v8::Value::Uint32Value()’
 1016 |         uint32_t index = args[1]->Uint32Value();
      |                          ~~~~~~~~~~~~~~~~~~~~^~
/usr/include/nodejs/deps/v8/include/v8-value.h:426:41: note: candidate: ‘v8::Maybe<unsigned int> v8::Value::Uint32Value(v8::Local<v8::Context>) const’
  426 |   V8_WARN_UNUSED_RESULT Maybe<uint32_t> Uint32Value(
      |                                         ^~~~~~~~~~~
/usr/include/nodejs/deps/v8/include/v8-value.h:426:41: note:   candidate expects 1 argument, 0 provided
../ext/bson.cc:1017:52: error: no matching function for call to ‘v8::Value::Uint32Value()’
 1017 |         uint32_t resultIndex = args[4]->Uint32Value();
      |                                ~~~~~~~~~~~~~~~~~~~~^~
/usr/include/nodejs/deps/v8/include/v8-value.h:426:41: note: candidate: ‘v8::Maybe<unsigned int> v8::Value::Uint32Value(v8::Local<v8::Context>) const’
  426 |   V8_WARN_UNUSED_RESULT Maybe<uint32_t> Uint32Value(
      |                                         ^~~~~~~~~~~
/usr/include/nodejs/deps/v8/include/v8-value.h:426:41: note:   candidate expects 1 argument, 0 provided
../ext/bson.cc:1022:58: error: no matching function for call to ‘v8::Value::ToObject()’
 1022 |                 Local<Object> options = args[5]->ToObject();
      |                                         ~~~~~~~~~~~~~~~~~^~
/usr/include/nodejs/deps/v8/include/v8-value.h:382:44: note: candidate: ‘v8::MaybeLocal<v8::Object> v8::Value::ToObject(v8::Local<v8::Context>) const’
  382 |   V8_WARN_UNUSED_RESULT MaybeLocal<Object> ToObject(
      |                                            ^~~~~~~~
/usr/include/nodejs/deps/v8/include/v8-value.h:382:44: note:   candidate expects 1 argument, 0 provided
../ext/bson.cc:1025:32: error: no matching function for call to ‘v8::Object::Has(NanIntern::FactoryBase<v8::String>::return_t)’
 1025 |                 if(options->Has(NanNew<String>("promoteLongs"))) {
      |                    ~~~~~~~~~~~~^~~~~~~~~~~~~~~~~~~~~~~~~~~~~~~~
/usr/include/nodejs/deps/v8/include/v8-object.h:327:37: note: candidate: ‘v8::Maybe<bool> v8::Object::Has(v8::Local<v8::Context>, v8::Local<v8::Value>)’
  327 |   V8_WARN_UNUSED_RESULT Maybe<bool> Has(Local<Context> context,
      |                                     ^~~
/usr/include/nodejs/deps/v8/include/v8-object.h:327:37: note:   candidate expects 2 arguments, 1 provided
/usr/include/nodejs/deps/v8/include/v8-object.h:333:37: note: candidate: ‘v8::Maybe<bool> v8::Object::Has(v8::Local<v8::Context>, uint32_t)’
  333 |   V8_WARN_UNUSED_RESULT Maybe<bool> Has(Local<Context> context, uint32_t index);
      |                                     ^~~
/usr/include/nodejs/deps/v8/include/v8-object.h:333:37: note:   candidate expects 2 arguments, 1 provided
../ext/bson.cc:1026:52: error: no matching function for call to ‘v8::Object::Get(NanIntern::FactoryBase<v8::String>::return_t)’
 1026 |                         promoteLongs = options->Get(NanNew<String>("promoteLongs"))->ToBoolean()->Value();
      |                                        ~~~~~~~~~~~~^~~~~~~~~~~~~~~~~~~~~~~~~~~~~~~~
/usr/include/nodejs/deps/v8/include/v8-object.h:292:43: note: candidate: ‘v8::MaybeLocal<v8::Value> v8::Object::Get(v8::Local<v8::Context>, v8::Local<v8::Value>)’
  292 |   V8_WARN_UNUSED_RESULT MaybeLocal<Value> Get(Local<Context> context,
      |                                           ^~~
/usr/include/nodejs/deps/v8/include/v8-object.h:292:43: note:   candidate expects 2 arguments, 1 provided
/usr/include/nodejs/deps/v8/include/v8-object.h:295:43: note: candidate: ‘v8::MaybeLocal<v8::Value> v8::Object::Get(v8::Local<v8::Context>, uint32_t)’
  295 |   V8_WARN_UNUSED_RESULT MaybeLocal<Value> Get(Local<Context> context,
      |                                           ^~~
/usr/include/nodejs/deps/v8/include/v8-object.h:295:43: note:   candidate expects 2 arguments, 1 provided
../ext/bson.cc:1044:52: error: no matching function for call to ‘v8::Value::ToObject()’
 1044 |         Local<Object> documents = args[3]->ToObject();
      |                                   ~~~~~~~~~~~~~~~~~^~
/usr/include/nodejs/deps/v8/include/v8-value.h:382:44: note: candidate: ‘v8::MaybeLocal<v8::Object> v8::Value::ToObject(v8::Local<v8::Context>) const’
  382 |   V8_WARN_UNUSED_RESULT MaybeLocal<Object> ToObject(
      |                                            ^~~~~~~~
/usr/include/nodejs/deps/v8/include/v8-value.h:382:44: note:   candidate expects 1 argument, 0 provided
../ext/bson.cc:1051:39: error: no matching function for call to ‘v8::Object::Set(uint32_t, v8::Handle<v8::Value>)’
 1051 |                         documents->Set(i + resultIndex, deserializer.DeserializeDocument(promoteLongs));
      |                         ~~~~~~~~~~~~~~^~~~~~~~~~~~~~~~~~~~~~~~~~~~~~~~~~~~~~~~~~~~~~~~~~~~~~~~~~~~~~~~~
/usr/include/nodejs/deps/v8/include/v8-object.h:246:37: note: candidate: ‘v8::Maybe<bool> v8::Object::Set(v8::Local<v8::Context>, v8::Local<v8::Value>, v8::Local<v8::Value>)’
  246 |   V8_WARN_UNUSED_RESULT Maybe<bool> Set(Local<Context> context,
      |                                     ^~~
/usr/include/nodejs/deps/v8/include/v8-object.h:246:37: note:   candidate expects 3 arguments, 2 provided
/usr/include/nodejs/deps/v8/include/v8-object.h:249:37: note: candidate: ‘v8::Maybe<bool> v8::Object::Set(v8::Local<v8::Context>, uint32_t, v8::Local<v8::Value>)’
  249 |   V8_WARN_UNUSED_RESULT Maybe<bool> Set(Local<Context> context, uint32_t index,
      |                                     ^~~
/usr/include/nodejs/deps/v8/include/v8-object.h:249:37: note:   candidate expects 3 arguments, 2 provided
../ext/bson.cc: At global scope:
/usr/include/nodejs/src/node.h:1226:7: warning: cast between incompatible function types from ‘void (*)(v8::Handle<v8::Object>)’ {aka ‘void (*)(v8::Local<v8::Object>)’} to ‘node::addon_register_func’ {aka ‘void (*)(v8::Local<v8::Object>, v8::Local<v8::Value>, void*)’} [-Wcast-function-type]
 1226 |       (node::addon_register_func) (regfunc),                          \
      |       ^~~~~~~~~~~~~~~~~~~~~~~~~~~~~~~~~~~~~
/usr/include/nodejs/src/node.h:1260:3: note: in expansion of macro ‘NODE_MODULE_X’
 1260 |   NODE_MODULE_X(modname, regfunc, NULL, 0)  // NOLINT (readability/null_usage)
      |   ^~~~~~~~~~~~~
../ext/bson.cc:1072:1: note: in expansion of macro ‘NODE_MODULE’
 1072 | NODE_MODULE(bson, BSON::Initialize);
      | ^~~~~~~~~~~
../ext/bson.cc: In member function ‘v8::Handle<v8::Value> BSONDeserializer::DeserializeValue(BsonType, bool)’:
../ext/bson.cc:524:17: warning: this statement may fall through [-Wimplicit-fallthrough=]
  524 |                 }
      |                 ^
../ext/bson.cc:526:9: note: here
  526 |         case BSON_TYPE_BOOLEAN:
      |         ^~~~
../ext/bson.cc:535:17: warning: this statement may fall through [-Wimplicit-fallthrough=]
  535 |                 }
      |                 ^
../ext/bson.cc:537:9: note: here
  537 |         case BSON_TYPE_CODE:
      |         ^~~~
../ext/bson.cc:543:17: warning: this statement may fall through [-Wimplicit-fallthrough=]
  543 |                 }
      |                 ^
../ext/bson.cc:545:9: note: here
  545 |         case BSON_TYPE_CODE_W_SCOPE:
      |         ^~~~
../ext/bson.cc:552:17: warning: this statement may fall through [-Wimplicit-fallthrough=]
  552 |                 }
      |                 ^
../ext/bson.cc:554:9: note: here
  554 |         case BSON_TYPE_OID:
      |         ^~~~
../ext/bson.cc:558:17: warning: this statement may fall through [-Wimplicit-fallthrough=]
  558 |                 }
      |                 ^
../ext/bson.cc:560:9: note: here
  560 |         case BSON_TYPE_BINARY:
      |         ^~~~
../ext/bson.cc:573:17: warning: this statement may fall through [-Wimplicit-fallthrough=]
  573 |                 }
      |                 ^
../ext/bson.cc:575:9: note: here
  575 |         case BSON_TYPE_LONG:
      |         ^~~~
../ext/bson.cc:596:17: warning: this statement may fall through [-Wimplicit-fallthrough=]
  596 |                 }
      |                 ^
../ext/bson.cc:598:9: note: here
  598 |         case BSON_TYPE_DATE:
      |         ^~~~
../ext/bson.cc:612:17: warning: this statement may fall through [-Wimplicit-fallthrough=]
  612 |                 }
      |                 ^
../ext/bson.cc:614:9: note: here
  614 |         case BSON_TYPE_MIN_KEY:
      |         ^~~~
make: *** [bson.target.mk:104: Release/obj.target/bson/ext/bson.o] Error 1
gyp ERR! build error 
gyp ERR! stack Error: `make` failed with exit code: 2
gyp ERR! stack at ChildProcess.<anonymous> (/usr/share/nodejs/node-gyp/lib/build.js:216:23)
gyp ERR! System Linux 6.11.2-amd64
gyp ERR! command "/usr/bin/node" "/usr/share/nodejs/node-gyp/bin/node-gyp.js" "rebuild"
gyp ERR! cwd /home/kali/Travel-/node_modules/bson
gyp ERR! node -v v20.19.2
gyp ERR! node-gyp -v v11.1.0
gyp ERR! not ok 
